{"total": {"lines":{"total":1645,"covered":449,"skipped":0,"pct":27.29},"statements":{"total":1805,"covered":505,"skipped":0,"pct":27.97},"functions":{"total":673,"covered":133,"skipped":0,"pct":19.76},"branches":{"total":1521,"covered":334,"skipped":0,"pct":21.95},"branchesTrue":{"total":0,"covered":0,"skipped":0,"pct":100}}
,"/home/modesto/projects/meucontrole-ai/zara/zara-idp-webpage/src/app/providers.tsx": {"lines":{"total":3,"covered":0,"skipped":0,"pct":0},"functions":{"total":2,"covered":0,"skipped":0,"pct":0},"statements":{"total":3,"covered":0,"skipped":0,"pct":0},"branches":{"total":0,"covered":0,"skipped":0,"pct":100}}
,"/home/modesto/projects/meucontrole-ai/zara/zara-idp-webpage/src/app/store.ts": {"lines":{"total":3,"covered":0,"skipped":0,"pct":0},"functions":{"total":1,"covered":0,"skipped":0,"pct":0},"statements":{"total":3,"covered":0,"skipped":0,"pct":0},"branches":{"total":0,"covered":0,"skipped":0,"pct":100}}
,"/home/modesto/projects/meucontrole-ai/zara/zara-idp-webpage/src/app/guards/GuestRoute.tsx": {"lines":{"total":1,"covered":0,"skipped":0,"pct":0},"functions":{"total":1,"covered":0,"skipped":0,"pct":0},"statements":{"total":1,"covered":0,"skipped":0,"pct":0},"branches":{"total":0,"covered":0,"skipped":0,"pct":100}}
,"/home/modesto/projects/meucontrole-ai/zara/zara-idp-webpage/src/app/guards/ProtectedRoute.tsx": {"lines":{"total":1,"covered":0,"skipped":0,"pct":0},"functions":{"total":1,"covered":0,"skipped":0,"pct":0},"statements":{"total":1,"covered":0,"skipped":0,"pct":0},"branches":{"total":0,"covered":0,"skipped":0,"pct":100}}
,"/home/modesto/projects/meucontrole-ai/zara/zara-idp-webpage/src/features/analytics/components/ActivityBarChart.tsx": {"lines":{"total":5,"covered":0,"skipped":0,"pct":0},"functions":{"total":4,"covered":0,"skipped":0,"pct":0},"statements":{"total":7,"covered":0,"skipped":0,"pct":0},"branches":{"total":6,"covered":0,"skipped":0,"pct":0}}
,"/home/modesto/projects/meucontrole-ai/zara/zara-idp-webpage/src/features/analytics/components/AnalyticsFilters.tsx": {"lines":{"total":2,"covered":0,"skipped":0,"pct":0},"functions":{"total":2,"covered":0,"skipped":0,"pct":0},"statements":{"total":2,"covered":0,"skipped":0,"pct":0},"branches":{"total":0,"covered":0,"skipped":0,"pct":100}}
,"/home/modesto/projects/meucontrole-ai/zara/zara-idp-webpage/src/features/analytics/components/AnalyticsOverview.tsx": {"lines":{"total":1,"covered":0,"skipped":0,"pct":0},"functions":{"total":1,"covered":0,"skipped":0,"pct":0},"statements":{"total":1,"covered":0,"skipped":0,"pct":0},"branches":{"total":8,"covered":0,"skipped":0,"pct":0}}
,"/home/modesto/projects/meucontrole-ai/zara/zara-idp-webpage/src/features/analytics/components/AnalyticsPage.tsx": {"lines":{"total":6,"covered":0,"skipped":0,"pct":0},"functions":{"total":1,"covered":0,"skipped":0,"pct":0},"statements":{"total":6,"covered":0,"skipped":0,"pct":0},"branches":{"total":4,"covered":0,"skipped":0,"pct":0}}
,"/home/modesto/projects/meucontrole-ai/zara/zara-idp-webpage/src/features/analytics/components/AnalyticsSummaryCards.tsx": {"lines":{"total":1,"covered":0,"skipped":0,"pct":0},"functions":{"total":1,"covered":0,"skipped":0,"pct":0},"statements":{"total":1,"covered":0,"skipped":0,"pct":0},"branches":{"total":6,"covered":0,"skipped":0,"pct":0}}
,"/home/modesto/projects/meucontrole-ai/zara/zara-idp-webpage/src/features/analytics/components/HealthDistributionCard.tsx": {"lines":{"total":3,"covered":0,"skipped":0,"pct":0},"functions":{"total":1,"covered":0,"skipped":0,"pct":0},"statements":{"total":3,"covered":0,"skipped":0,"pct":0},"branches":{"total":2,"covered":0,"skipped":0,"pct":0}}
,"/home/modesto/projects/meucontrole-ai/zara/zara-idp-webpage/src/features/analytics/components/RecentActivityCard.tsx": {"lines":{"total":15,"covered":0,"skipped":0,"pct":0},"functions":{"total":4,"covered":0,"skipped":0,"pct":0},"statements":{"total":18,"covered":0,"skipped":0,"pct":0},"branches":{"total":11,"covered":0,"skipped":0,"pct":0}}
,"/home/modesto/projects/meucontrole-ai/zara/zara-idp-webpage/src/features/analytics/components/ResourcesByKindCard.tsx": {"lines":{"total":2,"covered":0,"skipped":0,"pct":0},"functions":{"total":2,"covered":0,"skipped":0,"pct":0},"statements":{"total":2,"covered":0,"skipped":0,"pct":0},"branches":{"total":2,"covered":0,"skipped":0,"pct":0}}
,"/home/modesto/projects/meucontrole-ai/zara/zara-idp-webpage/src/features/analytics/components/TopResourcesCard.tsx": {"lines":{"total":6,"covered":0,"skipped":0,"pct":0},"functions":{"total":3,"covered":0,"skipped":0,"pct":0},"statements":{"total":6,"covered":0,"skipped":0,"pct":0},"branches":{"total":5,"covered":0,"skipped":0,"pct":0}}
,"/home/modesto/projects/meucontrole-ai/zara/zara-idp-webpage/src/features/analytics/hooks/useAnalyticsDashboard.ts": {"lines":{"total":31,"covered":0,"skipped":0,"pct":0},"functions":{"total":8,"covered":0,"skipped":0,"pct":0},"statements":{"total":35,"covered":0,"skipped":0,"pct":0},"branches":{"total":39,"covered":0,"skipped":0,"pct":0}}
,"/home/modesto/projects/meucontrole-ai/zara/zara-idp-webpage/src/features/analytics/services/analyticsApi.ts": {"lines":{"total":10,"covered":0,"skipped":0,"pct":0},"functions":{"total":8,"covered":0,"skipped":0,"pct":0},"statements":{"total":10,"covered":0,"skipped":0,"pct":0},"branches":{"total":4,"covered":0,"skipped":0,"pct":0}}
,"/home/modesto/projects/meucontrole-ai/zara/zara-idp-webpage/src/features/approvals/components/ApprovalActionsDialog.tsx": {"lines":{"total":3,"covered":0,"skipped":0,"pct":0},"functions":{"total":2,"covered":0,"skipped":0,"pct":0},"statements":{"total":4,"covered":0,"skipped":0,"pct":0},"branches":{"total":2,"covered":0,"skipped":0,"pct":0}}
,"/home/modesto/projects/meucontrole-ai/zara/zara-idp-webpage/src/features/approvals/components/ApprovalDetailHeader.tsx": {"lines":{"total":2,"covered":0,"skipped":0,"pct":0},"functions":{"total":1,"covered":0,"skipped":0,"pct":0},"statements":{"total":2,"covered":0,"skipped":0,"pct":0},"branches":{"total":2,"covered":0,"skipped":0,"pct":0}}
,"/home/modesto/projects/meucontrole-ai/zara/zara-idp-webpage/src/features/approvals/components/ApprovalDetailPage.tsx": {"lines":{"total":10,"covered":0,"skipped":0,"pct":0},"functions":{"total":3,"covered":0,"skipped":0,"pct":0},"statements":{"total":10,"covered":0,"skipped":0,"pct":0},"branches":{"total":11,"covered":0,"skipped":0,"pct":0}}
,"/home/modesto/projects/meucontrole-ai/zara/zara-idp-webpage/src/features/approvals/components/ApprovalFilters.tsx": {"lines":{"total":4,"covered":0,"skipped":0,"pct":0},"functions":{"total":3,"covered":0,"skipped":0,"pct":0},"statements":{"total":4,"covered":0,"skipped":0,"pct":0},"branches":{"total":2,"covered":0,"skipped":0,"pct":0}}
,"/home/modesto/projects/meucontrole-ai/zara/zara-idp-webpage/src/features/approvals/components/ApprovalListView.tsx": {"lines":{"total":2,"covered":0,"skipped":0,"pct":0},"functions":{"total":2,"covered":0,"skipped":0,"pct":0},"statements":{"total":2,"covered":0,"skipped":0,"pct":0},"branches":{"total":6,"covered":0,"skipped":0,"pct":0}}
,"/home/modesto/projects/meucontrole-ai/zara/zara-idp-webpage/src/features/approvals/components/ApprovalRequestDetails.tsx": {"lines":{"total":1,"covered":0,"skipped":0,"pct":0},"functions":{"total":1,"covered":0,"skipped":0,"pct":0},"statements":{"total":1,"covered":0,"skipped":0,"pct":0},"branches":{"total":4,"covered":0,"skipped":0,"pct":0}}
,"/home/modesto/projects/meucontrole-ai/zara/zara-idp-webpage/src/features/approvals/components/ApprovalRow.tsx": {"lines":{"total":2,"covered":0,"skipped":0,"pct":0},"functions":{"total":1,"covered":0,"skipped":0,"pct":0},"statements":{"total":2,"covered":0,"skipped":0,"pct":0},"branches":{"total":0,"covered":0,"skipped":0,"pct":100}}
,"/home/modesto/projects/meucontrole-ai/zara/zara-idp-webpage/src/features/approvals/components/ApprovalTimeline.tsx": {"lines":{"total":2,"covered":0,"skipped":0,"pct":0},"functions":{"total":2,"covered":0,"skipped":0,"pct":0},"statements":{"total":2,"covered":0,"skipped":0,"pct":0},"branches":{"total":10,"covered":0,"skipped":0,"pct":0}}
,"/home/modesto/projects/meucontrole-ai/zara/zara-idp-webpage/src/features/approvals/components/ApprovalsPage.tsx": {"lines":{"total":4,"covered":0,"skipped":0,"pct":0},"functions":{"total":1,"covered":0,"skipped":0,"pct":0},"statements":{"total":4,"covered":0,"skipped":0,"pct":0},"branches":{"total":6,"covered":0,"skipped":0,"pct":0}}
,"/home/modesto/projects/meucontrole-ai/zara/zara-idp-webpage/src/features/approvals/hooks/useApprovalDetail.ts": {"lines":{"total":17,"covered":0,"skipped":0,"pct":0},"functions":{"total":5,"covered":0,"skipped":0,"pct":0},"statements":{"total":17,"covered":0,"skipped":0,"pct":0},"branches":{"total":10,"covered":0,"skipped":0,"pct":0}}
,"/home/modesto/projects/meucontrole-ai/zara/zara-idp-webpage/src/features/approvals/hooks/useApprovalsDashboard.ts": {"lines":{"total":10,"covered":0,"skipped":0,"pct":0},"functions":{"total":7,"covered":0,"skipped":0,"pct":0},"statements":{"total":13,"covered":0,"skipped":0,"pct":0},"branches":{"total":3,"covered":0,"skipped":0,"pct":0}}
,"/home/modesto/projects/meucontrole-ai/zara/zara-idp-webpage/src/features/approvals/services/approvalsApi.ts": {"lines":{"total":16,"covered":0,"skipped":0,"pct":0},"functions":{"total":11,"covered":0,"skipped":0,"pct":0},"statements":{"total":17,"covered":0,"skipped":0,"pct":0},"branches":{"total":8,"covered":0,"skipped":0,"pct":0}}
,"/home/modesto/projects/meucontrole-ai/zara/zara-idp-webpage/src/features/approvals/store/approvalsSlice.ts": {"lines":{"total":4,"covered":3,"skipped":0,"pct":75},"functions":{"total":1,"covered":0,"skipped":0,"pct":0},"statements":{"total":4,"covered":3,"skipped":0,"pct":75},"branches":{"total":0,"covered":0,"skipped":0,"pct":100}}
,"/home/modesto/projects/meucontrole-ai/zara/zara-idp-webpage/src/features/audit/components/AuditDetailPage.tsx": {"lines":{"total":11,"covered":0,"skipped":0,"pct":0},"functions":{"total":2,"covered":0,"skipped":0,"pct":0},"statements":{"total":11,"covered":0,"skipped":0,"pct":0},"branches":{"total":18,"covered":0,"skipped":0,"pct":0}}
,"/home/modesto/projects/meucontrole-ai/zara/zara-idp-webpage/src/features/audit/components/AuditFilters.tsx": {"lines":{"total":1,"covered":0,"skipped":0,"pct":0},"functions":{"total":1,"covered":0,"skipped":0,"pct":0},"statements":{"total":1,"covered":0,"skipped":0,"pct":0},"branches":{"total":0,"covered":0,"skipped":0,"pct":100}}
,"/home/modesto/projects/meucontrole-ai/zara/zara-idp-webpage/src/features/audit/components/AuditPage.tsx": {"lines":{"total":6,"covered":0,"skipped":0,"pct":0},"functions":{"total":2,"covered":0,"skipped":0,"pct":0},"statements":{"total":6,"covered":0,"skipped":0,"pct":0},"branches":{"total":12,"covered":0,"skipped":0,"pct":0}}
,"/home/modesto/projects/meucontrole-ai/zara/zara-idp-webpage/src/features/audit/components/AuditRow.tsx": {"lines":{"total":6,"covered":0,"skipped":0,"pct":0},"functions":{"total":1,"covered":0,"skipped":0,"pct":0},"statements":{"total":6,"covered":0,"skipped":0,"pct":0},"branches":{"total":6,"covered":0,"skipped":0,"pct":0}}
,"/home/modesto/projects/meucontrole-ai/zara/zara-idp-webpage/src/features/audit/services/auditApi.ts": {"lines":{"total":9,"covered":0,"skipped":0,"pct":0},"functions":{"total":7,"covered":0,"skipped":0,"pct":0},"statements":{"total":9,"covered":0,"skipped":0,"pct":0},"branches":{"total":4,"covered":0,"skipped":0,"pct":0}}
,"/home/modesto/projects/meucontrole-ai/zara/zara-idp-webpage/src/features/business-domains/components/BusinessDomainCard.tsx": {"lines":{"total":8,"covered":0,"skipped":0,"pct":0},"functions":{"total":5,"covered":0,"skipped":0,"pct":0},"statements":{"total":8,"covered":0,"skipped":0,"pct":0},"branches":{"total":6,"covered":0,"skipped":0,"pct":0}}
,"/home/modesto/projects/meucontrole-ai/zara/zara-idp-webpage/src/features/business-domains/components/BusinessDomainDetailPanel.tsx": {"lines":{"total":9,"covered":0,"skipped":0,"pct":0},"functions":{"total":6,"covered":0,"skipped":0,"pct":0},"statements":{"total":12,"covered":0,"skipped":0,"pct":0},"branches":{"total":14,"covered":0,"skipped":0,"pct":0}}
,"/home/modesto/projects/meucontrole-ai/zara/zara-idp-webpage/src/features/business-domains/components/BusinessDomainFormModal.tsx": {"lines":{"total":17,"covered":0,"skipped":0,"pct":0},"functions":{"total":7,"covered":0,"skipped":0,"pct":0},"statements":{"total":18,"covered":0,"skipped":0,"pct":0},"branches":{"total":22,"covered":0,"skipped":0,"pct":0}}
,"/home/modesto/projects/meucontrole-ai/zara/zara-idp-webpage/src/features/business-domains/components/BusinessDomainListView.tsx": {"lines":{"total":6,"covered":0,"skipped":0,"pct":0},"functions":{"total":5,"covered":0,"skipped":0,"pct":0},"statements":{"total":6,"covered":0,"skipped":0,"pct":0},"branches":{"total":4,"covered":0,"skipped":0,"pct":0}}
,"/home/modesto/projects/meucontrole-ai/zara/zara-idp-webpage/src/features/business-domains/components/BusinessDomainsPage.tsx": {"lines":{"total":8,"covered":0,"skipped":0,"pct":0},"functions":{"total":3,"covered":0,"skipped":0,"pct":0},"statements":{"total":8,"covered":0,"skipped":0,"pct":0},"branches":{"total":10,"covered":0,"skipped":0,"pct":0}}
,"/home/modesto/projects/meucontrole-ai/zara/zara-idp-webpage/src/features/business-domains/components/BusinessDomainsStats.tsx": {"lines":{"total":1,"covered":0,"skipped":0,"pct":0},"functions":{"total":1,"covered":0,"skipped":0,"pct":0},"statements":{"total":1,"covered":0,"skipped":0,"pct":0},"branches":{"total":0,"covered":0,"skipped":0,"pct":100}}
,"/home/modesto/projects/meucontrole-ai/zara/zara-idp-webpage/src/features/business-domains/components/types.ts": {"lines":{"total":7,"covered":0,"skipped":0,"pct":0},"functions":{"total":2,"covered":0,"skipped":0,"pct":0},"statements":{"total":7,"covered":0,"skipped":0,"pct":0},"branches":{"total":6,"covered":0,"skipped":0,"pct":0}}
,"/home/modesto/projects/meucontrole-ai/zara/zara-idp-webpage/src/features/business-domains/hooks/useBusinessDomainsDashboard.ts": {"lines":{"total":38,"covered":0,"skipped":0,"pct":0},"functions":{"total":17,"covered":0,"skipped":0,"pct":0},"statements":{"total":44,"covered":0,"skipped":0,"pct":0},"branches":{"total":46,"covered":0,"skipped":0,"pct":0}}
,"/home/modesto/projects/meucontrole-ai/zara/zara-idp-webpage/src/features/business-domains/services/businessDomainsApi.ts": {"lines":{"total":15,"covered":0,"skipped":0,"pct":0},"functions":{"total":13,"covered":0,"skipped":0,"pct":0},"statements":{"total":15,"covered":0,"skipped":0,"pct":0},"branches":{"total":2,"covered":0,"skipped":0,"pct":0}}
,"/home/modesto/projects/meucontrole-ai/zara/zara-idp-webpage/src/features/business-domains/store/businessDomainTypes.ts": {"lines":{"total":0,"covered":0,"skipped":0,"pct":0},"functions":{"total":0,"covered":0,"skipped":0,"pct":0},"statements":{"total":0,"covered":0,"skipped":0,"pct":0},"branches":{"total":0,"covered":0,"skipped":0,"pct":0}}
,"/home/modesto/projects/meucontrole-ai/zara/zara-idp-webpage/src/features/calendar/components/CalendarDayCell.tsx": {"lines":{"total":4,"covered":0,"skipped":0,"pct":0},"functions":{"total":3,"covered":0,"skipped":0,"pct":0},"statements":{"total":5,"covered":0,"skipped":0,"pct":0},"branches":{"total":24,"covered":0,"skipped":0,"pct":0}}
,"/home/modesto/projects/meucontrole-ai/zara/zara-idp-webpage/src/features/calendar/components/CalendarEventList.tsx": {"lines":{"total":6,"covered":0,"skipped":0,"pct":0},"functions":{"total":5,"covered":0,"skipped":0,"pct":0},"statements":{"total":6,"covered":0,"skipped":0,"pct":0},"branches":{"total":18,"covered":0,"skipped":0,"pct":0}}
,"/home/modesto/projects/meucontrole-ai/zara/zara-idp-webpage/src/features/calendar/components/CalendarFilters.tsx": {"lines":{"total":1,"covered":0,"skipped":0,"pct":0},"functions":{"total":1,"covered":0,"skipped":0,"pct":0},"statements":{"total":1,"covered":0,"skipped":0,"pct":0},"branches":{"total":0,"covered":0,"skipped":0,"pct":100}}
,"/home/modesto/projects/meucontrole-ai/zara/zara-idp-webpage/src/features/calendar/components/CalendarGrid.tsx": {"lines":{"total":5,"covered":0,"skipped":0,"pct":0},"functions":{"total":3,"covered":0,"skipped":0,"pct":0},"statements":{"total":5,"covered":0,"skipped":0,"pct":0},"branches":{"total":0,"covered":0,"skipped":0,"pct":100}}
,"/home/modesto/projects/meucontrole-ai/zara/zara-idp-webpage/src/features/calendar/components/CalendarPage.tsx": {"lines":{"total":2,"covered":0,"skipped":0,"pct":0},"functions":{"total":1,"covered":0,"skipped":0,"pct":0},"statements":{"total":2,"covered":0,"skipped":0,"pct":0},"branches":{"total":0,"covered":0,"skipped":0,"pct":100}}
,"/home/modesto/projects/meucontrole-ai/zara/zara-idp-webpage/src/features/calendar/hooks/useCalendarDashboard.ts": {"lines":{"total":51,"covered":0,"skipped":0,"pct":0},"functions":{"total":15,"covered":0,"skipped":0,"pct":0},"statements":{"total":55,"covered":0,"skipped":0,"pct":0},"branches":{"total":12,"covered":0,"skipped":0,"pct":0}}
,"/home/modesto/projects/meucontrole-ai/zara/zara-idp-webpage/src/features/clusters/types.ts": {"lines":{"total":0,"covered":0,"skipped":0,"pct":0},"functions":{"total":0,"covered":0,"skipped":0,"pct":0},"statements":{"total":0,"covered":0,"skipped":0,"pct":0},"branches":{"total":0,"covered":0,"skipped":0,"pct":0}}
,"/home/modesto/projects/meucontrole-ai/zara/zara-idp-webpage/src/features/clusters/components/ClusterDetailPanel.tsx": {"lines":{"total":3,"covered":0,"skipped":0,"pct":0},"functions":{"total":1,"covered":0,"skipped":0,"pct":0},"statements":{"total":3,"covered":0,"skipped":0,"pct":0},"branches":{"total":4,"covered":0,"skipped":0,"pct":0}}
,"/home/modesto/projects/meucontrole-ai/zara/zara-idp-webpage/src/features/clusters/components/ClusterFormModal.tsx": {"lines":{"total":21,"covered":0,"skipped":0,"pct":0},"functions":{"total":8,"covered":0,"skipped":0,"pct":0},"statements":{"total":21,"covered":0,"skipped":0,"pct":0},"branches":{"total":23,"covered":0,"skipped":0,"pct":0}}
,"/home/modesto/projects/meucontrole-ai/zara/zara-idp-webpage/src/features/clusters/components/ClusterListItem.tsx": {"lines":{"total":6,"covered":0,"skipped":0,"pct":0},"functions":{"total":4,"covered":0,"skipped":0,"pct":0},"statements":{"total":6,"covered":0,"skipped":0,"pct":0},"branches":{"total":2,"covered":0,"skipped":0,"pct":0}}
,"/home/modesto/projects/meucontrole-ai/zara/zara-idp-webpage/src/features/clusters/components/ClusterListView.tsx": {"lines":{"total":4,"covered":0,"skipped":0,"pct":0},"functions":{"total":2,"covered":0,"skipped":0,"pct":0},"statements":{"total":4,"covered":0,"skipped":0,"pct":0},"branches":{"total":2,"covered":0,"skipped":0,"pct":0}}
,"/home/modesto/projects/meucontrole-ai/zara/zara-idp-webpage/src/features/clusters/components/ClustersFilters.tsx": {"lines":{"total":5,"covered":0,"skipped":0,"pct":0},"functions":{"total":4,"covered":0,"skipped":0,"pct":0},"statements":{"total":5,"covered":0,"skipped":0,"pct":0},"branches":{"total":2,"covered":0,"skipped":0,"pct":0}}
,"/home/modesto/projects/meucontrole-ai/zara/zara-idp-webpage/src/features/clusters/components/ClustersPage.tsx": {"lines":{"total":8,"covered":0,"skipped":0,"pct":0},"functions":{"total":3,"covered":0,"skipped":0,"pct":0},"statements":{"total":8,"covered":0,"skipped":0,"pct":0},"branches":{"total":10,"covered":0,"skipped":0,"pct":0}}
,"/home/modesto/projects/meucontrole-ai/zara/zara-idp-webpage/src/features/clusters/components/ClustersStats.tsx": {"lines":{"total":1,"covered":0,"skipped":0,"pct":0},"functions":{"total":1,"covered":0,"skipped":0,"pct":0},"statements":{"total":1,"covered":0,"skipped":0,"pct":0},"branches":{"total":0,"covered":0,"skipped":0,"pct":100}}
,"/home/modesto/projects/meucontrole-ai/zara/zara-idp-webpage/src/features/clusters/components/clusterPresentation.tsx": {"lines":{"total":31,"covered":0,"skipped":0,"pct":0},"functions":{"total":6,"covered":0,"skipped":0,"pct":0},"statements":{"total":36,"covered":0,"skipped":0,"pct":0},"branches":{"total":25,"covered":0,"skipped":0,"pct":0}}
,"/home/modesto/projects/meucontrole-ai/zara/zara-idp-webpage/src/features/clusters/hooks/useClusterDashboard.ts": {"lines":{"total":34,"covered":0,"skipped":0,"pct":0},"functions":{"total":15,"covered":0,"skipped":0,"pct":0},"statements":{"total":41,"covered":0,"skipped":0,"pct":0},"branches":{"total":51,"covered":0,"skipped":0,"pct":0}}
,"/home/modesto/projects/meucontrole-ai/zara/zara-idp-webpage/src/features/clusters/services/clustersApi.ts": {"lines":{"total":16,"covered":0,"skipped":0,"pct":0},"functions":{"total":14,"covered":0,"skipped":0,"pct":0},"statements":{"total":16,"covered":0,"skipped":0,"pct":0},"branches":{"total":4,"covered":0,"skipped":0,"pct":0}}
,"/home/modesto/projects/meucontrole-ai/zara/zara-idp-webpage/src/features/clusters/store/clusterTypes.ts": {"lines":{"total":0,"covered":0,"skipped":0,"pct":0},"functions":{"total":0,"covered":0,"skipped":0,"pct":0},"statements":{"total":0,"covered":0,"skipped":0,"pct":0},"branches":{"total":0,"covered":0,"skipped":0,"pct":0}}
,"/home/modesto/projects/meucontrole-ai/zara/zara-idp-webpage/src/features/dashboard/components/DashboardActivity.tsx": {"lines":{"total":5,"covered":0,"skipped":0,"pct":0},"functions":{"total":3,"covered":0,"skipped":0,"pct":0},"statements":{"total":5,"covered":0,"skipped":0,"pct":0},"branches":{"total":23,"covered":0,"skipped":0,"pct":0}}
,"/home/modesto/projects/meucontrole-ai/zara/zara-idp-webpage/src/features/dashboard/components/DashboardHealth.tsx": {"lines":{"total":18,"covered":0,"skipped":0,"pct":0},"functions":{"total":6,"covered":0,"skipped":0,"pct":0},"statements":{"total":22,"covered":0,"skipped":0,"pct":0},"branches":{"total":47,"covered":0,"skipped":0,"pct":0}}
,"/home/modesto/projects/meucontrole-ai/zara/zara-idp-webpage/src/features/dashboard/components/DashboardPage.tsx": {"lines":{"total":7,"covered":0,"skipped":0,"pct":0},"functions":{"total":1,"covered":0,"skipped":0,"pct":0},"statements":{"total":7,"covered":0,"skipped":0,"pct":0},"branches":{"total":9,"covered":0,"skipped":0,"pct":0}}
,"/home/modesto/projects/meucontrole-ai/zara/zara-idp-webpage/src/features/dashboard/components/DashboardStats.tsx": {"lines":{"total":1,"covered":0,"skipped":0,"pct":0},"functions":{"total":1,"covered":0,"skipped":0,"pct":0},"statements":{"total":1,"covered":0,"skipped":0,"pct":0},"branches":{"total":12,"covered":0,"skipped":0,"pct":0}}
,"/home/modesto/projects/meucontrole-ai/zara/zara-idp-webpage/src/features/dashboard/hooks/useDashboard.ts": {"lines":{"total":7,"covered":0,"skipped":0,"pct":0},"functions":{"total":2,"covered":0,"skipped":0,"pct":0},"statements":{"total":7,"covered":0,"skipped":0,"pct":0},"branches":{"total":4,"covered":0,"skipped":0,"pct":0}}
,"/home/modesto/projects/meucontrole-ai/zara/zara-idp-webpage/src/features/dashboard/services/dashboardApi.ts": {"lines":{"total":9,"covered":0,"skipped":0,"pct":0},"functions":{"total":7,"covered":0,"skipped":0,"pct":0},"statements":{"total":9,"covered":0,"skipped":0,"pct":0},"branches":{"total":0,"covered":0,"skipped":0,"pct":100}}
,"/home/modesto/projects/meucontrole-ai/zara/zara-idp-webpage/src/features/freezes/components/FreezeDetailPage.tsx": {"lines":{"total":13,"covered":0,"skipped":0,"pct":0},"functions":{"total":5,"covered":0,"skipped":0,"pct":0},"statements":{"total":13,"covered":0,"skipped":0,"pct":0},"branches":{"total":32,"covered":0,"skipped":0,"pct":0}}
,"/home/modesto/projects/meucontrole-ai/zara/zara-idp-webpage/src/features/freezes/components/FreezeListView.tsx": {"lines":{"total":3,"covered":0,"skipped":0,"pct":0},"functions":{"total":3,"covered":0,"skipped":0,"pct":0},"statements":{"total":3,"covered":0,"skipped":0,"pct":0},"branches":{"total":6,"covered":0,"skipped":0,"pct":0}}
,"/home/modesto/projects/meucontrole-ai/zara/zara-idp-webpage/src/features/freezes/components/FreezeRow.tsx": {"lines":{"total":11,"covered":0,"skipped":0,"pct":0},"functions":{"total":2,"covered":0,"skipped":0,"pct":0},"statements":{"total":11,"covered":0,"skipped":0,"pct":0},"branches":{"total":14,"covered":0,"skipped":0,"pct":0}}
,"/home/modesto/projects/meucontrole-ai/zara/zara-idp-webpage/src/features/freezes/components/FreezesPage.tsx": {"lines":{"total":8,"covered":0,"skipped":0,"pct":0},"functions":{"total":3,"covered":0,"skipped":0,"pct":0},"statements":{"total":10,"covered":0,"skipped":0,"pct":0},"branches":{"total":10,"covered":0,"skipped":0,"pct":0}}
,"/home/modesto/projects/meucontrole-ai/zara/zara-idp-webpage/src/features/freezes/services/freezesApi.ts": {"lines":{"total":9,"covered":0,"skipped":0,"pct":0},"functions":{"total":7,"covered":0,"skipped":0,"pct":0},"statements":{"total":9,"covered":0,"skipped":0,"pct":0},"branches":{"total":2,"covered":0,"skipped":0,"pct":0}}
,"/home/modesto/projects/meucontrole-ai/zara/zara-idp-webpage/src/features/golden-paths/types.ts": {"lines":{"total":0,"covered":0,"skipped":0,"pct":0},"functions":{"total":0,"covered":0,"skipped":0,"pct":0},"statements":{"total":0,"covered":0,"skipped":0,"pct":0},"branches":{"total":0,"covered":0,"skipped":0,"pct":0}}
,"/home/modesto/projects/meucontrole-ai/zara/zara-idp-webpage/src/features/golden-paths/components/ApplyStatusAlert.tsx": {"lines":{"total":4,"covered":0,"skipped":0,"pct":0},"functions":{"total":2,"covered":0,"skipped":0,"pct":0},"statements":{"total":5,"covered":0,"skipped":0,"pct":0},"branches":{"total":14,"covered":0,"skipped":0,"pct":0}}
,"/home/modesto/projects/meucontrole-ai/zara/zara-idp-webpage/src/features/golden-paths/components/GoldenPathBuilder.tsx": {"lines":{"total":2,"covered":0,"skipped":0,"pct":0},"functions":{"total":1,"covered":0,"skipped":0,"pct":0},"statements":{"total":2,"covered":0,"skipped":0,"pct":0},"branches":{"total":0,"covered":0,"skipped":0,"pct":100}}
,"/home/modesto/projects/meucontrole-ai/zara/zara-idp-webpage/src/features/golden-paths/components/GoldenPathCard.tsx": {"lines":{"total":3,"covered":0,"skipped":0,"pct":0},"functions":{"total":2,"covered":0,"skipped":0,"pct":0},"statements":{"total":3,"covered":0,"skipped":0,"pct":0},"branches":{"total":0,"covered":0,"skipped":0,"pct":100}}
,"/home/modesto/projects/meucontrole-ai/zara/zara-idp-webpage/src/features/golden-paths/components/GoldenPathCatalog.tsx": {"lines":{"total":8,"covered":0,"skipped":0,"pct":0},"functions":{"total":5,"covered":0,"skipped":0,"pct":0},"statements":{"total":11,"covered":0,"skipped":0,"pct":0},"branches":{"total":0,"covered":0,"skipped":0,"pct":100}}
,"/home/modesto/projects/meucontrole-ai/zara/zara-idp-webpage/src/features/golden-paths/components/GoldenPathForm.tsx": {"lines":{"total":7,"covered":0,"skipped":0,"pct":0},"functions":{"total":4,"covered":0,"skipped":0,"pct":0},"statements":{"total":7,"covered":0,"skipped":0,"pct":0},"branches":{"total":10,"covered":0,"skipped":0,"pct":0}}
,"/home/modesto/projects/meucontrole-ai/zara/zara-idp-webpage/src/features/golden-paths/components/GoldenPathPreview.tsx": {"lines":{"total":1,"covered":0,"skipped":0,"pct":0},"functions":{"total":1,"covered":0,"skipped":0,"pct":0},"statements":{"total":1,"covered":0,"skipped":0,"pct":0},"branches":{"total":10,"covered":0,"skipped":0,"pct":0}}
,"/home/modesto/projects/meucontrole-ai/zara/zara-idp-webpage/src/features/golden-paths/components/GoldenPathsPage.tsx": {"lines":{"total":4,"covered":0,"skipped":0,"pct":0},"functions":{"total":1,"covered":0,"skipped":0,"pct":0},"statements":{"total":4,"covered":0,"skipped":0,"pct":0},"branches":{"total":2,"covered":0,"skipped":0,"pct":0}}
,"/home/modesto/projects/meucontrole-ai/zara/zara-idp-webpage/src/features/golden-paths/data/goldenPaths.ts": {"lines":{"total":3,"covered":0,"skipped":0,"pct":0},"functions":{"total":0,"covered":0,"skipped":0,"pct":100},"statements":{"total":3,"covered":0,"skipped":0,"pct":0},"branches":{"total":0,"covered":0,"skipped":0,"pct":100}}
,"/home/modesto/projects/meucontrole-ai/zara/zara-idp-webpage/src/features/golden-paths/hooks/useGoldenPathBuilder.ts": {"lines":{"total":49,"covered":0,"skipped":0,"pct":0},"functions":{"total":14,"covered":0,"skipped":0,"pct":0},"statements":{"total":56,"covered":0,"skipped":0,"pct":0},"branches":{"total":25,"covered":0,"skipped":0,"pct":0}}
,"/home/modesto/projects/meucontrole-ai/zara/zara-idp-webpage/src/features/namespaces/components/NamespaceCard.tsx": {"lines":{"total":3,"covered":0,"skipped":0,"pct":0},"functions":{"total":3,"covered":0,"skipped":0,"pct":0},"statements":{"total":3,"covered":0,"skipped":0,"pct":0},"branches":{"total":2,"covered":0,"skipped":0,"pct":0}}
,"/home/modesto/projects/meucontrole-ai/zara/zara-idp-webpage/src/features/namespaces/components/NamespaceFormFields.tsx": {"lines":{"total":4,"covered":0,"skipped":0,"pct":0},"functions":{"total":4,"covered":0,"skipped":0,"pct":0},"statements":{"total":4,"covered":0,"skipped":0,"pct":0},"branches":{"total":0,"covered":0,"skipped":0,"pct":100}}
,"/home/modesto/projects/meucontrole-ai/zara/zara-idp-webpage/src/features/namespaces/components/NamespaceFormModal.tsx": {"lines":{"total":32,"covered":0,"skipped":0,"pct":0},"functions":{"total":24,"covered":0,"skipped":0,"pct":0},"statements":{"total":34,"covered":0,"skipped":0,"pct":0},"branches":{"total":42,"covered":0,"skipped":0,"pct":0}}
,"/home/modesto/projects/meucontrole-ai/zara/zara-idp-webpage/src/features/namespaces/components/NamespaceListView.tsx": {"lines":{"total":4,"covered":0,"skipped":0,"pct":0},"functions":{"total":4,"covered":0,"skipped":0,"pct":0},"statements":{"total":4,"covered":0,"skipped":0,"pct":0},"branches":{"total":2,"covered":0,"skipped":0,"pct":0}}
,"/home/modesto/projects/meucontrole-ai/zara/zara-idp-webpage/src/features/namespaces/components/NamespaceQuotaBar.tsx": {"lines":{"total":3,"covered":0,"skipped":0,"pct":0},"functions":{"total":1,"covered":0,"skipped":0,"pct":0},"statements":{"total":3,"covered":0,"skipped":0,"pct":0},"branches":{"total":2,"covered":0,"skipped":0,"pct":0}}
,"/home/modesto/projects/meucontrole-ai/zara/zara-idp-webpage/src/features/namespaces/components/NamespaceQuotaGrid.tsx": {"lines":{"total":3,"covered":0,"skipped":0,"pct":0},"functions":{"total":1,"covered":0,"skipped":0,"pct":0},"statements":{"total":4,"covered":0,"skipped":0,"pct":0},"branches":{"total":2,"covered":0,"skipped":0,"pct":0}}
,"/home/modesto/projects/meucontrole-ai/zara/zara-idp-webpage/src/features/namespaces/components/NamespaceStats.tsx": {"lines":{"total":1,"covered":0,"skipped":0,"pct":0},"functions":{"total":1,"covered":0,"skipped":0,"pct":0},"statements":{"total":1,"covered":0,"skipped":0,"pct":0},"branches":{"total":0,"covered":0,"skipped":0,"pct":100}}
,"/home/modesto/projects/meucontrole-ai/zara/zara-idp-webpage/src/features/namespaces/components/NamespacesPage.tsx": {"lines":{"total":6,"covered":0,"skipped":0,"pct":0},"functions":{"total":1,"covered":0,"skipped":0,"pct":0},"statements":{"total":6,"covered":0,"skipped":0,"pct":0},"branches":{"total":10,"covered":0,"skipped":0,"pct":0}}
,"/home/modesto/projects/meucontrole-ai/zara/zara-idp-webpage/src/features/namespaces/components/namespaceStyles.ts": {"lines":{"total":17,"covered":0,"skipped":0,"pct":0},"functions":{"total":5,"covered":0,"skipped":0,"pct":0},"statements":{"total":21,"covered":0,"skipped":0,"pct":0},"branches":{"total":18,"covered":0,"skipped":0,"pct":0}}
,"/home/modesto/projects/meucontrole-ai/zara/zara-idp-webpage/src/features/namespaces/hooks/useNamespaceDashboard.ts": {"lines":{"total":37,"covered":0,"skipped":0,"pct":0},"functions":{"total":17,"covered":0,"skipped":0,"pct":0},"statements":{"total":42,"covered":0,"skipped":0,"pct":0},"branches":{"total":16,"covered":0,"skipped":0,"pct":0}}
,"/home/modesto/projects/meucontrole-ai/zara/zara-idp-webpage/src/features/namespaces/services/namespacesApi.ts": {"lines":{"total":15,"covered":0,"skipped":0,"pct":0},"functions":{"total":13,"covered":0,"skipped":0,"pct":0},"statements":{"total":15,"covered":0,"skipped":0,"pct":0},"branches":{"total":2,"covered":0,"skipped":0,"pct":0}}
,"/home/modesto/projects/meucontrole-ai/zara/zara-idp-webpage/src/features/policies/components/PoliciesPage.tsx": {"lines":{"total":4,"covered":0,"skipped":0,"pct":0},"functions":{"total":1,"covered":0,"skipped":0,"pct":0},"statements":{"total":4,"covered":0,"skipped":0,"pct":0},"branches":{"total":2,"covered":0,"skipped":0,"pct":0}}
,"/home/modesto/projects/meucontrole-ai/zara/zara-idp-webpage/src/features/policies/components/PolicyActionDetails.tsx": {"lines":{"total":3,"covered":0,"skipped":0,"pct":0},"functions":{"total":2,"covered":0,"skipped":0,"pct":0},"statements":{"total":3,"covered":0,"skipped":0,"pct":0},"branches":{"total":8,"covered":0,"skipped":0,"pct":0}}
,"/home/modesto/projects/meucontrole-ai/zara/zara-idp-webpage/src/features/policies/components/PolicyDetailPage.tsx": {"lines":{"total":15,"covered":0,"skipped":0,"pct":0},"functions":{"total":6,"covered":0,"skipped":0,"pct":0},"statements":{"total":15,"covered":0,"skipped":0,"pct":0},"branches":{"total":31,"covered":0,"skipped":0,"pct":0}}
,"/home/modesto/projects/meucontrole-ai/zara/zara-idp-webpage/src/features/policies/components/PolicyListView.tsx": {"lines":{"total":3,"covered":0,"skipped":0,"pct":0},"functions":{"total":3,"covered":0,"skipped":0,"pct":0},"statements":{"total":3,"covered":0,"skipped":0,"pct":0},"branches":{"total":6,"covered":0,"skipped":0,"pct":0}}
,"/home/modesto/projects/meucontrole-ai/zara/zara-idp-webpage/src/features/policies/components/PolicyRow.tsx": {"lines":{"total":7,"covered":0,"skipped":0,"pct":0},"functions":{"total":2,"covered":0,"skipped":0,"pct":0},"statements":{"total":7,"covered":0,"skipped":0,"pct":0},"branches":{"total":8,"covered":0,"skipped":0,"pct":0}}
,"/home/modesto/projects/meucontrole-ai/zara/zara-idp-webpage/src/features/policies/hooks/usePoliciesDashboard.ts": {"lines":{"total":8,"covered":0,"skipped":0,"pct":0},"functions":{"total":4,"covered":0,"skipped":0,"pct":0},"statements":{"total":8,"covered":0,"skipped":0,"pct":0},"branches":{"total":6,"covered":0,"skipped":0,"pct":0}}
,"/home/modesto/projects/meucontrole-ai/zara/zara-idp-webpage/src/features/policies/services/policiesApi.ts": {"lines":{"total":9,"covered":0,"skipped":0,"pct":0},"functions":{"total":7,"covered":0,"skipped":0,"pct":0},"statements":{"total":9,"covered":0,"skipped":0,"pct":0},"branches":{"total":2,"covered":0,"skipped":0,"pct":0}}
,"/home/modesto/projects/meucontrole-ai/zara/zara-idp-webpage/src/features/resources/components/ResourceFilterBar.tsx": {"lines":{"total":3,"covered":3,"skipped":0,"pct":100},"functions":{"total":3,"covered":3,"skipped":0,"pct":100},"statements":{"total":3,"covered":3,"skipped":0,"pct":100},"branches":{"total":4,"covered":4,"skipped":0,"pct":100}}
,"/home/modesto/projects/meucontrole-ai/zara/zara-idp-webpage/src/features/resources/components/ResourceFormModal.tsx": {"lines":{"total":40,"covered":0,"skipped":0,"pct":0},"functions":{"total":13,"covered":0,"skipped":0,"pct":0},"statements":{"total":41,"covered":0,"skipped":0,"pct":0},"branches":{"total":24,"covered":0,"skipped":0,"pct":0}}
,"/home/modesto/projects/meucontrole-ai/zara/zara-idp-webpage/src/features/resources/components/ResourceListView.tsx": {"lines":{"total":3,"covered":0,"skipped":0,"pct":0},"functions":{"total":2,"covered":0,"skipped":0,"pct":0},"statements":{"total":3,"covered":0,"skipped":0,"pct":0},"branches":{"total":10,"covered":0,"skipped":0,"pct":0}}
,"/home/modesto/projects/meucontrole-ai/zara/zara-idp-webpage/src/features/resources/components/ResourceRow.tsx": {"lines":{"total":8,"covered":0,"skipped":0,"pct":0},"functions":{"total":5,"covered":0,"skipped":0,"pct":0},"statements":{"total":8,"covered":0,"skipped":0,"pct":0},"branches":{"total":10,"covered":0,"skipped":0,"pct":0}}
,"/home/modesto/projects/meucontrole-ai/zara/zara-idp-webpage/src/features/resources/components/ResourcesPage.tsx": {"lines":{"total":6,"covered":0,"skipped":0,"pct":0},"functions":{"total":3,"covered":0,"skipped":0,"pct":0},"statements":{"total":6,"covered":0,"skipped":0,"pct":0},"branches":{"total":8,"covered":0,"skipped":0,"pct":0}}
,"/home/modesto/projects/meucontrole-ai/zara/zara-idp-webpage/src/features/resources/components/constants.ts": {"lines":{"total":2,"covered":2,"skipped":0,"pct":100},"functions":{"total":0,"covered":0,"skipped":0,"pct":100},"statements":{"total":2,"covered":2,"skipped":0,"pct":100},"branches":{"total":0,"covered":0,"skipped":0,"pct":100}}
,"/home/modesto/projects/meucontrole-ai/zara/zara-idp-webpage/src/features/resources/components/useResourcesDashboard.ts": {"lines":{"total":74,"covered":0,"skipped":0,"pct":0},"functions":{"total":15,"covered":0,"skipped":0,"pct":0},"statements":{"total":79,"covered":0,"skipped":0,"pct":0},"branches":{"total":28,"covered":0,"skipped":0,"pct":0}}
,"/home/modesto/projects/meucontrole-ai/zara/zara-idp-webpage/src/features/resources/services/resourcesApi.ts": {"lines":{"total":29,"covered":17,"skipped":0,"pct":58.62},"functions":{"total":25,"covered":13,"skipped":0,"pct":52},"statements":{"total":29,"covered":17,"skipped":0,"pct":58.62},"branches":{"total":8,"covered":6,"skipped":0,"pct":75}}
,"/home/modesto/projects/meucontrole-ai/zara/zara-idp-webpage/src/features/resources/store/resourcesSlice.ts": {"lines":{"total":7,"covered":3,"skipped":0,"pct":42.85},"functions":{"total":4,"covered":0,"skipped":0,"pct":0},"statements":{"total":7,"covered":3,"skipped":0,"pct":42.85},"branches":{"total":0,"covered":0,"skipped":0,"pct":100}}
,"/home/modesto/projects/meucontrole-ai/zara/zara-idp-webpage/src/features/teams/components/TeamCard.tsx": {"lines":{"total":9,"covered":0,"skipped":0,"pct":0},"functions":{"total":3,"covered":0,"skipped":0,"pct":0},"statements":{"total":9,"covered":0,"skipped":0,"pct":0},"branches":{"total":6,"covered":0,"skipped":0,"pct":0}}
,"/home/modesto/projects/meucontrole-ai/zara/zara-idp-webpage/src/features/teams/components/TeamDetailView.tsx": {"lines":{"total":13,"covered":0,"skipped":0,"pct":0},"functions":{"total":4,"covered":0,"skipped":0,"pct":0},"statements":{"total":13,"covered":0,"skipped":0,"pct":0},"branches":{"total":34,"covered":0,"skipped":0,"pct":0}}
,"/home/modesto/projects/meucontrole-ai/zara/zara-idp-webpage/src/features/teams/components/TeamFormModal.tsx": {"lines":{"total":16,"covered":0,"skipped":0,"pct":0},"functions":{"total":6,"covered":0,"skipped":0,"pct":0},"statements":{"total":17,"covered":0,"skipped":0,"pct":0},"branches":{"total":19,"covered":0,"skipped":0,"pct":0}}
,"/home/modesto/projects/meucontrole-ai/zara/zara-idp-webpage/src/features/teams/components/TeamListView.tsx": {"lines":{"total":5,"covered":0,"skipped":0,"pct":0},"functions":{"total":2,"covered":0,"skipped":0,"pct":0},"statements":{"total":5,"covered":0,"skipped":0,"pct":0},"branches":{"total":12,"covered":0,"skipped":0,"pct":0}}
,"/home/modesto/projects/meucontrole-ai/zara/zara-idp-webpage/src/features/teams/components/TeamMemberRow.tsx": {"lines":{"total":2,"covered":0,"skipped":0,"pct":0},"functions":{"total":1,"covered":0,"skipped":0,"pct":0},"statements":{"total":2,"covered":0,"skipped":0,"pct":0},"branches":{"total":4,"covered":0,"skipped":0,"pct":0}}
,"/home/modesto/projects/meucontrole-ai/zara/zara-idp-webpage/src/features/teams/components/TeamsPage.tsx": {"lines":{"total":2,"covered":0,"skipped":0,"pct":0},"functions":{"total":2,"covered":0,"skipped":0,"pct":0},"statements":{"total":2,"covered":0,"skipped":0,"pct":0},"branches":{"total":0,"covered":0,"skipped":0,"pct":100}}
,"/home/modesto/projects/meucontrole-ai/zara/zara-idp-webpage/src/features/teams/hooks/useTeamsDashboard.ts": {"lines":{"total":19,"covered":0,"skipped":0,"pct":0},"functions":{"total":7,"covered":0,"skipped":0,"pct":0},"statements":{"total":20,"covered":0,"skipped":0,"pct":0},"branches":{"total":5,"covered":0,"skipped":0,"pct":0}}
,"/home/modesto/projects/meucontrole-ai/zara/zara-idp-webpage/src/features/teams/services/teamsApi.ts": {"lines":{"total":17,"covered":0,"skipped":0,"pct":0},"functions":{"total":15,"covered":0,"skipped":0,"pct":0},"statements":{"total":17,"covered":0,"skipped":0,"pct":0},"branches":{"total":2,"covered":0,"skipped":0,"pct":0}}
,"/home/modesto/projects/meucontrole-ai/zara/zara-idp-webpage/src/features/theme/components/ThemeToggle.tsx": {"lines":{"total":7,"covered":1,"skipped":0,"pct":14.28},"functions":{"total":3,"covered":0,"skipped":0,"pct":0},"statements":{"total":7,"covered":1,"skipped":0,"pct":14.28},"branches":{"total":2,"covered":0,"skipped":0,"pct":0}}
,"/home/modesto/projects/meucontrole-ai/zara/zara-idp-webpage/src/features/theme/hooks/useTheme.ts": {"lines":{"total":24,"covered":0,"skipped":0,"pct":0},"functions":{"total":9,"covered":0,"skipped":0,"pct":0},"statements":{"total":27,"covered":0,"skipped":0,"pct":0},"branches":{"total":5,"covered":0,"skipped":0,"pct":0}}
,"/home/modesto/projects/meucontrole-ai/zara/zara-idp-webpage/src/features/theme/store/themeSlice.ts": {"lines":{"total":23,"covered":14,"skipped":0,"pct":60.86},"functions":{"total":8,"covered":2,"skipped":0,"pct":25},"statements":{"total":28,"covered":14,"skipped":0,"pct":50},"branches":{"total":19,"covered":6,"skipped":0,"pct":31.57}}
,"/home/modesto/projects/meucontrole-ai/zara/zara-idp-webpage/src/shared/components/feedback/DataEmptyState.tsx": {"lines":{"total":1,"covered":0,"skipped":0,"pct":0},"functions":{"total":1,"covered":0,"skipped":0,"pct":0},"statements":{"total":1,"covered":0,"skipped":0,"pct":0},"branches":{"total":17,"covered":0,"skipped":0,"pct":0}}
,"/home/modesto/projects/meucontrole-ai/zara/zara-idp-webpage/src/shared/components/feedback/ErrorBoundary.tsx": {"lines":{"total":13,"covered":12,"skipped":0,"pct":92.3},"functions":{"total":4,"covered":4,"skipped":0,"pct":100},"statements":{"total":15,"covered":14,"skipped":0,"pct":93.33},"branches":{"total":8,"covered":5,"skipped":0,"pct":62.5}}
,"/home/modesto/projects/meucontrole-ai/zara/zara-idp-webpage/src/shared/components/feedback/ErrorState.tsx": {"lines":{"total":1,"covered":0,"skipped":0,"pct":0},"functions":{"total":1,"covered":0,"skipped":0,"pct":0},"statements":{"total":1,"covered":0,"skipped":0,"pct":0},"branches":{"total":8,"covered":0,"skipped":0,"pct":0}}
,"/home/modesto/projects/meucontrole-ai/zara/zara-idp-webpage/src/shared/components/feedback/LoadingState.tsx": {"lines":{"total":1,"covered":0,"skipped":0,"pct":0},"functions":{"total":1,"covered":0,"skipped":0,"pct":0},"statements":{"total":1,"covered":0,"skipped":0,"pct":0},"branches":{"total":2,"covered":0,"skipped":0,"pct":0}}
,"/home/modesto/projects/meucontrole-ai/zara/zara-idp-webpage/src/shared/components/feedback/PageHeader.tsx": {"lines":{"total":1,"covered":0,"skipped":0,"pct":0},"functions":{"total":1,"covered":0,"skipped":0,"pct":0},"statements":{"total":1,"covered":0,"skipped":0,"pct":0},"branches":{"total":8,"covered":0,"skipped":0,"pct":0}}
,"/home/modesto/projects/meucontrole-ai/zara/zara-idp-webpage/src/shared/components/feedback/StatCard.tsx": {"lines":{"total":4,"covered":0,"skipped":0,"pct":0},"functions":{"total":1,"covered":0,"skipped":0,"pct":0},"statements":{"total":4,"covered":0,"skipped":0,"pct":0},"branches":{"total":14,"covered":0,"skipped":0,"pct":0}}
,"/home/modesto/projects/meucontrole-ai/zara/zara-idp-webpage/src/shared/components/ui/Alert.tsx": {"lines":{"total":7,"covered":7,"skipped":0,"pct":100},"functions":{"total":1,"covered":1,"skipped":0,"pct":100},"statements":{"total":7,"covered":7,"skipped":0,"pct":100},"branches":{"total":8,"covered":8,"skipped":0,"pct":100}}
,"/home/modesto/projects/meucontrole-ai/zara/zara-idp-webpage/src/shared/components/ui/Badge.tsx": {"lines":{"total":12,"covered":12,"skipped":0,"pct":100},"functions":{"total":2,"covered":2,"skipped":0,"pct":100},"statements":{"total":12,"covered":12,"skipped":0,"pct":100},"branches":{"total":2,"covered":2,"skipped":0,"pct":100}}
,"/home/modesto/projects/meucontrole-ai/zara/zara-idp-webpage/src/shared/components/ui/Button.tsx": {"lines":{"total":4,"covered":4,"skipped":0,"pct":100},"functions":{"total":1,"covered":1,"skipped":0,"pct":100},"statements":{"total":4,"covered":4,"skipped":0,"pct":100},"branches":{"total":7,"covered":7,"skipped":0,"pct":100}}
,"/home/modesto/projects/meucontrole-ai/zara/zara-idp-webpage/src/shared/components/ui/Card.tsx": {"lines":{"total":19,"covered":19,"skipped":0,"pct":100},"functions":{"total":6,"covered":6,"skipped":0,"pct":100},"statements":{"total":19,"covered":19,"skipped":0,"pct":100},"branches":{"total":0,"covered":0,"skipped":0,"pct":100}}
,"/home/modesto/projects/meucontrole-ai/zara/zara-idp-webpage/src/shared/components/ui/DriftReportModal.tsx": {"lines":{"total":13,"covered":2,"skipped":0,"pct":15.38},"functions":{"total":3,"covered":0,"skipped":0,"pct":0},"statements":{"total":17,"covered":2,"skipped":0,"pct":11.76},"branches":{"total":18,"covered":0,"skipped":0,"pct":0}}
,"/home/modesto/projects/meucontrole-ai/zara/zara-idp-webpage/src/shared/components/ui/EmptyState.tsx": {"lines":{"total":3,"covered":3,"skipped":0,"pct":100},"functions":{"total":1,"covered":1,"skipped":0,"pct":100},"statements":{"total":3,"covered":3,"skipped":0,"pct":100},"branches":{"total":6,"covered":6,"skipped":0,"pct":100}}
,"/home/modesto/projects/meucontrole-ai/zara/zara-idp-webpage/src/shared/components/ui/ErrorFallback.tsx": {"lines":{"total":4,"covered":4,"skipped":0,"pct":100},"functions":{"total":1,"covered":1,"skipped":0,"pct":100},"statements":{"total":4,"covered":4,"skipped":0,"pct":100},"branches":{"total":12,"covered":12,"skipped":0,"pct":100}}
,"/home/modesto/projects/meucontrole-ai/zara/zara-idp-webpage/src/shared/components/ui/Input.tsx": {"lines":{"total":18,"covered":18,"skipped":0,"pct":100},"functions":{"total":5,"covered":5,"skipped":0,"pct":100},"statements":{"total":18,"covered":18,"skipped":0,"pct":100},"branches":{"total":26,"covered":22,"skipped":0,"pct":84.61}}
,"/home/modesto/projects/meucontrole-ai/zara/zara-idp-webpage/src/shared/components/ui/Modal.tsx": {"lines":{"total":51,"covered":33,"skipped":0,"pct":64.7},"functions":{"total":8,"covered":7,"skipped":0,"pct":87.5},"statements":{"total":56,"covered":36,"skipped":0,"pct":64.28},"branches":{"total":41,"covered":21,"skipped":0,"pct":51.21}}
,"/home/modesto/projects/meucontrole-ai/zara/zara-idp-webpage/src/shared/components/ui/Skeleton.tsx": {"lines":{"total":8,"covered":8,"skipped":0,"pct":100},"functions":{"total":3,"covered":3,"skipped":0,"pct":100},"statements":{"total":8,"covered":8,"skipped":0,"pct":100},"branches":{"total":3,"covered":3,"skipped":0,"pct":100}}
,"/home/modesto/projects/meucontrole-ai/zara/zara-idp-webpage/src/shared/components/ui/Spinner.tsx": {"lines":{"total":7,"covered":7,"skipped":0,"pct":100},"functions":{"total":2,"covered":2,"skipped":0,"pct":100},"statements":{"total":7,"covered":7,"skipped":0,"pct":100},"branches":{"total":2,"covered":2,"skipped":0,"pct":100}}
,"/home/modesto/projects/meucontrole-ai/zara/zara-idp-webpage/src/shared/components/ui/Table.tsx": {"lines":{"total":18,"covered":18,"skipped":0,"pct":100},"functions":{"total":6,"covered":6,"skipped":0,"pct":100},"statements":{"total":18,"covered":18,"skipped":0,"pct":100},"branches":{"total":2,"covered":2,"skipped":0,"pct":100}}
,"/home/modesto/projects/meucontrole-ai/zara/zara-idp-webpage/src/shared/components/ui/Toast.tsx": {"lines":{"total":44,"covered":41,"skipped":0,"pct":93.18},"functions":{"total":27,"covered":23,"skipped":0,"pct":85.18},"statements":{"total":51,"covered":45,"skipped":0,"pct":88.23},"branches":{"total":18,"covered":15,"skipped":0,"pct":83.33}}
,"/home/modesto/projects/meucontrole-ai/zara/zara-idp-webpage/src/shared/config/routes.ts": {"lines":{"total":7,"covered":0,"skipped":0,"pct":0},"functions":{"total":6,"covered":0,"skipped":0,"pct":0},"statements":{"total":7,"covered":0,"skipped":0,"pct":0},"branches":{"total":0,"covered":0,"skipped":0,"pct":100}}
,"/home/modesto/projects/meucontrole-ai/zara/zara-idp-webpage/src/shared/constants/status.ts": {"lines":{"total":6,"covered":6,"skipped":0,"pct":100},"functions":{"total":0,"covered":0,"skipped":0,"pct":100},"statements":{"total":6,"covered":6,"skipped":0,"pct":100},"branches":{"total":0,"covered":0,"skipped":0,"pct":100}}
,"/home/modesto/projects/meucontrole-ai/zara/zara-idp-webpage/src/shared/errors/AppError.ts": {"lines":{"total":64,"covered":60,"skipped":0,"pct":93.75},"functions":{"total":14,"covered":14,"skipped":0,"pct":100},"statements":{"total":77,"covered":73,"skipped":0,"pct":94.8},"branches":{"total":64,"covered":57,"skipped":0,"pct":89.06}}
,"/home/modesto/projects/meucontrole-ai/zara/zara-idp-webpage/src/shared/hooks/redux.ts": {"lines":{"total":2,"covered":2,"skipped":0,"pct":100},"functions":{"total":0,"covered":0,"skipped":0,"pct":100},"statements":{"total":2,"covered":2,"skipped":0,"pct":100},"branches":{"total":0,"covered":0,"skipped":0,"pct":100}}
,"/home/modesto/projects/meucontrole-ai/zara/zara-idp-webpage/src/shared/lib/api/baseApi.ts": {"lines":{"total":2,"covered":2,"skipped":0,"pct":100},"functions":{"total":1,"covered":1,"skipped":0,"pct":100},"statements":{"total":2,"covered":2,"skipped":0,"pct":100},"branches":{"total":0,"covered":0,"skipped":0,"pct":100}}
,"/home/modesto/projects/meucontrole-ai/zara/zara-idp-webpage/src/shared/lib/api/baseQuery.ts": {"lines":{"total":53,"covered":34,"skipped":0,"pct":64.15},"functions":{"total":7,"covered":6,"skipped":0,"pct":85.71},"statements":{"total":60,"covered":37,"skipped":0,"pct":61.66},"branches":{"total":40,"covered":24,"skipped":0,"pct":60}}
,"/home/modesto/projects/meucontrole-ai/zara/zara-idp-webpage/src/shared/lib/api/errorMessage.ts": {"lines":{"total":17,"covered":15,"skipped":0,"pct":88.23},"functions":{"total":2,"covered":2,"skipped":0,"pct":100},"statements":{"total":26,"covered":23,"skipped":0,"pct":88.46},"branches":{"total":30,"covered":24,"skipped":0,"pct":80}}
,"/home/modesto/projects/meucontrole-ai/zara/zara-idp-webpage/src/shared/lib/api/normalizers.ts": {"lines":{"total":17,"covered":16,"skipped":0,"pct":94.11},"functions":{"total":4,"covered":4,"skipped":0,"pct":100},"statements":{"total":20,"covered":18,"skipped":0,"pct":90},"branches":{"total":47,"covered":41,"skipped":0,"pct":87.23}}
,"/home/modesto/projects/meucontrole-ai/zara/zara-idp-webpage/src/shared/lib/observability/sentry.ts": {"lines":{"total":21,"covered":20,"skipped":0,"pct":95.23},"functions":{"total":6,"covered":6,"skipped":0,"pct":100},"statements":{"total":27,"covered":26,"skipped":0,"pct":96.29},"branches":{"total":22,"covered":18,"skipped":0,"pct":81.81}}
,"/home/modesto/projects/meucontrole-ai/zara/zara-idp-webpage/src/shared/lib/observability/webVitals.ts": {"lines":{"total":27,"covered":26,"skipped":0,"pct":96.29},"functions":{"total":8,"covered":7,"skipped":0,"pct":87.5},"statements":{"total":31,"covered":29,"skipped":0,"pct":93.54},"branches":{"total":17,"covered":13,"skipped":0,"pct":76.47}}
,"/home/modesto/projects/meucontrole-ai/zara/zara-idp-webpage/src/shared/lib/state/reduxState.ts": {"lines":{"total":4,"covered":4,"skipped":0,"pct":100},"functions":{"total":4,"covered":4,"skipped":0,"pct":100},"statements":{"total":4,"covered":4,"skipped":0,"pct":100},"branches":{"total":4,"covered":3,"skipped":0,"pct":75}}
,"/home/modesto/projects/meucontrole-ai/zara/zara-idp-webpage/src/shared/lib/toasts/bus.ts": {"lines":{"total":6,"covered":6,"skipped":0,"pct":100},"functions":{"total":2,"covered":2,"skipped":0,"pct":100},"statements":{"total":8,"covered":8,"skipped":0,"pct":100},"branches":{"total":6,"covered":6,"skipped":0,"pct":100}}
,"/home/modesto/projects/meucontrole-ai/zara/zara-idp-webpage/src/shared/types/api.ts": {"lines":{"total":0,"covered":0,"skipped":0,"pct":0},"functions":{"total":0,"covered":0,"skipped":0,"pct":0},"statements":{"total":0,"covered":0,"skipped":0,"pct":0},"branches":{"total":0,"covered":0,"skipped":0,"pct":0}}
,"/home/modesto/projects/meucontrole-ai/zara/zara-idp-webpage/src/shared/utils/utils.ts": {"lines":{"total":28,"covered":27,"skipped":0,"pct":96.42},"functions":{"total":7,"covered":7,"skipped":0,"pct":100},"statements":{"total":40,"covered":37,"skipped":0,"pct":92.5},"branches":{"total":32,"covered":27,"skipped":0,"pct":84.37}}
}
