TN:
SF:src/app/providers.tsx
FN:15,ThemeBridge
FN:24,AppProviders
FNF:2
FNH:0
FNDA:0,ThemeBridge
FNDA:0,AppProviders
DA:16,0
DA:17,0
DA:25,0
LF:3
LH:0
BRF:0
BRH:0
end_of_record
TN:
SF:src/app/store.ts
FN:20,(anonymous_0)
FNF:1
FNH:0
FNDA:0,(anonymous_0)
DA:13,0
DA:21,0
DA:30,0
LF:3
LH:0
BRF:0
BRH:0
end_of_record
TN:
SF:src/app/guards/GuestRoute.tsx
FN:11,GuestRoute
FNF:1
FNH:0
FNDA:0,GuestRoute
DA:12,0
LF:1
LH:0
BRF:0
BRH:0
end_of_record
TN:
SF:src/app/guards/ProtectedRoute.tsx
FN:12,ProtectedRoute
FNF:1
FNH:0
FNDA:0,ProtectedRoute
DA:13,0
LF:1
LH:0
BRF:0
BRH:0
end_of_record
TN:
SF:src/features/analytics/components/ActivityBarChart.tsx
FN:10,ActivityBarChart
FN:11,(anonymous_1)
FN:12,(anonymous_2)
FN:26,(anonymous_3)
FNF:4
FNH:0
FNDA:0,ActivityBarChart
FNDA:0,(anonymous_1)
FNDA:0,(anonymous_2)
FNDA:0,(anonymous_3)
DA:11,0
DA:12,0
DA:14,0
DA:27,0
DA:28,0
LF:5
LH:0
BRDA:23,0,0,0
BRDA:23,0,1,0
BRDA:37,1,0,0
BRDA:37,1,1,0
BRDA:39,2,0,0
BRDA:39,2,1,0
BRF:6
BRH:0
end_of_record
TN:
SF:src/features/analytics/components/AnalyticsFilters.tsx
FN:9,AnalyticsFilters
FN:13,(anonymous_1)
FNF:2
FNH:0
FNDA:0,AnalyticsFilters
FNDA:0,(anonymous_1)
DA:10,0
DA:13,0
LF:2
LH:0
BRF:0
BRH:0
end_of_record
TN:
SF:src/features/analytics/components/AnalyticsOverview.tsx
FN:9,AnalyticsOverview
FNF:1
FNH:0
FNDA:0,AnalyticsOverview
DA:10,0
LF:1
LH:0
BRDA:16,0,0,0
BRDA:16,0,1,0
BRDA:24,1,0,0
BRDA:24,1,1,0
BRDA:32,2,0,0
BRDA:32,2,1,0
BRDA:40,3,0,0
BRDA:40,3,1,0
BRF:8
BRH:0
end_of_record
TN:
SF:src/features/analytics/components/AnalyticsPage.tsx
FN:13,AnalyticsPage
FNF:1
FNH:0
FNDA:0,AnalyticsPage
DA:26,0
DA:28,0
DA:29,0
DA:32,0
DA:33,0
DA:36,0
LF:6
LH:0
BRDA:28,0,0,0
BRDA:28,0,1,0
BRDA:32,1,0,0
BRDA:32,1,1,0
BRF:4
BRH:0
end_of_record
TN:
SF:src/features/analytics/components/AnalyticsSummaryCards.tsx
FN:9,AnalyticsSummaryCards
FNF:1
FNH:0
FNDA:0,AnalyticsSummaryCards
DA:10,0
LF:1
LH:0
BRDA:18,0,0,0
BRDA:18,0,1,0
BRDA:32,1,0,0
BRDA:32,1,1,0
BRDA:46,2,0,0
BRDA:46,2,1,0
BRF:6
BRH:0
end_of_record
TN:
SF:src/features/analytics/components/HealthDistributionCard.tsx
FN:9,HealthDistributionCard
FNF:1
FNH:0
FNDA:0,HealthDistributionCard
DA:10,0
DA:11,0
DA:13,0
LF:3
LH:0
BRDA:11,0,0,0
BRDA:11,0,1,0
BRF:2
BRH:0
end_of_record
TN:
SF:src/features/analytics/components/RecentActivityCard.tsx
FN:9,StatusIcon
FN:20,formatRelativeTime
FN:33,RecentActivityCard
FN:45,(anonymous_3)
FNF:4
FNH:0
FNDA:0,StatusIcon
FNDA:0,formatRelativeTime
FNDA:0,RecentActivityCard
FNDA:0,(anonymous_3)
DA:10,0
DA:12,0
DA:14,0
DA:16,0
DA:21,0
DA:22,0
DA:23,0
DA:24,0
DA:26,0
DA:27,0
DA:28,0
DA:29,0
DA:30,0
DA:34,0
DA:46,0
LF:15
LH:0
BRDA:10,0,0,0
BRDA:10,0,1,0
BRDA:10,0,2,0
BRDA:26,1,0,0
BRDA:26,1,1,0
BRDA:27,2,0,0
BRDA:27,2,1,0
BRDA:29,3,0,0
BRDA:29,3,1,0
BRDA:43,4,0,0
BRDA:43,4,1,0
BRF:11
BRH:0
end_of_record
TN:
SF:src/features/analytics/components/ResourcesByKindCard.tsx
FN:9,ResourcesByKindCard
FN:21,(anonymous_1)
FNF:2
FNH:0
FNDA:0,ResourcesByKindCard
FNDA:0,(anonymous_1)
DA:10,0
DA:22,0
LF:2
LH:0
BRDA:19,0,0,0
BRDA:19,0,1,0
BRF:2
BRH:0
end_of_record
TN:
SF:src/features/analytics/components/TopResourcesCard.tsx
FN:9,TrendIcon
FN:20,TopResourcesCard
FN:32,(anonymous_2)
FNF:3
FNH:0
FNDA:0,TrendIcon
FNDA:0,TopResourcesCard
FNDA:0,(anonymous_2)
DA:10,0
DA:12,0
DA:14,0
DA:16,0
DA:21,0
DA:33,0
LF:6
LH:0
BRDA:10,0,0,0
BRDA:10,0,1,0
BRDA:10,0,2,0
BRDA:30,1,0,0
BRDA:30,1,1,0
BRF:5
BRH:0
end_of_record
TN:
SF:src/features/analytics/hooks/useAnalyticsDashboard.ts
FN:73,useAnalyticsDashboard
FN:84,(anonymous_1)
FN:90,(anonymous_2)
FN:117,(anonymous_3)
FN:128,(anonymous_4)
FN:134,(anonymous_5)
FN:137,(anonymous_6)
FN:143,(anonymous_7)
FNF:8
FNH:0
FNDA:0,useAnalyticsDashboard
FNDA:0,(anonymous_1)
FNDA:0,(anonymous_2)
FNDA:0,(anonymous_3)
FNDA:0,(anonymous_4)
FNDA:0,(anonymous_5)
FNDA:0,(anonymous_6)
FNDA:0,(anonymous_7)
DA:74,0
DA:75,0
DA:76,0
DA:77,0
DA:80,0
DA:81,0
DA:82,0
DA:84,0
DA:85,0
DA:86,0
DA:87,0
DA:90,0
DA:91,0
DA:101,0
DA:102,0
DA:117,0
DA:119,0
DA:121,0
DA:128,0
DA:129,0
DA:132,0
DA:133,0
DA:134,0
DA:137,0
DA:138,0
DA:141,0
DA:142,0
DA:143,0
DA:151,0
DA:152,0
DA:154,0
LF:31
LH:0
BRDA:80,0,0,0
BRDA:80,0,1,0
BRDA:80,0,2,0
BRDA:81,1,0,0
BRDA:81,1,1,0
BRDA:81,1,2,0
BRDA:82,2,0,0
BRDA:82,2,1,0
BRDA:82,3,0,0
BRDA:82,3,1,0
BRDA:101,4,0,0
BRDA:101,4,1,0
BRDA:103,5,0,0
BRDA:103,5,1,0
BRDA:105,6,0,0
BRDA:105,6,1,0
BRDA:107,7,0,0
BRDA:107,7,1,0
BRDA:119,8,0,0
BRDA:119,8,1,0
BRDA:122,9,0,0
BRDA:122,9,1,0
BRDA:123,10,0,0
BRDA:123,10,1,0
BRDA:124,11,0,0
BRDA:124,11,1,0
BRDA:132,12,0,0
BRDA:132,12,1,0
BRDA:133,13,0,0
BRDA:133,13,1,0
BRDA:134,14,0,0
BRDA:134,14,1,0
BRDA:134,14,2,0
BRDA:141,15,0,0
BRDA:141,15,1,0
BRDA:142,16,0,0
BRDA:142,16,1,0
BRDA:146,17,0,0
BRDA:146,17,1,0
BRF:39
BRH:0
end_of_record
TN:
SF:src/features/analytics/services/analyticsApi.ts
FN:10,(anonymous_0)
FN:12,(anonymous_1)
FN:17,(anonymous_2)
FN:22,(anonymous_3)
FN:27,(anonymous_4)
FN:32,(anonymous_5)
FN:37,(anonymous_6)
FN:41,(anonymous_7)
FNF:8
FNH:0
FNDA:0,(anonymous_0)
FNDA:0,(anonymous_1)
FNDA:0,(anonymous_2)
FNDA:0,(anonymous_3)
FNDA:0,(anonymous_4)
FNDA:0,(anonymous_5)
FNDA:0,(anonymous_6)
FNDA:0,(anonymous_7)
DA:9,0
DA:10,0
DA:12,0
DA:17,0
DA:22,0
DA:27,0
DA:32,0
DA:37,0
DA:41,0
DA:56,0
LF:10
LH:0
BRDA:39,0,0,0
BRDA:39,0,1,0
BRDA:42,1,0,0
BRDA:42,1,1,0
BRF:4
BRH:0
end_of_record
TN:
SF:src/features/approvals/components/ApprovalActionsDialog.tsx
FN:19,ApprovalActionsDialog
FN:40,(anonymous_1)
FNF:2
FNH:0
FNDA:0,ApprovalActionsDialog
FNDA:0,(anonymous_1)
DA:27,0
DA:29,0
DA:40,0
LF:3
LH:0
BRDA:27,0,0,0
BRDA:27,0,1,0
BRF:2
BRH:0
end_of_record
TN:
SF:src/features/approvals/components/ApprovalDetailHeader.tsx
FN:12,ApprovalDetailHeader
FNF:1
FNH:0
FNDA:0,ApprovalDetailHeader
DA:18,0
DA:20,0
LF:2
LH:0
BRDA:34,0,0,0
BRDA:34,0,1,0
BRF:2
BRH:0
end_of_record
TN:
SF:src/features/approvals/components/ApprovalDetailPage.tsx
FN:13,ApprovalDetailPage
FN:67,(anonymous_1)
FN:80,(anonymous_2)
FNF:3
FNH:0
FNDA:0,ApprovalDetailPage
FNDA:0,(anonymous_1)
FNDA:0,(anonymous_2)
DA:14,0
DA:28,0
DA:30,0
DA:31,0
DA:34,0
DA:35,0
DA:44,0
DA:47,0
DA:67,0
DA:80,0
LF:10
LH:0
BRDA:30,0,0,0
BRDA:30,0,1,0
BRDA:30,1,0,0
BRDA:30,1,1,0
BRDA:34,2,0,0
BRDA:34,2,1,0
BRDA:44,3,0,0
BRDA:44,3,1,0
BRDA:44,3,2,0
BRDA:57,4,0,0
BRDA:57,4,1,0
BRF:11
BRH:0
end_of_record
TN:
SF:src/features/approvals/components/ApprovalFilters.tsx
FN:18,ApprovalFilters
FN:21,(anonymous_1)
FN:24,(anonymous_2)
FNF:3
FNH:0
FNDA:0,ApprovalFilters
FNDA:0,(anonymous_1)
FNDA:0,(anonymous_2)
DA:5,0
DA:19,0
DA:22,0
DA:24,0
LF:4
LH:0
BRDA:27,0,0,0
BRDA:27,0,1,0
BRF:2
BRH:0
end_of_record
TN:
SF:src/features/approvals/components/ApprovalListView.tsx
FN:22,ApprovalListView
FN:52,(anonymous_1)
FNF:2
FNH:0
FNDA:0,ApprovalListView
FNDA:0,(anonymous_1)
DA:23,0
DA:53,0
LF:2
LH:0
BRDA:26,0,0,0
BRDA:26,0,1,0
BRDA:28,1,0,0
BRDA:28,1,1,0
BRDA:33,2,0,0
BRDA:33,2,1,0
BRF:6
BRH:0
end_of_record
TN:
SF:src/features/approvals/components/ApprovalRequestDetails.tsx
FN:8,ApprovalRequestDetails
FNF:1
FNH:0
FNDA:0,ApprovalRequestDetails
DA:9,0
LF:1
LH:0
BRDA:34,0,0,0
BRDA:34,0,1,0
BRDA:41,1,0,0
BRDA:41,1,1,0
BRF:4
BRH:0
end_of_record
TN:
SF:src/features/approvals/components/ApprovalRow.tsx
FN:22,ApprovalRow
FNF:1
FNH:0
FNDA:0,ApprovalRow
DA:12,0
DA:23,0
LF:2
LH:0
BRF:0
BRH:0
end_of_record
TN:
SF:src/features/approvals/components/ApprovalTimeline.tsx
FN:10,ApprovalTimeline
FN:65,TimelineItem
FNF:2
FNH:0
FNDA:0,ApprovalTimeline
FNDA:0,TimelineItem
DA:11,0
DA:66,0
LF:2
LH:0
BRDA:26,0,0,0
BRDA:26,0,1,0
BRDA:35,1,0,0
BRDA:35,1,1,0
BRDA:72,2,0,0
BRDA:72,2,1,0
BRDA:77,3,0,0
BRDA:77,3,1,0
BRDA:81,4,0,0
BRDA:81,4,1,0
BRF:10
BRH:0
end_of_record
TN:
SF:src/features/approvals/components/ApprovalsPage.tsx
FN:8,ApprovalsPage
FNF:1
FNH:0
FNDA:0,ApprovalsPage
DA:9,0
DA:12,0
DA:13,0
DA:18,0
LF:4
LH:0
BRDA:12,0,0,0
BRDA:12,0,1,0
BRDA:14,1,0,0
BRDA:14,1,1,0
BRDA:27,2,0,0
BRDA:27,2,1,0
BRF:6
BRH:0
end_of_record
TN:
SF:src/features/approvals/hooks/useApprovalDetail.ts
FN:28,useApprovalDetail
FN:40,(anonymous_1)
FN:44,(anonymous_2)
FN:48,(anonymous_3)
FN:52,(anonymous_4)
FNF:5
FNH:0
FNDA:0,useApprovalDetail
FNDA:0,(anonymous_1)
FNDA:0,(anonymous_2)
FNDA:0,(anonymous_3)
FNDA:0,(anonymous_4)
DA:33,0
DA:34,0
DA:35,0
DA:36,0
DA:37,0
DA:38,0
DA:40,0
DA:41,0
DA:42,0
DA:44,0
DA:48,0
DA:49,0
DA:50,0
DA:52,0
DA:53,0
DA:54,0
DA:58,0
LF:17
LH:0
BRDA:33,0,0,0
BRDA:33,0,1,0
BRDA:36,1,0,0
BRDA:36,1,1,0
BRDA:41,2,0,0
BRDA:41,2,1,0
BRDA:49,3,0,0
BRDA:49,3,1,0
BRDA:49,4,0,0
BRDA:49,4,1,0
BRF:10
BRH:0
end_of_record
TN:
SF:src/features/approvals/hooks/useApprovalsDashboard.ts
FN:20,useApprovalsDashboard
FN:22,(anonymous_1)
FN:33,(anonymous_2)
FN:33,(anonymous_3)
FN:38,(anonymous_4)
FN:38,(anonymous_5)
FN:43,(anonymous_6)
FNF:7
FNH:0
FNDA:0,useApprovalsDashboard
FNDA:0,(anonymous_1)
FNDA:0,(anonymous_2)
FNDA:0,(anonymous_3)
FNDA:0,(anonymous_4)
FNDA:0,(anonymous_5)
FNDA:0,(anonymous_6)
DA:21,0
DA:22,0
DA:28,0
DA:32,0
DA:33,0
DA:37,0
DA:38,0
DA:42,0
DA:44,0
DA:49,0
LF:10
LH:0
BRDA:24,0,0,0
BRDA:33,1,0,0
BRDA:33,1,1,0
BRF:3
BRH:0
end_of_record
TN:
SF:src/features/approvals/services/approvalsApi.ts
FN:5,(anonymous_0)
FN:10,(anonymous_1)
FN:16,(anonymous_2)
FN:17,(anonymous_3)
FN:20,(anonymous_4)
FN:27,(anonymous_5)
FN:28,(anonymous_6)
FN:32,(anonymous_7)
FN:37,(anonymous_8)
FN:45,(anonymous_9)
FN:50,(anonymous_10)
FNF:11
FNH:0
FNDA:0,(anonymous_0)
FNDA:0,(anonymous_1)
FNDA:0,(anonymous_2)
FNDA:0,(anonymous_3)
FNDA:0,(anonymous_4)
FNDA:0,(anonymous_5)
FNDA:0,(anonymous_6)
FNDA:0,(anonymous_7)
FNDA:0,(anonymous_8)
FNDA:0,(anonymous_9)
FNDA:0,(anonymous_10)
DA:4,0
DA:5,0
DA:11,0
DA:12,0
DA:13,0
DA:14,0
DA:16,0
DA:18,0
DA:20,0
DA:27,0
DA:28,0
DA:32,0
DA:37,0
DA:45,0
DA:50,0
DA:65,0
LF:16
LH:0
BRDA:12,0,0,0
BRDA:12,0,1,0
BRDA:13,1,0,0
BRDA:13,1,1,0
BRDA:13,2,0,0
BRDA:13,2,1,0
BRDA:18,3,0,0
BRDA:18,3,1,0
BRF:8
BRH:0
end_of_record
TN:
SF:src/features/approvals/store/approvalsSlice.ts
FN:21,(anonymous_0)
FNF:1
FNH:0
FNDA:0,(anonymous_0)
DA:13,1
DA:17,1
DA:22,0
DA:27,1
LF:4
LH:3
BRF:0
BRH:0
end_of_record
TN:
SF:src/features/audit/components/AuditDetailPage.tsx
FN:24,AuditDetailPage
FN:124,(anonymous_1)
FNF:2
FNH:0
FNDA:0,AuditDetailPage
FNDA:0,(anonymous_1)
DA:18,0
DA:25,0
DA:26,0
DA:31,0
DA:32,0
DA:35,0
DA:36,0
DA:43,0
DA:44,0
DA:53,0
DA:125,0
LF:11
LH:0
BRDA:27,0,0,0
BRDA:27,0,1,0
BRDA:31,1,0,0
BRDA:31,1,1,0
BRDA:31,2,0,0
BRDA:31,2,1,0
BRDA:35,3,0,0
BRDA:35,3,1,0
BRDA:38,4,0,0
BRDA:38,4,1,0
BRDA:43,5,0,0
BRDA:43,5,1,0
BRDA:105,6,0,0
BRDA:105,6,1,0
BRDA:122,7,0,0
BRDA:122,7,1,0
BRDA:122,8,0,0
BRDA:122,8,1,0
BRF:18
BRH:0
end_of_record
TN:
SF:src/features/audit/components/AuditFilters.tsx
FN:4,AuditFilters
FNF:1
FNH:0
FNDA:0,AuditFilters
DA:5,0
LF:1
LH:0
BRF:0
BRH:0
end_of_record
TN:
SF:src/features/audit/components/AuditPage.tsx
FN:19,AuditPage
FN:69,(anonymous_1)
FNF:2
FNH:0
FNDA:0,AuditPage
FNDA:0,(anonymous_1)
DA:20,0
DA:22,0
DA:23,0
DA:24,0
DA:27,0
DA:70,0
LF:6
LH:0
BRDA:22,0,0,0
BRDA:22,0,1,0
BRDA:23,1,0,0
BRDA:23,1,1,0
BRDA:45,2,0,0
BRDA:45,2,1,0
BRDA:49,3,0,0
BRDA:49,3,1,0
BRDA:51,4,0,0
BRDA:51,4,1,0
BRDA:51,5,0,0
BRDA:51,5,1,0
BRF:12
BRH:0
end_of_record
TN:
SF:src/features/audit/components/AuditRow.tsx
FN:24,AuditRow
FNF:1
FNH:0
FNDA:0,AuditRow
DA:12,0
DA:18,0
DA:25,0
DA:26,0
DA:27,0
DA:29,0
LF:6
LH:0
BRDA:25,0,0,0
BRDA:25,0,1,0
BRDA:26,1,0,0
BRDA:26,1,1,0
BRDA:27,2,0,0
BRDA:27,2,1,0
BRF:6
BRH:0
end_of_record
TN:
SF:src/features/audit/services/auditApi.ts
FN:14,(anonymous_0)
FN:16,(anonymous_1)
FN:17,(anonymous_2)
FN:18,(anonymous_3)
FN:21,(anonymous_4)
FN:28,(anonymous_5)
FN:29,(anonymous_6)
FNF:7
FNH:0
FNDA:0,(anonymous_0)
FNDA:0,(anonymous_1)
FNDA:0,(anonymous_2)
FNDA:0,(anonymous_3)
FNDA:0,(anonymous_4)
FNDA:0,(anonymous_5)
FNDA:0,(anonymous_6)
DA:13,0
DA:14,0
DA:16,0
DA:17,0
DA:19,0
DA:21,0
DA:28,0
DA:29,0
DA:35,0
LF:9
LH:0
BRDA:16,0,0,0
BRDA:16,0,1,0
BRDA:19,1,0,0
BRDA:19,1,1,0
BRF:4
BRH:0
end_of_record
TN:
SF:src/features/business-domains/components/BusinessDomainCard.tsx
FN:28,BusinessDomainCard
FN:38,(anonymous_1)
FN:54,(anonymous_2)
FN:116,(anonymous_3)
FN:126,(anonymous_4)
FNF:5
FNH:0
FNDA:0,BusinessDomainCard
FNDA:0,(anonymous_1)
FNDA:0,(anonymous_2)
FNDA:0,(anonymous_3)
FNDA:0,(anonymous_4)
DA:35,0
DA:37,0
DA:38,0
DA:55,0
DA:117,0
DA:118,0
DA:127,0
DA:128,0
LF:8
LH:0
BRDA:42,0,0,0
BRDA:42,0,1,0
BRDA:83,1,0,0
BRDA:83,1,1,0
BRDA:85,2,0,0
BRDA:85,2,1,0
BRF:6
BRH:0
end_of_record
TN:
SF:src/features/business-domains/components/BusinessDomainDetailPanel.tsx
FN:11,BusinessDomainDetailPanel
FN:87,(anonymous_1)
FN:110,(anonymous_2)
FN:111,(anonymous_3)
FN:115,(anonymous_4)
FN:116,(anonymous_5)
FNF:6
FNH:0
FNDA:0,BusinessDomainDetailPanel
FNDA:0,(anonymous_1)
FNDA:0,(anonymous_2)
FNDA:0,(anonymous_3)
FNDA:0,(anonymous_4)
FNDA:0,(anonymous_5)
DA:16,0
DA:17,0
DA:28,0
DA:30,0
DA:88,0
DA:111,0
DA:112,0
DA:116,0
DA:117,0
LF:9
LH:0
BRDA:16,0,0,0
BRDA:16,0,1,0
BRDA:28,1,0,0
BRDA:28,1,1,0
BRDA:28,2,0,0
BRDA:28,2,1,0
BRDA:85,3,0,0
BRDA:85,3,1,0
BRDA:108,4,0,0
BRDA:108,4,1,0
BRDA:117,5,0,0
BRDA:117,5,1,0
BRDA:123,6,0,0
BRDA:123,6,1,0
BRF:14
BRH:0
end_of_record
TN:
SF:src/features/business-domains/components/BusinessDomainFormModal.tsx
FN:16,BusinessDomainFormModal
FN:24,(anonymous_1)
FN:31,(anonymous_2)
FN:71,(anonymous_3)
FN:81,(anonymous_4)
FN:89,(anonymous_5)
FN:97,(anonymous_6)
FNF:7
FNH:0
FNDA:0,BusinessDomainFormModal
FNDA:0,(anonymous_1)
FNDA:0,(anonymous_2)
FNDA:0,(anonymous_3)
FNDA:0,(anonymous_4)
FNDA:0,(anonymous_5)
FNDA:0,(anonymous_6)
DA:17,0
DA:18,0
DA:19,0
DA:20,0
DA:24,0
DA:31,0
DA:32,0
DA:34,0
DA:35,0
DA:36,0
DA:45,0
DA:52,0
DA:58,0
DA:71,0
DA:81,0
DA:89,0
DA:97,0
LF:17
LH:0
BRDA:19,0,0,0
BRDA:19,0,1,0
BRDA:20,1,0,0
BRDA:20,1,1,0
BRDA:20,1,2,0
BRDA:25,2,0,0
BRDA:25,2,1,0
BRDA:26,3,0,0
BRDA:26,3,1,0
BRDA:27,4,0,0
BRDA:27,4,1,0
BRDA:28,5,0,0
BRDA:28,5,1,0
BRDA:28,5,2,0
BRDA:35,6,0,0
BRDA:35,6,1,0
BRDA:59,7,0,0
BRDA:59,7,1,0
BRDA:61,8,0,0
BRDA:61,8,1,0
BRDA:107,9,0,0
BRDA:107,9,1,0
BRF:22
BRH:0
end_of_record
TN:
SF:src/features/business-domains/components/BusinessDomainListView.tsx
FN:26,BusinessDomainListView
FN:46,(anonymous_1)
FN:51,(anonymous_2)
FN:56,(anonymous_3)
FN:73,(anonymous_4)
FNF:5
FNH:0
FNDA:0,BusinessDomainListView
FNDA:0,(anonymous_1)
FNDA:0,(anonymous_2)
FNDA:0,(anonymous_3)
FNDA:0,(anonymous_4)
DA:19,0
DA:37,0
DA:46,0
DA:52,0
DA:56,0
DA:74,0
LF:6
LH:0
BRDA:54,0,0,0
BRDA:54,0,1,0
BRDA:66,1,0,0
BRDA:66,1,1,0
BRF:4
BRH:0
end_of_record
TN:
SF:src/features/business-domains/components/BusinessDomainsPage.tsx
FN:11,BusinessDomainsPage
FN:75,(anonymous_1)
FN:81,(anonymous_2)
FNF:3
FNH:0
FNDA:0,BusinessDomainsPage
FNDA:0,(anonymous_1)
FNDA:0,(anonymous_2)
DA:12,0
DA:14,0
DA:15,0
DA:18,0
DA:19,0
DA:27,0
DA:75,0
DA:81,0
LF:8
LH:0
BRDA:14,0,0,0
BRDA:14,0,1,0
BRDA:18,1,0,0
BRDA:18,1,1,0
BRDA:21,2,0,0
BRDA:21,2,1,0
BRDA:73,3,0,0
BRDA:73,3,1,0
BRDA:85,4,0,0
BRDA:85,4,1,0
BRF:10
BRH:0
end_of_record
TN:
SF:src/features/business-domains/components/BusinessDomainsStats.tsx
FN:10,BusinessDomainsStats
FNF:1
FNH:0
FNDA:0,BusinessDomainsStats
DA:11,0
LF:1
LH:0
BRF:0
BRH:0
end_of_record
TN:
SF:src/features/business-domains/components/types.ts
FN:21,getTierColor
FN:34,getHealthPercentage
FNF:2
FNH:0
FNDA:0,getTierColor
FNDA:0,getHealthPercentage
DA:22,0
DA:24,0
DA:26,0
DA:28,0
DA:30,0
DA:36,0
DA:39,0
LF:7
LH:0
BRDA:22,0,0,0
BRDA:22,0,1,0
BRDA:22,0,2,0
BRDA:22,0,3,0
BRDA:39,1,0,0
BRDA:39,1,1,0
BRF:6
BRH:0
end_of_record
TN:
SF:src/features/business-domains/hooks/useBusinessDomainsDashboard.ts
FN:45,mapReduxDomains
FN:46,(anonymous_1)
FN:58,(anonymous_2)
FN:63,useBusinessDomainsDashboard
FN:81,(anonymous_4)
FN:85,(anonymous_5)
FN:86,(anonymous_6)
FN:91,(anonymous_7)
FN:99,(anonymous_8)
FN:100,(anonymous_9)
FN:101,(anonymous_10)
FN:102,(anonymous_11)
FN:103,(anonymous_12)
FN:108,(anonymous_13)
FN:113,(anonymous_14)
FN:118,(anonymous_15)
FN:120,(anonymous_16)
FNF:17
FNH:0
FNDA:0,mapReduxDomains
FNDA:0,(anonymous_1)
FNDA:0,(anonymous_2)
FNDA:0,useBusinessDomainsDashboard
FNDA:0,(anonymous_4)
FNDA:0,(anonymous_5)
FNDA:0,(anonymous_6)
FNDA:0,(anonymous_7)
FNDA:0,(anonymous_8)
FNDA:0,(anonymous_9)
FNDA:0,(anonymous_10)
FNDA:0,(anonymous_11)
FNDA:0,(anonymous_12)
FNDA:0,(anonymous_13)
FNDA:0,(anonymous_14)
FNDA:0,(anonymous_15)
FNDA:0,(anonymous_16)
DA:46,0
DA:58,0
DA:69,0
DA:70,0
DA:71,0
DA:73,0
DA:74,0
DA:75,0
DA:76,0
DA:77,0
DA:78,0
DA:80,0
DA:81,0
DA:85,0
DA:86,0
DA:88,0
DA:91,0
DA:93,0
DA:95,0
DA:99,0
DA:100,0
DA:101,0
DA:102,0
DA:103,0
DA:105,0
DA:108,0
DA:109,0
DA:110,0
DA:113,0
DA:114,0
DA:115,0
DA:118,0
DA:119,0
DA:120,0
DA:121,0
DA:122,0
DA:123,0
DA:128,0
LF:38
LH:0
BRDA:46,0,0,0
BRDA:46,0,1,0
BRDA:47,1,0,0
BRDA:47,1,1,0
BRDA:47,1,2,0
BRDA:47,1,3,0
BRDA:48,2,0,0
BRDA:48,2,1,0
BRDA:48,2,2,0
BRDA:49,3,0,0
BRDA:49,3,1,0
BRDA:49,3,2,0
BRDA:49,3,3,0
BRDA:49,3,4,0
BRDA:50,4,0,0
BRDA:50,4,1,0
BRDA:50,4,2,0
BRDA:51,5,0,0
BRDA:51,5,1,0
BRDA:51,5,2,0
BRDA:52,6,0,0
BRDA:52,6,1,0
BRDA:52,6,2,0
BRDA:54,7,0,0
BRDA:54,7,1,0
BRDA:55,8,0,0
BRDA:55,8,1,0
BRDA:57,9,0,0
BRDA:57,9,1,0
BRDA:58,10,0,0
BRDA:58,10,1,0
BRDA:59,11,0,0
BRDA:59,11,1,0
BRDA:65,12,0,0
BRDA:88,13,0,0
BRDA:88,13,1,0
BRDA:88,13,2,0
BRDA:88,13,3,0
BRDA:93,14,0,0
BRDA:93,14,1,0
BRDA:95,15,0,0
BRDA:95,15,1,0
BRDA:119,16,0,0
BRDA:119,16,1,0
BRDA:122,17,0,0
BRDA:122,17,1,0
BRF:46
BRH:0
end_of_record
TN:
SF:src/features/business-domains/services/businessDomainsApi.ts
FN:19,(anonymous_0)
FN:21,(anonymous_1)
FN:22,(anonymous_2)
FN:23,(anonymous_3)
FN:26,(anonymous_4)
FN:33,(anonymous_5)
FN:34,(anonymous_6)
FN:38,(anonymous_7)
FN:42,(anonymous_8)
FN:50,(anonymous_9)
FN:51,(anonymous_10)
FN:58,(anonymous_11)
FN:59,(anonymous_12)
FNF:13
FNH:0
FNDA:0,(anonymous_0)
FNDA:0,(anonymous_1)
FNDA:0,(anonymous_2)
FNDA:0,(anonymous_3)
FNDA:0,(anonymous_4)
FNDA:0,(anonymous_5)
FNDA:0,(anonymous_6)
FNDA:0,(anonymous_7)
FNDA:0,(anonymous_8)
FNDA:0,(anonymous_9)
FNDA:0,(anonymous_10)
FNDA:0,(anonymous_11)
FNDA:0,(anonymous_12)
DA:18,0
DA:19,0
DA:21,0
DA:22,0
DA:24,0
DA:26,0
DA:33,0
DA:34,0
DA:38,0
DA:42,0
DA:50,0
DA:51,0
DA:58,0
DA:59,0
DA:75,0
LF:15
LH:0
BRDA:24,0,0,0
BRDA:24,0,1,0
BRF:2
BRH:0
end_of_record
TN:
SF:src/features/business-domains/store/businessDomainTypes.ts
FNF:0
FNH:0
LF:0
LH:0
BRF:0
BRH:0
end_of_record
TN:
SF:src/features/calendar/components/CalendarDayCell.tsx
FN:9,CalendarDayCell
FN:11,(anonymous_1)
FN:45,(anonymous_2)
FNF:3
FNH:0
FNDA:0,CalendarDayCell
FNDA:0,(anonymous_1)
FNDA:0,(anonymous_2)
DA:10,0
DA:11,0
DA:13,0
DA:46,0
LF:4
LH:0
BRDA:17,0,0,0
BRDA:17,0,1,0
BRDA:20,1,0,0
BRDA:20,1,1,0
BRDA:21,2,0,0
BRDA:21,2,1,0
BRDA:21,3,0,0
BRDA:21,3,1,0
BRDA:28,4,0,0
BRDA:28,4,1,0
BRDA:29,5,0,0
BRDA:29,5,1,0
BRDA:34,6,0,0
BRDA:34,6,1,0
BRDA:38,7,0,0
BRDA:38,7,1,0
BRDA:43,8,0,0
BRDA:43,8,1,0
BRDA:50,9,0,0
BRDA:50,9,1,0
BRDA:55,10,0,0
BRDA:55,10,1,0
BRDA:58,11,0,0
BRDA:58,11,1,0
BRF:24
BRH:0
end_of_record
TN:
SF:src/features/calendar/components/CalendarEventList.tsx
FN:19,CalendarEventList
FN:37,(anonymous_1)
FN:60,(anonymous_2)
FN:102,FreezeCard
FN:103,(anonymous_4)
FNF:5
FNH:0
FNDA:0,CalendarEventList
FNDA:0,(anonymous_1)
FNDA:0,(anonymous_2)
FNDA:0,FreezeCard
FNDA:0,(anonymous_4)
DA:24,0
DA:38,0
DA:61,0
DA:103,0
DA:104,0
DA:111,0
LF:6
LH:0
BRDA:35,0,0,0
BRDA:35,0,1,0
BRDA:58,1,0,0
BRDA:58,1,1,0
BRDA:115,2,0,0
BRDA:115,2,1,0
BRDA:119,3,0,0
BRDA:119,3,1,0
BRDA:124,4,0,0
BRDA:124,4,1,0
BRDA:131,5,0,0
BRDA:131,5,1,0
BRDA:133,6,0,0
BRDA:133,6,1,0
BRDA:133,6,2,0
BRDA:139,7,0,0
BRDA:139,7,1,0
BRDA:139,7,2,0
BRF:18
BRH:0
end_of_record
TN:
SF:src/features/calendar/components/CalendarFilters.tsx
FN:10,CalendarFilters
FNF:1
FNH:0
FNDA:0,CalendarFilters
DA:11,0
LF:1
LH:0
BRF:0
BRH:0
end_of_record
TN:
SF:src/features/calendar/components/CalendarGrid.tsx
FN:21,CalendarGrid
FN:45,(anonymous_1)
FN:57,(anonymous_2)
FNF:3
FNH:0
FNDA:0,CalendarGrid
FNDA:0,(anonymous_1)
FNDA:0,(anonymous_2)
DA:6,0
DA:11,0
DA:28,0
DA:46,0
DA:58,0
LF:5
LH:0
BRF:0
BRH:0
end_of_record
TN:
SF:src/features/calendar/components/CalendarPage.tsx
FN:7,CalendarPage
FNF:1
FNH:0
FNDA:0,CalendarPage
DA:17,0
DA:19,0
LF:2
LH:0
BRF:0
BRH:0
end_of_record
TN:
SF:src/features/calendar/hooks/useCalendarDashboard.ts
FN:29,getFreezesForDate
FN:30,(anonymous_1)
FN:39,useCalendarDashboard
FN:44,(anonymous_3)
FN:48,(anonymous_4)
FN:100,(anonymous_5)
FN:100,(anonymous_6)
FN:105,(anonymous_7)
FN:106,(anonymous_8)
FN:113,(anonymous_9)
FN:115,(anonymous_10)
FN:118,(anonymous_11)
FN:127,(anonymous_12)
FN:131,(anonymous_13)
FN:135,(anonymous_14)
FNF:15
FNH:0
FNDA:0,getFreezesForDate
FNDA:0,(anonymous_1)
FNDA:0,useCalendarDashboard
FNDA:0,(anonymous_3)
FNDA:0,(anonymous_4)
FNDA:0,(anonymous_5)
FNDA:0,(anonymous_6)
FNDA:0,(anonymous_7)
FNDA:0,(anonymous_8)
FNDA:0,(anonymous_9)
FNDA:0,(anonymous_10)
FNDA:0,(anonymous_11)
FNDA:0,(anonymous_12)
FNDA:0,(anonymous_13)
FNDA:0,(anonymous_14)
DA:30,0
DA:31,0
DA:32,0
DA:33,0
DA:34,0
DA:35,0
DA:40,0
DA:41,0
DA:43,0
DA:44,0
DA:48,0
DA:49,0
DA:50,0
DA:52,0
DA:53,0
DA:54,0
DA:56,0
DA:57,0
DA:58,0
DA:61,0
DA:62,0
DA:63,0
DA:64,0
DA:73,0
DA:74,0
DA:75,0
DA:76,0
DA:85,0
DA:86,0
DA:87,0
DA:88,0
DA:96,0
DA:99,0
DA:100,0
DA:104,0
DA:106,0
DA:107,0
DA:108,0
DA:113,0
DA:114,0
DA:115,0
DA:117,0
DA:118,0
DA:120,0
DA:127,0
DA:128,0
DA:131,0
DA:132,0
DA:135,0
DA:136,0
DA:139,0
LF:51
LH:0
BRDA:32,0,0,0
BRDA:32,0,1,0
BRDA:35,1,0,0
BRDA:35,1,1,0
BRDA:44,2,0,0
BRDA:44,2,1,0
BRDA:108,3,0,0
BRDA:108,3,1,0
BRDA:115,4,0,0
BRDA:115,4,1,0
BRDA:118,5,0,0
BRDA:118,5,1,0
BRF:12
BRH:0
end_of_record
TN:
SF:src/features/clusters/types.ts
FNF:0
FNH:0
LF:0
LH:0
BRF:0
BRH:0
end_of_record
TN:
SF:src/features/clusters/components/ClusterDetailPanel.tsx
FN:17,ClusterDetailPanel
FNF:1
FNH:0
FNDA:0,ClusterDetailPanel
DA:18,0
DA:19,0
DA:29,0
LF:3
LH:0
BRDA:18,0,0,0
BRDA:18,0,1,0
BRDA:141,1,0,0
BRDA:141,1,1,0
BRF:4
BRH:0
end_of_record
TN:
SF:src/features/clusters/components/ClusterFormModal.tsx
FN:29,ClusterFormModal
FN:44,(anonymous_1)
FN:52,(anonymous_2)
FN:92,(anonymous_3)
FN:102,(anonymous_4)
FN:110,(anonymous_5)
FN:119,(anonymous_6)
FN:127,(anonymous_7)
FNF:8
FNH:0
FNDA:0,ClusterFormModal
FNDA:0,(anonymous_1)
FNDA:0,(anonymous_2)
FNDA:0,(anonymous_3)
FNDA:0,(anonymous_4)
FNDA:0,(anonymous_5)
FNDA:0,(anonymous_6)
FNDA:0,(anonymous_7)
DA:16,0
DA:23,0
DA:30,0
DA:31,0
DA:32,0
DA:33,0
DA:38,0
DA:44,0
DA:52,0
DA:53,0
DA:55,0
DA:56,0
DA:57,0
DA:65,0
DA:73,0
DA:79,0
DA:92,0
DA:102,0
DA:110,0
DA:119,0
DA:127,0
LF:21
LH:0
BRDA:32,0,0,0
BRDA:32,0,1,0
BRDA:33,1,0,0
BRDA:33,1,1,0
BRDA:33,1,2,0
BRDA:45,2,0,0
BRDA:45,2,1,0
BRDA:46,3,0,0
BRDA:46,3,1,0
BRDA:47,4,0,0
BRDA:47,4,1,0
BRDA:48,5,0,0
BRDA:48,5,1,0
BRDA:49,6,0,0
BRDA:49,6,1,0
BRDA:56,7,0,0
BRDA:56,7,1,0
BRDA:80,8,0,0
BRDA:80,8,1,0
BRDA:82,9,0,0
BRDA:82,9,1,0
BRDA:138,10,0,0
BRDA:138,10,1,0
BRF:23
BRH:0
end_of_record
TN:
SF:src/features/clusters/components/ClusterListItem.tsx
FN:31,ClusterListItem
FN:39,(anonymous_1)
FN:131,(anonymous_2)
FN:141,(anonymous_3)
FNF:4
FNH:0
FNDA:0,ClusterListItem
FNDA:0,(anonymous_1)
FNDA:0,(anonymous_2)
FNDA:0,(anonymous_3)
DA:38,0
DA:39,0
DA:132,0
DA:133,0
DA:142,0
DA:143,0
LF:6
LH:0
BRDA:43,0,0,0
BRDA:43,0,1,0
BRF:2
BRH:0
end_of_record
TN:
SF:src/features/clusters/components/ClusterListView.tsx
FN:14,ClusterListView
FN:33,(anonymous_1)
FNF:2
FNH:0
FNDA:0,ClusterListView
FNDA:0,(anonymous_1)
DA:21,0
DA:22,0
DA:31,0
DA:34,0
LF:4
LH:0
BRDA:21,0,0,0
BRDA:21,0,1,0
BRF:2
BRH:0
end_of_record
TN:
SF:src/features/clusters/components/ClustersFilters.tsx
FN:18,ClustersFilters
FN:31,(anonymous_1)
FN:36,(anonymous_2)
FN:41,(anonymous_3)
FNF:4
FNH:0
FNDA:0,ClustersFilters
FNDA:0,(anonymous_1)
FNDA:0,(anonymous_2)
FNDA:0,(anonymous_3)
DA:11,0
DA:24,0
DA:31,0
DA:37,0
DA:41,0
LF:5
LH:0
BRDA:39,0,0,0
BRDA:39,0,1,0
BRF:2
BRH:0
end_of_record
TN:
SF:src/features/clusters/components/ClustersPage.tsx
FN:12,ClustersPage
FN:97,(anonymous_1)
FN:103,(anonymous_2)
FNF:3
FNH:0
FNDA:0,ClustersPage
FNDA:0,(anonymous_1)
FNDA:0,(anonymous_2)
DA:35,0
DA:37,0
DA:38,0
DA:41,0
DA:42,0
DA:50,0
DA:97,0
DA:103,0
LF:8
LH:0
BRDA:37,0,0,0
BRDA:37,0,1,0
BRDA:41,1,0,0
BRDA:41,1,1,0
BRDA:44,2,0,0
BRDA:44,2,1,0
BRDA:95,3,0,0
BRDA:95,3,1,0
BRDA:106,4,0,0
BRDA:106,4,1,0
BRF:10
BRH:0
end_of_record
TN:
SF:src/features/clusters/components/ClustersStats.tsx
FN:10,ClustersStats
FNF:1
FNH:0
FNDA:0,ClustersStats
DA:11,0
LF:1
LH:0
BRF:0
BRH:0
end_of_record
TN:
SF:src/features/clusters/components/clusterPresentation.tsx
FN:11,getStatusIcon
FN:24,getStatusColor
FN:37,getProviderIcon
FN:50,getEnvColor
FN:61,formatRelativeTime
FN:74,getUsageBarColor
FNF:6
FNH:0
FNDA:0,getStatusIcon
FNDA:0,getStatusColor
FNDA:0,getProviderIcon
FNDA:0,getEnvColor
FNDA:0,formatRelativeTime
FNDA:0,getUsageBarColor
DA:12,0
DA:14,0
DA:16,0
DA:18,0
DA:20,0
DA:25,0
DA:27,0
DA:29,0
DA:31,0
DA:33,0
DA:38,0
DA:40,0
DA:42,0
DA:44,0
DA:46,0
DA:51,0
DA:53,0
DA:55,0
DA:57,0
DA:62,0
DA:63,0
DA:64,0
DA:65,0
DA:67,0
DA:68,0
DA:69,0
DA:70,0
DA:71,0
DA:75,0
DA:76,0
DA:77,0
LF:31
LH:0
BRDA:12,0,0,0
BRDA:12,0,1,0
BRDA:12,0,2,0
BRDA:12,0,3,0
BRDA:25,1,0,0
BRDA:25,1,1,0
BRDA:25,1,2,0
BRDA:25,1,3,0
BRDA:38,2,0,0
BRDA:38,2,1,0
BRDA:38,2,2,0
BRDA:38,2,3,0
BRDA:51,3,0,0
BRDA:51,3,1,0
BRDA:51,3,2,0
BRDA:67,4,0,0
BRDA:67,4,1,0
BRDA:68,5,0,0
BRDA:68,5,1,0
BRDA:70,6,0,0
BRDA:70,6,1,0
BRDA:75,7,0,0
BRDA:75,7,1,0
BRDA:76,8,0,0
BRDA:76,8,1,0
BRF:25
BRH:0
end_of_record
TN:
SF:src/features/clusters/hooks/useClusterDashboard.ts
FN:33,mapClusters
FN:34,(anonymous_1)
FN:54,useClusterDashboard
FN:71,(anonymous_3)
FN:73,(anonymous_4)
FN:74,(anonymous_5)
FN:84,(anonymous_6)
FN:85,(anonymous_7)
FN:86,(anonymous_8)
FN:87,(anonymous_9)
FN:88,(anonymous_10)
FN:92,(anonymous_11)
FN:97,(anonymous_12)
FN:102,(anonymous_13)
FN:104,(anonymous_14)
FNF:15
FNH:0
FNDA:0,mapClusters
FNDA:0,(anonymous_1)
FNDA:0,useClusterDashboard
FNDA:0,(anonymous_3)
FNDA:0,(anonymous_4)
FNDA:0,(anonymous_5)
FNDA:0,(anonymous_6)
FNDA:0,(anonymous_7)
FNDA:0,(anonymous_8)
FNDA:0,(anonymous_9)
FNDA:0,(anonymous_10)
FNDA:0,(anonymous_11)
FNDA:0,(anonymous_12)
FNDA:0,(anonymous_13)
FNDA:0,(anonymous_14)
DA:34,0
DA:55,0
DA:56,0
DA:57,0
DA:58,0
DA:59,0
DA:60,0
DA:67,0
DA:68,0
DA:69,0
DA:71,0
DA:73,0
DA:74,0
DA:76,0
DA:80,0
DA:84,0
DA:85,0
DA:86,0
DA:87,0
DA:88,0
DA:89,0
DA:92,0
DA:93,0
DA:94,0
DA:97,0
DA:98,0
DA:99,0
DA:102,0
DA:103,0
DA:104,0
DA:105,0
DA:106,0
DA:107,0
DA:112,0
LF:34
LH:0
BRDA:34,0,0,0
BRDA:34,0,1,0
BRDA:35,1,0,0
BRDA:35,1,1,0
BRDA:35,1,2,0
BRDA:35,1,3,0
BRDA:36,2,0,0
BRDA:36,2,1,0
BRDA:36,2,2,0
BRDA:37,3,0,0
BRDA:37,3,1,0
BRDA:37,3,2,0
BRDA:37,3,3,0
BRDA:37,3,4,0
BRDA:38,4,0,0
BRDA:38,4,1,0
BRDA:38,4,2,0
BRDA:39,5,0,0
BRDA:39,5,1,0
BRDA:39,5,2,0
BRDA:40,6,0,0
BRDA:40,6,1,0
BRDA:40,6,2,0
BRDA:43,7,0,0
BRDA:43,7,1,0
BRDA:44,8,0,0
BRDA:44,8,1,0
BRDA:45,9,0,0
BRDA:45,9,1,0
BRDA:46,10,0,0
BRDA:46,10,1,0
BRDA:47,11,0,0
BRDA:47,11,1,0
BRDA:48,12,0,0
BRDA:48,12,1,0
BRDA:49,13,0,0
BRDA:49,13,1,0
BRDA:49,13,2,0
BRDA:50,14,0,0
BRDA:50,14,1,0
BRDA:63,15,0,0
BRDA:67,16,0,0
BRDA:67,16,1,0
BRDA:76,17,0,0
BRDA:76,17,1,0
BRDA:76,17,2,0
BRDA:76,17,3,0
BRDA:103,18,0,0
BRDA:103,18,1,0
BRDA:106,19,0,0
BRDA:106,19,1,0
BRF:51
BRH:0
end_of_record
TN:
SF:src/features/clusters/services/clustersApi.ts
FN:24,(anonymous_0)
FN:26,(anonymous_1)
FN:27,(anonymous_2)
FN:28,(anonymous_3)
FN:31,(anonymous_4)
FN:38,(anonymous_5)
FN:39,(anonymous_6)
FN:43,(anonymous_7)
FN:47,(anonymous_8)
FN:51,(anonymous_9)
FN:56,(anonymous_10)
FN:57,(anonymous_11)
FN:64,(anonymous_12)
FN:65,(anonymous_13)
FNF:14
FNH:0
FNDA:0,(anonymous_0)
FNDA:0,(anonymous_1)
FNDA:0,(anonymous_2)
FNDA:0,(anonymous_3)
FNDA:0,(anonymous_4)
FNDA:0,(anonymous_5)
FNDA:0,(anonymous_6)
FNDA:0,(anonymous_7)
FNDA:0,(anonymous_8)
FNDA:0,(anonymous_9)
FNDA:0,(anonymous_10)
FNDA:0,(anonymous_11)
FNDA:0,(anonymous_12)
FNDA:0,(anonymous_13)
DA:23,0
DA:24,0
DA:26,0
DA:27,0
DA:29,0
DA:31,0
DA:38,0
DA:39,0
DA:43,0
DA:47,0
DA:51,0
DA:56,0
DA:57,0
DA:64,0
DA:65,0
DA:82,0
LF:16
LH:0
BRDA:26,0,0,0
BRDA:26,0,1,0
BRDA:29,1,0,0
BRDA:29,1,1,0
BRF:4
BRH:0
end_of_record
TN:
SF:src/features/clusters/store/clusterTypes.ts
FNF:0
FNH:0
LF:0
LH:0
BRF:0
BRH:0
end_of_record
TN:
SF:src/features/dashboard/components/DashboardActivity.tsx
FN:13,DashboardActivity
FN:28,(anonymous_1)
FN:61,(anonymous_2)
FNF:3
FNH:0
FNDA:0,DashboardActivity
FNDA:0,(anonymous_1)
FNDA:0,(anonymous_2)
DA:14,0
DA:15,0
DA:17,0
DA:29,0
DA:62,0
LF:5
LH:0
BRDA:14,0,0,0
BRDA:14,0,1,0
BRDA:15,1,0,0
BRDA:15,1,1,0
BRDA:15,1,2,0
BRDA:26,2,0,0
BRDA:26,2,1,0
BRDA:36,3,0,0
BRDA:36,3,1,0
BRDA:37,4,0,0
BRDA:37,4,1,0
BRDA:42,5,0,0
BRDA:42,5,1,0
BRDA:47,6,0,0
BRDA:47,6,1,0
BRDA:30,7,0,0
BRDA:30,7,1,0
BRDA:59,8,0,0
BRDA:59,8,1,0
BRDA:69,9,0,0
BRDA:69,9,1,0
BRDA:63,10,0,0
BRDA:63,10,1,0
BRF:23
BRH:0
end_of_record
TN:
SF:src/features/dashboard/components/DashboardHealth.tsx
FN:18,DashboardHealth
FN:67,(anonymous_1)
FN:109,(anonymous_2)
FN:139,HealthBar
FN:159,(anonymous_4)
FN:175,getOverallHealth
FNF:6
FNH:0
FNDA:0,DashboardHealth
FNDA:0,(anonymous_1)
FNDA:0,(anonymous_2)
FNDA:0,HealthBar
FNDA:0,(anonymous_4)
FNDA:0,getOverallHealth
DA:19,0
DA:68,0
DA:110,0
DA:140,0
DA:141,0
DA:142,0
DA:143,0
DA:144,0
DA:146,0
DA:147,0
DA:149,0
DA:157,0
DA:160,0
DA:161,0
DA:162,0
DA:176,0
DA:177,0
DA:178,0
LF:18
LH:0
BRDA:33,0,0,0
BRDA:33,0,1,0
BRDA:33,0,2,0
BRDA:39,1,0,0
BRDA:39,1,1,0
BRDA:45,2,0,0
BRDA:45,2,1,0
BRDA:45,2,2,0
BRDA:51,3,0,0
BRDA:51,3,1,0
BRDA:51,3,2,0
BRDA:66,4,0,0
BRDA:66,4,1,0
BRDA:70,5,0,0
BRDA:70,5,1,0
BRDA:71,6,0,0
BRDA:71,6,1,0
BRDA:90,7,0,0
BRDA:90,7,1,0
BRDA:91,8,0,0
BRDA:91,8,1,0
BRDA:91,9,0,0
BRDA:91,9,1,0
BRDA:99,10,0,0
BRDA:99,10,1,0
BRDA:140,11,0,0
BRDA:140,11,1,0
BRDA:140,11,2,0
BRDA:141,12,0,0
BRDA:141,12,1,0
BRDA:141,12,2,0
BRDA:142,13,0,0
BRDA:142,13,1,0
BRDA:143,14,0,0
BRDA:143,14,1,0
BRDA:144,15,0,0
BRDA:144,15,1,0
BRDA:146,16,0,0
BRDA:146,16,1,0
BRDA:147,17,0,0
BRDA:147,17,1,0
BRDA:161,18,0,0
BRDA:161,18,1,0
BRDA:176,19,0,0
BRDA:176,19,1,0
BRDA:177,20,0,0
BRDA:177,20,1,0
BRF:47
BRH:0
end_of_record
TN:
SF:src/features/dashboard/components/DashboardPage.tsx
FN:9,DashboardPage
FNF:1
FNH:0
FNDA:0,DashboardPage
DA:10,0
DA:12,0
DA:13,0
DA:16,0
DA:17,0
DA:18,0
DA:21,0
LF:7
LH:0
BRDA:12,0,0,0
BRDA:12,0,1,0
BRDA:12,1,0,0
BRDA:12,1,1,0
BRDA:12,1,2,0
BRDA:16,2,0,0
BRDA:16,2,1,0
BRDA:17,3,0,0
BRDA:17,3,1,0
BRF:9
BRH:0
end_of_record
TN:
SF:src/features/dashboard/components/DashboardStats.tsx
FN:10,DashboardStats
FNF:1
FNH:0
FNDA:0,DashboardStats
DA:11,0
LF:1
LH:0
BRDA:15,0,0,0
BRDA:15,0,1,0
BRDA:15,0,2,0
BRDA:22,1,0,0
BRDA:22,1,1,0
BRDA:22,1,2,0
BRDA:29,2,0,0
BRDA:29,2,1,0
BRDA:29,2,2,0
BRDA:36,3,0,0
BRDA:36,3,1,0
BRDA:36,3,2,0
BRF:12
BRH:0
end_of_record
TN:
SF:src/features/dashboard/hooks/useDashboard.ts
FN:22,useDashboard
FN:27,(anonymous_1)
FNF:2
FNH:0
FNDA:0,useDashboard
FNDA:0,(anonymous_1)
DA:23,0
DA:24,0
DA:25,0
DA:27,0
DA:28,0
DA:29,0
DA:32,0
LF:7
LH:0
BRDA:36,0,0,0
BRDA:36,0,1,0
BRDA:37,1,0,0
BRDA:37,1,1,0
BRF:4
BRH:0
end_of_record
TN:
SF:src/features/dashboard/services/dashboardApi.ts
FN:17,(anonymous_0)
FN:19,(anonymous_1)
FN:24,(anonymous_2)
FN:29,(anonymous_3)
FN:30,(anonymous_4)
FN:36,(anonymous_5)
FN:37,(anonymous_6)
FNF:7
FNH:0
FNDA:0,(anonymous_0)
FNDA:0,(anonymous_1)
FNDA:0,(anonymous_2)
FNDA:0,(anonymous_3)
FNDA:0,(anonymous_4)
FNDA:0,(anonymous_5)
FNDA:0,(anonymous_6)
DA:16,0
DA:17,0
DA:19,0
DA:24,0
DA:29,0
DA:30,0
DA:36,0
DA:37,0
DA:52,0
LF:9
LH:0
BRF:0
BRH:0
end_of_record
TN:
SF:src/features/freezes/components/FreezeDetailPage.tsx
FN:24,FreezeDetailPage
FN:134,(anonymous_1)
FN:145,(anonymous_2)
FN:156,(anonymous_3)
FN:169,(anonymous_4)
FNF:5
FNH:0
FNDA:0,FreezeDetailPage
FNDA:0,(anonymous_1)
FNDA:0,(anonymous_2)
FNDA:0,(anonymous_3)
FNDA:0,(anonymous_4)
DA:25,0
DA:26,0
DA:30,0
DA:31,0
DA:34,0
DA:35,0
DA:42,0
DA:43,0
DA:52,0
DA:135,0
DA:146,0
DA:157,0
DA:170,0
LF:13
LH:0
BRDA:26,0,0,0
BRDA:26,0,1,0
BRDA:30,1,0,0
BRDA:30,1,1,0
BRDA:30,2,0,0
BRDA:30,2,1,0
BRDA:34,3,0,0
BRDA:34,3,1,0
BRDA:37,4,0,0
BRDA:37,4,1,0
BRDA:42,5,0,0
BRDA:42,5,1,0
BRDA:64,6,0,0
BRDA:64,6,1,0
BRDA:68,7,0,0
BRDA:68,7,1,0
BRDA:74,8,0,0
BRDA:74,8,1,0
BRDA:75,9,0,0
BRDA:75,9,1,0
BRDA:105,10,0,0
BRDA:105,10,1,0
BRDA:123,11,0,0
BRDA:123,11,1,0
BRDA:130,12,0,0
BRDA:130,12,1,0
BRDA:141,13,0,0
BRDA:141,13,1,0
BRDA:152,14,0,0
BRDA:152,14,1,0
BRDA:165,15,0,0
BRDA:165,15,1,0
BRF:32
BRH:0
end_of_record
TN:
SF:src/features/freezes/components/FreezeListView.tsx
FN:23,FreezeListView
FN:59,(anonymous_1)
FN:87,(anonymous_2)
FNF:3
FNH:0
FNDA:0,FreezeListView
FNDA:0,(anonymous_1)
FNDA:0,(anonymous_2)
DA:28,0
DA:60,0
DA:88,0
LF:3
LH:0
BRDA:39,0,0,0
BRDA:39,0,1,0
BRDA:41,1,0,0
BRDA:41,1,1,0
BRDA:69,2,0,0
BRDA:69,2,1,0
BRF:6
BRH:0
end_of_record
TN:
SF:src/features/freezes/components/FreezeRow.tsx
FN:17,FreezeRow
FN:53,(anonymous_1)
FNF:2
FNH:0
FNDA:0,FreezeRow
FNDA:0,(anonymous_1)
DA:18,0
DA:20,0
DA:21,0
DA:23,0
DA:24,0
DA:26,0
DA:27,0
DA:29,0
DA:30,0
DA:34,0
DA:54,0
LF:11
LH:0
BRDA:20,0,0,0
BRDA:20,0,1,0
BRDA:23,1,0,0
BRDA:23,1,1,0
BRDA:26,2,0,0
BRDA:26,2,1,0
BRDA:29,3,0,0
BRDA:29,3,1,0
BRDA:35,4,0,0
BRDA:35,4,1,0
BRDA:41,5,0,0
BRDA:41,5,1,0
BRDA:61,6,0,0
BRDA:61,6,1,0
BRF:14
BRH:0
end_of_record
TN:
SF:src/features/freezes/components/FreezesPage.tsx
FN:8,FreezesPage
FN:12,(anonymous_1)
FN:13,(anonymous_2)
FNF:3
FNH:0
FNDA:0,FreezesPage
FNDA:0,(anonymous_1)
FNDA:0,(anonymous_2)
DA:9,0
DA:11,0
DA:12,0
DA:13,0
DA:15,0
DA:16,0
DA:17,0
DA:20,0
LF:8
LH:0
BRDA:11,0,0,0
BRDA:11,0,1,0
BRDA:15,1,0,0
BRDA:15,1,1,0
BRDA:16,2,0,0
BRDA:16,2,1,0
BRDA:32,3,0,0
BRDA:32,3,1,0
BRDA:33,4,0,0
BRDA:33,4,1,0
BRF:10
BRH:0
end_of_record
TN:
SF:src/features/freezes/services/freezesApi.ts
FN:5,(anonymous_0)
FN:7,(anonymous_1)
FN:8,(anonymous_2)
FN:9,(anonymous_3)
FN:12,(anonymous_4)
FN:19,(anonymous_5)
FN:20,(anonymous_6)
FNF:7
FNH:0
FNDA:0,(anonymous_0)
FNDA:0,(anonymous_1)
FNDA:0,(anonymous_2)
FNDA:0,(anonymous_3)
FNDA:0,(anonymous_4)
FNDA:0,(anonymous_5)
FNDA:0,(anonymous_6)
DA:4,0
DA:5,0
DA:7,0
DA:8,0
DA:10,0
DA:12,0
DA:19,0
DA:20,0
DA:26,0
LF:9
LH:0
BRDA:10,0,0,0
BRDA:10,0,1,0
BRF:2
BRH:0
end_of_record
TN:
SF:src/features/golden-paths/types.ts
FNF:0
FNH:0
LF:0
LH:0
BRF:0
BRH:0
end_of_record
TN:
SF:src/features/golden-paths/components/ApplyStatusAlert.tsx
FN:9,ApplyStatusAlert
FN:18,(anonymous_1)
FNF:2
FNH:0
FNDA:0,ApplyStatusAlert
FNDA:0,(anonymous_1)
DA:10,0
DA:12,0
DA:13,0
DA:19,0
LF:4
LH:0
BRDA:10,0,0,0
BRDA:10,0,1,0
BRDA:12,1,0,0
BRDA:12,1,1,0
BRDA:14,2,0,0
BRDA:14,2,1,0
BRDA:16,3,0,0
BRDA:16,3,1,0
BRDA:16,4,0,0
BRDA:16,4,1,0
BRDA:20,5,0,0
BRDA:20,5,1,0
BRDA:27,6,0,0
BRDA:27,6,1,0
BRF:14
BRH:0
end_of_record
TN:
SF:src/features/golden-paths/components/GoldenPathBuilder.tsx
FN:21,GoldenPathBuilder
FNF:1
FNH:0
FNDA:0,GoldenPathBuilder
DA:35,0
DA:36,0
LF:2
LH:0
BRF:0
BRH:0
end_of_record
TN:
SF:src/features/golden-paths/components/GoldenPathCard.tsx
FN:10,GoldenPathCard
FN:15,(anonymous_1)
FNF:2
FNH:0
FNDA:0,GoldenPathCard
FNDA:0,(anonymous_1)
DA:11,0
DA:12,0
DA:15,0
LF:3
LH:0
BRF:0
BRH:0
end_of_record
TN:
SF:src/features/golden-paths/components/GoldenPathCatalog.tsx
FN:17,GoldenPathCatalog
FN:18,(anonymous_1)
FN:22,(anonymous_2)
FN:39,(anonymous_3)
FN:45,(anonymous_4)
FNF:5
FNH:0
FNDA:0,GoldenPathCatalog
FNDA:0,(anonymous_1)
FNDA:0,(anonymous_2)
FNDA:0,(anonymous_3)
FNDA:0,(anonymous_4)
DA:18,0
DA:19,0
DA:20,0
DA:21,0
DA:22,0
DA:25,0
DA:40,0
DA:46,0
LF:8
LH:0
BRF:0
BRH:0
end_of_record
TN:
SF:src/features/golden-paths/components/GoldenPathForm.tsx
FN:21,GoldenPathForm
FN:34,(anonymous_1)
FN:48,(anonymous_2)
FN:57,(anonymous_3)
FNF:4
FNH:0
FNDA:0,GoldenPathForm
FNDA:0,(anonymous_1)
FNDA:0,(anonymous_2)
FNDA:0,(anonymous_3)
DA:28,0
DA:36,0
DA:41,0
DA:42,0
DA:48,0
DA:52,0
DA:57,0
LF:7
LH:0
BRDA:38,0,0,0
BRDA:38,0,1,0
BRDA:41,1,0,0
BRDA:41,1,1,0
BRDA:46,2,0,0
BRDA:46,2,1,0
BRDA:47,3,0,0
BRDA:47,3,1,0
BRDA:56,4,0,0
BRDA:56,4,1,0
BRF:10
BRH:0
end_of_record
TN:
SF:src/features/golden-paths/components/GoldenPathPreview.tsx
FN:21,GoldenPathPreview
FNF:1
FNH:0
FNDA:0,GoldenPathPreview
DA:29,0
LF:1
LH:0
BRDA:34,0,0,0
BRDA:34,0,1,0
BRDA:36,1,0,0
BRDA:36,1,1,0
BRDA:52,2,0,0
BRDA:52,2,1,0
BRDA:63,3,0,0
BRDA:63,3,1,0
BRDA:67,4,0,0
BRDA:67,4,1,0
BRF:10
BRH:0
end_of_record
TN:
SF:src/features/golden-paths/components/GoldenPathsPage.tsx
FN:5,GoldenPathsPage
FNF:1
FNH:0
FNDA:0,GoldenPathsPage
DA:6,0
DA:8,0
DA:9,0
DA:12,0
LF:4
LH:0
BRDA:8,0,0,0
BRDA:8,0,1,0
BRF:2
BRH:0
end_of_record
TN:
SF:src/features/golden-paths/data/goldenPaths.ts
FNF:0
FNH:0
DA:16,0
DA:768,0
DA:777,0
LF:3
LH:0
BRF:0
BRH:0
end_of_record
TN:
SF:src/features/golden-paths/hooks/useGoldenPathBuilder.ts
FN:24,useGoldenPathBuilder
FN:32,(anonymous_1)
FN:35,(anonymous_2)
FN:44,(anonymous_3)
FN:51,(anonymous_4)
FN:52,(anonymous_5)
FN:55,(anonymous_6)
FN:58,(anonymous_7)
FN:64,(anonymous_8)
FN:68,(anonymous_9)
FN:71,(anonymous_10)
FN:80,(anonymous_11)
FN:103,(anonymous_12)
FN:106,(anonymous_13)
FNF:14
FNH:0
FNDA:0,useGoldenPathBuilder
FNDA:0,(anonymous_1)
FNDA:0,(anonymous_2)
FNDA:0,(anonymous_3)
FNDA:0,(anonymous_4)
FNDA:0,(anonymous_5)
FNDA:0,(anonymous_6)
FNDA:0,(anonymous_7)
FNDA:0,(anonymous_8)
FNDA:0,(anonymous_9)
FNDA:0,(anonymous_10)
FNDA:0,(anonymous_11)
FNDA:0,(anonymous_12)
FNDA:0,(anonymous_13)
DA:22,0
DA:25,0
DA:26,0
DA:27,0
DA:28,0
DA:29,0
DA:30,0
DA:32,0
DA:33,0
DA:34,0
DA:35,0
DA:36,0
DA:38,0
DA:39,0
DA:40,0
DA:41,0
DA:44,0
DA:45,0
DA:46,0
DA:47,0
DA:48,0
DA:51,0
DA:52,0
DA:55,0
DA:56,0
DA:57,0
DA:58,0
DA:61,0
DA:64,0
DA:65,0
DA:66,0
DA:67,0
DA:68,0
DA:71,0
DA:72,0
DA:73,0
DA:74,0
DA:76,0
DA:78,0
DA:79,0
DA:80,0
DA:85,0
DA:86,0
DA:94,0
DA:103,0
DA:104,0
DA:105,0
DA:107,0
DA:112,0
LF:49
LH:0
BRDA:36,0,0,0
BRDA:36,0,1,0
BRDA:56,1,0,0
BRDA:56,1,1,0
BRDA:65,2,0,0
BRDA:65,2,1,0
BRDA:72,3,0,0
BRDA:72,3,1,0
BRDA:82,4,0,0
BRDA:82,4,1,0
BRDA:83,5,0,0
BRDA:83,5,1,0
BRDA:83,6,0,0
BRDA:83,6,1,0
BRDA:87,7,0,0
BRDA:87,7,1,0
BRDA:88,8,0,0
BRDA:88,8,1,0
BRDA:96,9,0,0
BRDA:96,9,1,0
BRDA:104,10,0,0
BRDA:104,10,1,0
BRDA:107,11,0,0
BRDA:107,11,1,0
BRDA:107,11,2,0
BRF:25
BRH:0
end_of_record
TN:
SF:src/features/namespaces/components/NamespaceCard.tsx
FN:13,NamespaceCard
FN:44,(anonymous_1)
FN:47,(anonymous_2)
FNF:3
FNH:0
FNDA:0,NamespaceCard
FNDA:0,(anonymous_1)
FNDA:0,(anonymous_2)
DA:14,0
DA:44,0
DA:47,0
LF:3
LH:0
BRDA:37,0,0,0
BRDA:37,0,1,0
BRF:2
BRH:0
end_of_record
TN:
SF:src/features/namespaces/components/NamespaceFormFields.tsx
FN:12,TextField
FN:25,(anonymous_1)
FN:40,NumberField
FN:47,(anonymous_3)
FNF:4
FNH:0
FNDA:0,TextField
FNDA:0,(anonymous_1)
FNDA:0,NumberField
FNDA:0,(anonymous_3)
DA:20,0
DA:25,0
DA:41,0
DA:47,0
LF:4
LH:0
BRF:0
BRH:0
end_of_record
TN:
SF:src/features/namespaces/components/NamespaceFormModal.tsx
FN:36,buildInitialFormState
FN:59,toNamespacePayload
FN:88,NamespaceFormModal
FN:94,(anonymous_3)
FN:97,(anonymous_4)
FN:98,(anonymous_5)
FN:100,(anonymous_6)
FN:124,(anonymous_7)
FN:138,(anonymous_8)
FN:148,(anonymous_9)
FN:155,(anonymous_10)
FN:166,(anonymous_11)
FN:172,(anonymous_12)
FN:182,(anonymous_13)
FN:193,(anonymous_14)
FN:202,(anonymous_15)
FN:208,(anonymous_16)
FN:216,(anonymous_17)
FN:217,(anonymous_18)
FN:218,(anonymous_19)
FN:219,(anonymous_20)
FN:220,(anonymous_21)
FN:221,(anonymous_22)
FN:222,(anonymous_23)
FNF:24
FNH:0
FNDA:0,buildInitialFormState
FNDA:0,toNamespacePayload
FNDA:0,NamespaceFormModal
FNDA:0,(anonymous_3)
FNDA:0,(anonymous_4)
FNDA:0,(anonymous_5)
FNDA:0,(anonymous_6)
FNDA:0,(anonymous_7)
FNDA:0,(anonymous_8)
FNDA:0,(anonymous_9)
FNDA:0,(anonymous_10)
FNDA:0,(anonymous_11)
FNDA:0,(anonymous_12)
FNDA:0,(anonymous_13)
FNDA:0,(anonymous_14)
FNDA:0,(anonymous_15)
FNDA:0,(anonymous_16)
FNDA:0,(anonymous_17)
FNDA:0,(anonymous_18)
FNDA:0,(anonymous_19)
FNDA:0,(anonymous_20)
FNDA:0,(anonymous_21)
FNDA:0,(anonymous_22)
FNDA:0,(anonymous_23)
DA:37,0
DA:60,0
DA:94,0
DA:95,0
DA:97,0
DA:98,0
DA:100,0
DA:101,0
DA:102,0
DA:103,0
DA:104,0
DA:105,0
DA:107,0
DA:109,0
DA:113,0
DA:124,0
DA:138,0
DA:148,0
DA:155,0
DA:166,0
DA:172,0
DA:182,0
DA:193,0
DA:202,0
DA:208,0
DA:216,0
DA:217,0
DA:218,0
DA:219,0
DA:220,0
DA:221,0
DA:222,0
LF:32
LH:0
BRDA:38,0,0,0
BRDA:38,0,1,0
BRDA:39,1,0,0
BRDA:39,1,1,0
BRDA:40,2,0,0
BRDA:40,2,1,0
BRDA:41,3,0,0
BRDA:41,3,1,0
BRDA:42,4,0,0
BRDA:42,4,1,0
BRDA:43,5,0,0
BRDA:43,5,1,0
BRDA:44,6,0,0
BRDA:44,6,1,0
BRDA:45,7,0,0
BRDA:45,7,1,0
BRDA:46,8,0,0
BRDA:46,8,1,0
BRDA:47,9,0,0
BRDA:47,9,1,0
BRDA:48,10,0,0
BRDA:48,10,1,0
BRDA:49,11,0,0
BRDA:49,11,1,0
BRDA:50,12,0,0
BRDA:50,12,1,0
BRDA:51,13,0,0
BRDA:51,13,1,0
BRDA:52,14,0,0
BRDA:52,14,1,0
BRDA:53,15,0,0
BRDA:53,15,1,0
BRDA:54,16,0,0
BRDA:54,16,1,0
BRDA:55,17,0,0
BRDA:55,17,1,0
BRDA:117,18,0,0
BRDA:117,18,1,0
BRDA:231,19,0,0
BRDA:231,19,1,0
BRDA:231,20,0,0
BRDA:231,20,1,0
BRF:42
BRH:0
end_of_record
TN:
SF:src/features/namespaces/components/NamespaceListView.tsx
FN:18,NamespaceListView
FN:38,(anonymous_1)
FN:45,(anonymous_2)
FN:71,(anonymous_3)
FNF:4
FNH:0
FNDA:0,NamespaceListView
FNDA:0,(anonymous_1)
FNDA:0,(anonymous_2)
FNDA:0,(anonymous_3)
DA:28,0
DA:38,0
DA:45,0
DA:72,0
LF:4
LH:0
BRDA:57,0,0,0
BRDA:57,0,1,0
BRF:2
BRH:0
end_of_record
TN:
SF:src/features/namespaces/components/NamespaceQuotaBar.tsx
FN:14,NamespaceQuotaBar
FNF:1
FNH:0
FNDA:0,NamespaceQuotaBar
DA:15,0
DA:16,0
DA:18,0
LF:3
LH:0
BRDA:22,0,0,0
BRDA:22,0,1,0
BRF:2
BRH:0
end_of_record
TN:
SF:src/features/namespaces/components/NamespaceQuotaGrid.tsx
FN:8,NamespaceQuotaGrid
FNF:1
FNH:0
FNDA:0,NamespaceQuotaGrid
DA:9,0
DA:11,0
DA:13,0
LF:3
LH:0
BRDA:9,0,0,0
BRDA:9,0,1,0
BRF:2
BRH:0
end_of_record
TN:
SF:src/features/namespaces/components/NamespaceStats.tsx
FN:11,NamespaceStats
FNF:1
FNH:0
FNDA:0,NamespaceStats
DA:17,0
LF:1
LH:0
BRF:0
BRH:0
end_of_record
TN:
SF:src/features/namespaces/components/NamespacesPage.tsx
FN:10,NamespacesPage
FNF:1
FNH:0
FNDA:0,NamespacesPage
DA:11,0
DA:13,0
DA:14,0
DA:17,0
DA:18,0
DA:30,0
LF:6
LH:0
BRDA:13,0,0,0
BRDA:13,0,1,0
BRDA:17,1,0,0
BRDA:17,1,1,0
BRDA:21,2,0,0
BRDA:21,2,1,0
BRDA:68,3,0,0
BRDA:68,3,1,0
BRDA:77,4,0,0
BRDA:77,4,1,0
BRF:10
BRH:0
end_of_record
TN:
SF:src/features/namespaces/components/namespaceStyles.ts
FN:1,getTierBadgeColor
FN:14,getStatusBadgeColor
FN:27,getQuotaPercentage
FN:31,getQuotaTextColor
FN:37,getQuotaBarColor
FNF:5
FNH:0
FNDA:0,getTierBadgeColor
FNDA:0,getStatusBadgeColor
FNDA:0,getQuotaPercentage
FNDA:0,getQuotaTextColor
FNDA:0,getQuotaBarColor
DA:2,0
DA:4,0
DA:6,0
DA:8,0
DA:10,0
DA:15,0
DA:17,0
DA:19,0
DA:21,0
DA:23,0
DA:28,0
DA:32,0
DA:33,0
DA:34,0
DA:38,0
DA:39,0
DA:40,0
LF:17
LH:0
BRDA:2,0,0,0
BRDA:2,0,1,0
BRDA:2,0,2,0
BRDA:2,0,3,0
BRDA:15,1,0,0
BRDA:15,1,1,0
BRDA:15,1,2,0
BRDA:15,1,3,0
BRDA:28,2,0,0
BRDA:28,2,1,0
BRDA:32,3,0,0
BRDA:32,3,1,0
BRDA:33,4,0,0
BRDA:33,4,1,0
BRDA:38,5,0,0
BRDA:38,5,1,0
BRDA:39,6,0,0
BRDA:39,6,1,0
BRF:18
BRH:0
end_of_record
TN:
SF:src/features/namespaces/hooks/useNamespaceDashboard.ts
FN:42,useNamespaceDashboard
FN:54,(anonymous_1)
FN:55,(anonymous_2)
FN:67,(anonymous_3)
FN:69,(anonymous_4)
FN:70,(anonymous_5)
FN:71,(anonymous_6)
FN:76,(anonymous_7)
FN:79,(anonymous_8)
FN:83,(anonymous_9)
FN:85,(anonymous_10)
FN:90,(anonymous_11)
FN:92,(anonymous_12)
FN:109,(anonymous_13)
FN:110,(anonymous_14)
FN:113,(anonymous_15)
FN:116,(anonymous_16)
FNF:17
FNH:0
FNDA:0,useNamespaceDashboard
FNDA:0,(anonymous_1)
FNDA:0,(anonymous_2)
FNDA:0,(anonymous_3)
FNDA:0,(anonymous_4)
FNDA:0,(anonymous_5)
FNDA:0,(anonymous_6)
FNDA:0,(anonymous_7)
FNDA:0,(anonymous_8)
FNDA:0,(anonymous_9)
FNDA:0,(anonymous_10)
FNDA:0,(anonymous_11)
FNDA:0,(anonymous_12)
FNDA:0,(anonymous_13)
FNDA:0,(anonymous_14)
FNDA:0,(anonymous_15)
FNDA:0,(anonymous_16)
DA:43,0
DA:44,0
DA:45,0
DA:46,0
DA:48,0
DA:49,0
DA:50,0
DA:51,0
DA:52,0
DA:54,0
DA:55,0
DA:57,0
DA:61,0
DA:63,0
DA:67,0
DA:68,0
DA:69,0
DA:70,0
DA:71,0
DA:73,0
DA:76,0
DA:77,0
DA:79,0
DA:80,0
DA:83,0
DA:84,0
DA:85,0
DA:86,0
DA:90,0
DA:91,0
DA:92,0
DA:93,0
DA:97,0
DA:109,0
DA:110,0
DA:113,0
DA:116,0
LF:37
LH:0
BRDA:43,0,0,0
BRDA:57,1,0,0
BRDA:57,1,1,0
BRDA:57,1,2,0
BRDA:61,2,0,0
BRDA:61,2,1,0
BRDA:63,3,0,0
BRDA:63,3,1,0
BRDA:70,4,0,0
BRDA:70,4,1,0
BRDA:71,5,0,0
BRDA:71,5,1,0
BRDA:84,6,0,0
BRDA:84,6,1,0
BRDA:91,7,0,0
BRDA:91,7,1,0
BRF:16
BRH:0
end_of_record
TN:
SF:src/features/namespaces/services/namespacesApi.ts
FN:7,(anonymous_0)
FN:9,(anonymous_1)
FN:10,(anonymous_2)
FN:11,(anonymous_3)
FN:14,(anonymous_4)
FN:21,(anonymous_5)
FN:22,(anonymous_6)
FN:29,(anonymous_7)
FN:36,(anonymous_8)
FN:41,(anonymous_9)
FN:42,(anonymous_10)
FN:49,(anonymous_11)
FN:50,(anonymous_12)
FNF:13
FNH:0
FNDA:0,(anonymous_0)
FNDA:0,(anonymous_1)
FNDA:0,(anonymous_2)
FNDA:0,(anonymous_3)
FNDA:0,(anonymous_4)
FNDA:0,(anonymous_5)
FNDA:0,(anonymous_6)
FNDA:0,(anonymous_7)
FNDA:0,(anonymous_8)
FNDA:0,(anonymous_9)
FNDA:0,(anonymous_10)
FNDA:0,(anonymous_11)
FNDA:0,(anonymous_12)
DA:6,0
DA:7,0
DA:9,0
DA:10,0
DA:12,0
DA:14,0
DA:21,0
DA:22,0
DA:29,0
DA:36,0
DA:41,0
DA:42,0
DA:49,0
DA:50,0
DA:66,0
LF:15
LH:0
BRDA:12,0,0,0
BRDA:12,0,1,0
BRF:2
BRH:0
end_of_record
TN:
SF:src/features/policies/components/PoliciesPage.tsx
FN:6,PoliciesPage
FNF:1
FNH:0
FNDA:0,PoliciesPage
DA:7,0
DA:10,0
DA:11,0
DA:14,0
LF:4
LH:0
BRDA:10,0,0,0
BRDA:10,0,1,0
BRF:2
BRH:0
end_of_record
TN:
SF:src/features/policies/components/PolicyActionDetails.tsx
FN:17,PolicyActionDetails
FN:47,(anonymous_1)
FNF:2
FNH:0
FNDA:0,PolicyActionDetails
FNDA:0,(anonymous_1)
DA:5,0
DA:18,0
DA:48,0
LF:3
LH:0
BRDA:23,0,0,0
BRDA:23,0,1,0
BRDA:27,1,0,0
BRDA:27,1,1,0
BRDA:36,2,0,0
BRDA:36,2,1,0
BRDA:43,3,0,0
BRDA:43,3,1,0
BRF:8
BRH:0
end_of_record
TN:
SF:src/features/policies/components/PolicyDetailPage.tsx
FN:19,PolicyDetailPage
FN:24,(anonymous_1)
FN:104,(anonymous_2)
FN:141,(anonymous_3)
FN:154,(anonymous_4)
FN:167,(anonymous_5)
FNF:6
FNH:0
FNDA:0,PolicyDetailPage
FNDA:0,(anonymous_1)
FNDA:0,(anonymous_2)
FNDA:0,(anonymous_3)
FNDA:0,(anonymous_4)
FNDA:0,(anonymous_5)
DA:20,0
DA:21,0
DA:23,0
DA:24,0
DA:27,0
DA:28,0
DA:31,0
DA:32,0
DA:39,0
DA:40,0
DA:49,0
DA:105,0
DA:142,0
DA:155,0
DA:168,0
LF:15
LH:0
BRDA:21,0,0,0
BRDA:24,1,0,0
BRDA:24,1,1,0
BRDA:27,2,0,0
BRDA:27,2,1,0
BRDA:27,3,0,0
BRDA:27,3,1,0
BRDA:31,4,0,0
BRDA:31,4,1,0
BRDA:34,5,0,0
BRDA:34,5,1,0
BRDA:39,6,0,0
BRDA:39,6,1,0
BRDA:63,7,0,0
BRDA:63,7,1,0
BRDA:69,8,0,0
BRDA:69,8,1,0
BRDA:78,9,0,0
BRDA:78,9,1,0
BRDA:83,10,0,0
BRDA:83,10,1,0
BRDA:90,11,0,0
BRDA:90,11,1,0
BRDA:110,12,0,0
BRDA:110,12,1,0
BRDA:139,13,0,0
BRDA:139,13,1,0
BRDA:152,14,0,0
BRDA:152,14,1,0
BRDA:165,15,0,0
BRDA:165,15,1,0
BRF:31
BRH:0
end_of_record
TN:
SF:src/features/policies/components/PolicyListView.tsx
FN:23,PolicyListView
FN:58,(anonymous_1)
FN:85,(anonymous_2)
FNF:3
FNH:0
FNDA:0,PolicyListView
FNDA:0,(anonymous_1)
FNDA:0,(anonymous_2)
DA:28,0
DA:59,0
DA:86,0
LF:3
LH:0
BRDA:38,0,0,0
BRDA:38,0,1,0
BRDA:40,1,0,0
BRDA:40,1,1,0
BRDA:67,2,0,0
BRDA:67,2,1,0
BRF:6
BRH:0
end_of_record
TN:
SF:src/features/policies/components/PolicyRow.tsx
FN:25,PolicyRow
FN:46,(anonymous_1)
FNF:2
FNH:0
FNDA:0,PolicyRow
FNDA:0,(anonymous_1)
DA:10,0
DA:18,0
DA:26,0
DA:27,0
DA:28,0
DA:30,0
DA:47,0
LF:7
LH:0
BRDA:27,0,0,0
BRDA:27,0,1,0
BRDA:28,1,0,0
BRDA:28,1,1,0
BRDA:31,2,0,0
BRDA:31,2,1,0
BRDA:66,3,0,0
BRDA:66,3,1,0
BRF:8
BRH:0
end_of_record
TN:
SF:src/features/policies/hooks/usePoliciesDashboard.ts
FN:15,usePoliciesDashboard
FN:19,(anonymous_1)
FN:22,(anonymous_2)
FN:23,(anonymous_3)
FNF:4
FNH:0
FNDA:0,usePoliciesDashboard
FNDA:0,(anonymous_1)
FNDA:0,(anonymous_2)
FNDA:0,(anonymous_3)
DA:16,0
DA:19,0
DA:20,0
DA:21,0
DA:22,0
DA:23,0
DA:27,0
DA:29,0
LF:8
LH:0
BRDA:20,0,0,0
BRDA:20,0,1,0
BRDA:27,1,0,0
BRDA:27,1,1,0
BRDA:27,2,0,0
BRDA:27,2,1,0
BRF:6
BRH:0
end_of_record
TN:
SF:src/features/policies/services/policiesApi.ts
FN:5,(anonymous_0)
FN:7,(anonymous_1)
FN:8,(anonymous_2)
FN:9,(anonymous_3)
FN:12,(anonymous_4)
FN:19,(anonymous_5)
FN:20,(anonymous_6)
FNF:7
FNH:0
FNDA:0,(anonymous_0)
FNDA:0,(anonymous_1)
FNDA:0,(anonymous_2)
FNDA:0,(anonymous_3)
FNDA:0,(anonymous_4)
FNDA:0,(anonymous_5)
FNDA:0,(anonymous_6)
DA:4,0
DA:5,0
DA:7,0
DA:8,0
DA:10,0
DA:12,0
DA:19,0
DA:20,0
DA:28,0
LF:9
LH:0
BRDA:10,0,0,0
BRDA:10,0,1,0
BRF:2
BRH:0
end_of_record
TN:
SF:src/features/resources/components/ResourceFilterBar.tsx
FN:21,ResourceFilterBar
FN:42,(anonymous_1)
FN:56,(anonymous_2)
FNF:3
FNH:3
FNDA:2,ResourceFilterBar
FNDA:24,(anonymous_1)
FNDA:4,(anonymous_2)
DA:29,2
DA:43,24
DA:57,4
LF:3
LH:3
BRDA:39,0,0,2
BRDA:39,0,1,2
BRDA:52,1,0,2
BRDA:52,1,1,2
BRF:4
BRH:4
end_of_record
TN:
SF:src/features/resources/components/ResourceFormModal.tsx
FN:21,ResourceFormModal
FN:31,(anonymous_1)
FN:43,(anonymous_2)
FN:56,(anonymous_3)
FN:91,(anonymous_4)
FN:96,(anonymous_5)
FN:115,(anonymous_6)
FN:123,(anonymous_7)
FN:128,(anonymous_8)
FN:137,(anonymous_9)
FN:147,(anonymous_10)
FN:150,(anonymous_11)
FN:162,(anonymous_12)
FNF:13
FNH:0
FNDA:0,ResourceFormModal
FNDA:0,(anonymous_1)
FNDA:0,(anonymous_2)
FNDA:0,(anonymous_3)
FNDA:0,(anonymous_4)
FNDA:0,(anonymous_5)
FNDA:0,(anonymous_6)
FNDA:0,(anonymous_7)
FNDA:0,(anonymous_8)
FNDA:0,(anonymous_9)
FNDA:0,(anonymous_10)
FNDA:0,(anonymous_11)
FNDA:0,(anonymous_12)
DA:22,0
DA:23,0
DA:24,0
DA:26,0
DA:31,0
DA:34,0
DA:35,0
DA:37,0
DA:38,0
DA:39,0
DA:40,0
DA:43,0
DA:44,0
DA:45,0
DA:47,0
DA:48,0
DA:49,0
DA:51,0
DA:52,0
DA:55,0
DA:56,0
DA:57,0
DA:60,0
DA:61,0
DA:72,0
DA:74,0
DA:78,0
DA:91,0
DA:97,0
DA:115,0
DA:124,0
DA:129,0
DA:130,0
DA:131,0
DA:138,0
DA:139,0
DA:140,0
DA:148,0
DA:150,0
DA:163,0
LF:40
LH:0
BRDA:28,0,0,0
BRDA:28,0,1,0
BRDA:29,1,0,0
BRDA:29,1,1,0
BRDA:30,2,0,0
BRDA:30,2,1,0
BRDA:31,3,0,0
BRDA:31,3,1,0
BRDA:37,4,0,0
BRDA:37,4,1,0
BRDA:57,5,0,0
BRDA:57,5,1,0
BRDA:57,6,0,0
BRDA:57,6,1,0
BRDA:64,7,0,0
BRDA:64,7,1,0
BRDA:64,7,2,0
BRDA:65,8,0,0
BRDA:65,8,1,0
BRDA:65,8,2,0
BRDA:74,9,0,0
BRDA:74,9,1,0
BRDA:81,10,0,0
BRDA:81,10,1,0
BRF:24
BRH:0
end_of_record
TN:
SF:src/features/resources/components/ResourceListView.tsx
FN:31,ResourceListView
FN:86,(anonymous_1)
FNF:2
FNH:0
FNDA:0,ResourceListView
FNDA:0,(anonymous_1)
DA:41,0
DA:43,0
DA:87,0
LF:3
LH:0
BRDA:41,0,0,0
BRDA:41,0,1,0
BRDA:49,1,0,0
BRDA:49,1,1,0
BRDA:51,2,0,0
BRDA:51,2,1,0
BRDA:56,3,0,0
BRDA:56,3,1,0
BRDA:61,4,0,0
BRDA:61,4,1,0
BRF:10
BRH:0
end_of_record
TN:
SF:src/features/resources/components/ResourceRow.tsx
FN:28,ResourceRow
FN:82,(anonymous_1)
FN:90,(anonymous_2)
FN:98,(anonymous_3)
FN:106,(anonymous_4)
FNF:5
FNH:0
FNDA:0,ResourceRow
FNDA:0,(anonymous_1)
FNDA:0,(anonymous_2)
FNDA:0,(anonymous_3)
FNDA:0,(anonymous_4)
DA:35,0
DA:36,0
DA:37,0
DA:39,0
DA:82,0
DA:90,0
DA:98,0
DA:106,0
LF:8
LH:0
BRDA:35,0,0,0
BRDA:35,0,1,0
BRDA:36,1,0,0
BRDA:36,1,1,0
BRDA:36,1,2,0
BRDA:37,2,0,0
BRDA:37,2,1,0
BRDA:37,2,2,0
BRDA:66,3,0,0
BRDA:66,3,1,0
BRF:10
BRH:0
end_of_record
TN:
SF:src/features/resources/components/ResourcesPage.tsx
FN:17,ResourcesPage
FN:93,(anonymous_1)
FN:100,(anonymous_2)
FNF:3
FNH:0
FNDA:0,ResourcesPage
FNDA:0,(anonymous_1)
FNDA:0,(anonymous_2)
DA:44,0
DA:46,0
DA:47,0
DA:52,0
DA:93,0
DA:100,0
LF:6
LH:0
BRDA:46,0,0,0
BRDA:46,0,1,0
BRDA:48,1,0,0
BRDA:48,1,1,0
BRDA:90,2,0,0
BRDA:90,2,1,0
BRDA:116,3,0,0
BRDA:116,3,1,0
BRF:8
BRH:0
end_of_record
TN:
SF:src/features/resources/components/constants.ts
FNF:0
FNH:0
DA:11,1
DA:25,1
LF:2
LH:2
BRF:0
BRH:0
end_of_record
TN:
SF:src/features/resources/components/useResourcesDashboard.ts
FN:19,useResourcesDashboard
FN:22,(anonymous_1)
FN:48,(anonymous_2)
FN:53,(anonymous_3)
FN:64,(anonymous_4)
FN:75,(anonymous_5)
FN:80,(anonymous_6)
FN:93,(anonymous_7)
FN:108,(anonymous_8)
FN:110,(anonymous_9)
FN:117,(anonymous_10)
FN:123,(anonymous_11)
FN:128,(anonymous_12)
FN:130,(anonymous_13)
FN:139,(anonymous_14)
FNF:15
FNH:0
FNDA:0,useResourcesDashboard
FNDA:0,(anonymous_1)
FNDA:0,(anonymous_2)
FNDA:0,(anonymous_3)
FNDA:0,(anonymous_4)
FNDA:0,(anonymous_5)
FNDA:0,(anonymous_6)
FNDA:0,(anonymous_7)
FNDA:0,(anonymous_8)
FNDA:0,(anonymous_9)
FNDA:0,(anonymous_10)
FNDA:0,(anonymous_11)
FNDA:0,(anonymous_12)
FNDA:0,(anonymous_13)
FNDA:0,(anonymous_14)
DA:20,0
DA:21,0
DA:22,0
DA:29,0
DA:30,0
DA:31,0
DA:32,0
DA:33,0
DA:35,0
DA:36,0
DA:37,0
DA:39,0
DA:40,0
DA:41,0
DA:42,0
DA:44,0
DA:45,0
DA:48,0
DA:49,0
DA:50,0
DA:53,0
DA:54,0
DA:55,0
DA:56,0
DA:57,0
DA:59,0
DA:61,0
DA:64,0
DA:65,0
DA:66,0
DA:67,0
DA:68,0
DA:70,0
DA:72,0
DA:75,0
DA:76,0
DA:77,0
DA:80,0
DA:81,0
DA:82,0
DA:84,0
DA:85,0
DA:86,0
DA:87,0
DA:89,0
DA:93,0
DA:94,0
DA:96,0
DA:97,0
DA:98,0
DA:99,0
DA:102,0
DA:104,0
DA:108,0
DA:109,0
DA:110,0
DA:111,0
DA:112,0
DA:117,0
DA:118,0
DA:119,0
DA:120,0
DA:123,0
DA:124,0
DA:125,0
DA:128,0
DA:129,0
DA:130,0
DA:131,0
DA:136,0
DA:137,0
DA:138,0
DA:139,0
DA:143,0
LF:74
LH:0
BRDA:25,0,0,0
BRDA:30,1,0,0
BRDA:49,2,0,0
BRDA:49,2,1,0
BRDA:50,3,0,0
BRDA:50,3,1,0
BRDA:55,4,0,0
BRDA:55,4,1,0
BRDA:56,5,0,0
BRDA:56,5,1,0
BRDA:66,6,0,0
BRDA:66,6,1,0
BRDA:67,7,0,0
BRDA:67,7,1,0
BRDA:89,8,0,0
BRDA:89,8,1,0
BRDA:104,9,0,0
BRDA:104,9,1,0
BRDA:109,10,0,0
BRDA:109,10,1,0
BRDA:111,11,0,0
BRDA:111,11,1,0
BRDA:129,12,0,0
BRDA:129,12,1,0
BRDA:137,13,0,0
BRDA:137,13,1,0
BRDA:139,14,0,0
BRDA:139,14,1,0
BRF:28
BRH:0
end_of_record
TN:
SF:src/features/resources/services/resourcesApi.ts
FN:55,(anonymous_0)
FN:60,(anonymous_1)
FN:68,(anonymous_2)
FN:69,(anonymous_3)
FN:72,(anonymous_4)
FN:79,(anonymous_5)
FN:80,(anonymous_6)
FN:81,(anonymous_7)
FN:87,(anonymous_8)
FN:89,(anonymous_9)
FN:90,(anonymous_10)
FN:96,(anonymous_11)
FN:98,(anonymous_12)
FN:99,(anonymous_13)
FN:105,(anonymous_14)
FN:106,(anonymous_15)
FN:114,(anonymous_16)
FN:119,(anonymous_17)
FN:120,(anonymous_18)
FN:128,(anonymous_19)
FN:136,(anonymous_20)
FN:144,(anonymous_21)
FN:145,(anonymous_22)
FN:149,(anonymous_23)
FN:153,(anonymous_24)
FNF:25
FNH:13
FNDA:1,(anonymous_0)
FNDA:4,(anonymous_1)
FNDA:4,(anonymous_2)
FNDA:4,(anonymous_3)
FNDA:6,(anonymous_4)
FNDA:1,(anonymous_5)
FNDA:0,(anonymous_6)
FNDA:1,(anonymous_7)
FNDA:0,(anonymous_8)
FNDA:0,(anonymous_9)
FNDA:0,(anonymous_10)
FNDA:0,(anonymous_11)
FNDA:0,(anonymous_12)
FNDA:0,(anonymous_13)
FNDA:1,(anonymous_14)
FNDA:1,(anonymous_15)
FNDA:1,(anonymous_16)
FNDA:1,(anonymous_17)
FNDA:1,(anonymous_18)
FNDA:1,(anonymous_19)
FNDA:0,(anonymous_20)
FNDA:0,(anonymous_21)
FNDA:0,(anonymous_22)
FNDA:0,(anonymous_23)
FNDA:0,(anonymous_24)
DA:54,1
DA:55,1
DA:61,4
DA:62,4
DA:63,4
DA:68,4
DA:70,4
DA:72,6
DA:79,1
DA:80,0
DA:81,1
DA:88,0
DA:89,0
DA:90,0
DA:97,0
DA:98,0
DA:99,0
DA:105,1
DA:106,1
DA:114,1
DA:119,1
DA:120,1
DA:128,1
DA:136,0
DA:144,0
DA:145,0
DA:149,0
DA:153,0
DA:174,1
LF:29
LH:17
BRDA:61,0,0,4
BRDA:61,0,1,4
BRDA:62,1,0,4
BRDA:62,1,1,4
BRDA:64,2,0,0
BRDA:64,2,1,4
BRDA:70,3,0,4
BRDA:70,3,1,0
BRF:8
BRH:6
end_of_record
TN:
SF:src/features/resources/store/resourcesSlice.ts
FN:29,(anonymous_0)
FN:32,(anonymous_1)
FN:35,(anonymous_2)
FN:38,(anonymous_3)
FNF:4
FNH:0
FNDA:0,(anonymous_0)
FNDA:0,(anonymous_1)
FNDA:0,(anonymous_2)
FNDA:0,(anonymous_3)
DA:17,1
DA:25,1
DA:30,0
DA:33,0
DA:36,0
DA:39,0
DA:45,1
LF:7
LH:3
BRF:0
BRH:0
end_of_record
TN:
SF:src/features/teams/components/TeamCard.tsx
FN:13,TeamCard
FN:14,(anonymous_1)
FN:20,(anonymous_2)
FNF:3
FNH:0
FNDA:0,TeamCard
FNDA:0,(anonymous_1)
FNDA:0,(anonymous_2)
DA:14,0
DA:15,0
DA:16,0
DA:17,0
DA:20,0
DA:21,0
DA:22,0
DA:23,0
DA:26,0
LF:9
LH:0
BRDA:37,0,0,0
BRDA:37,0,1,0
BRDA:62,1,0,0
BRDA:62,1,1,0
BRDA:65,2,0,0
BRDA:65,2,1,0
BRF:6
BRH:0
end_of_record
TN:
SF:src/features/teams/components/TeamDetailView.tsx
FN:33,TeamDetailView
FN:108,(anonymous_1)
FN:147,TeamInfoCard
FN:185,TeamOnCallCard
FNF:4
FNH:0
FNDA:0,TeamDetailView
FNDA:0,(anonymous_1)
FNDA:0,TeamInfoCard
FNDA:0,TeamOnCallCard
DA:34,0
DA:39,0
DA:40,0
DA:42,0
DA:43,0
DA:46,0
DA:47,0
DA:54,0
DA:55,0
DA:64,0
DA:109,0
DA:148,0
DA:186,0
LF:13
LH:0
BRDA:39,0,0,0
BRDA:39,0,1,0
BRDA:40,1,0,0
BRDA:40,1,1,0
BRDA:42,2,0,0
BRDA:42,2,1,0
BRDA:42,3,0,0
BRDA:42,3,1,0
BRDA:46,4,0,0
BRDA:46,4,1,0
BRDA:49,5,0,0
BRDA:49,5,1,0
BRDA:54,6,0,0
BRDA:54,6,1,0
BRDA:95,7,0,0
BRDA:95,7,1,0
BRDA:98,8,0,0
BRDA:98,8,1,0
BRDA:98,9,0,0
BRDA:98,9,1,0
BRDA:154,10,0,0
BRDA:154,10,1,0
BRDA:163,11,0,0
BRDA:163,11,1,0
BRDA:192,12,0,0
BRDA:192,12,1,0
BRDA:199,13,0,0
BRDA:199,13,1,0
BRDA:203,14,0,0
BRDA:203,14,1,0
BRDA:207,15,0,0
BRDA:207,15,1,0
BRDA:213,16,0,0
BRDA:213,16,1,0
BRF:34
BRH:0
end_of_record
TN:
SF:src/features/teams/components/TeamFormModal.tsx
FN:16,TeamFormModal
FN:25,(anonymous_1)
FN:33,(anonymous_2)
FN:71,(anonymous_3)
FN:86,(anonymous_4)
FN:100,(anonymous_5)
FNF:6
FNH:0
FNDA:0,TeamFormModal
FNDA:0,(anonymous_1)
FNDA:0,(anonymous_2)
FNDA:0,(anonymous_3)
FNDA:0,(anonymous_4)
FNDA:0,(anonymous_5)
DA:17,0
DA:18,0
DA:19,0
DA:20,0
DA:25,0
DA:33,0
DA:34,0
DA:36,0
DA:37,0
DA:38,0
DA:46,0
DA:52,0
DA:58,0
DA:72,0
DA:87,0
DA:101,0
LF:16
LH:0
BRDA:19,0,0,0
BRDA:19,0,1,0
BRDA:20,1,0,0
BRDA:20,1,1,0
BRDA:20,1,2,0
BRDA:26,2,0,0
BRDA:26,2,1,0
BRDA:28,3,0,0
BRDA:28,3,1,0
BRDA:29,4,0,0
BRDA:29,4,1,0
BRDA:37,5,0,0
BRDA:37,5,1,0
BRDA:59,6,0,0
BRDA:59,6,1,0
BRDA:61,7,0,0
BRDA:61,7,1,0
BRDA:117,8,0,0
BRDA:117,8,1,0
BRF:19
BRH:0
end_of_record
TN:
SF:src/features/teams/components/TeamListView.tsx
FN:14,TeamListView
FN:67,(anonymous_1)
FNF:2
FNH:0
FNDA:0,TeamListView
FNDA:0,(anonymous_1)
DA:30,0
DA:32,0
DA:33,0
DA:41,0
DA:68,0
LF:5
LH:0
BRDA:32,0,0,0
BRDA:32,0,1,0
BRDA:35,1,0,0
BRDA:35,1,1,0
BRDA:57,2,0,0
BRDA:57,2,1,0
BRDA:59,3,0,0
BRDA:59,3,1,0
BRDA:81,4,0,0
BRDA:81,4,1,0
BRDA:93,5,0,0
BRDA:93,5,1,0
BRF:12
BRH:0
end_of_record
TN:
SF:src/features/teams/components/TeamMemberRow.tsx
FN:15,TeamMemberRow
FNF:1
FNH:0
FNDA:0,TeamMemberRow
DA:8,0
DA:16,0
LF:2
LH:0
BRDA:21,0,0,0
BRDA:21,0,1,0
BRDA:30,1,0,0
BRDA:30,1,1,0
BRF:4
BRH:0
end_of_record
TN:
SF:src/features/teams/components/TeamsPage.tsx
FN:4,TeamsPage
FN:8,TeamDetailPage
FNF:2
FNH:0
FNDA:0,TeamsPage
FNDA:0,TeamDetailPage
DA:5,0
DA:9,0
LF:2
LH:0
BRF:0
BRH:0
end_of_record
TN:
SF:src/features/teams/hooks/useTeamsDashboard.ts
FN:25,useTeamsDashboard
FN:33,(anonymous_1)
FN:38,(anonymous_2)
FN:43,(anonymous_3)
FN:47,(anonymous_4)
FN:49,(anonymous_5)
FN:67,(anonymous_6)
FNF:7
FNH:0
FNDA:0,useTeamsDashboard
FNDA:0,(anonymous_1)
FNDA:0,(anonymous_2)
FNDA:0,(anonymous_3)
FNDA:0,(anonymous_4)
FNDA:0,(anonymous_5)
FNDA:0,(anonymous_6)
DA:26,0
DA:27,0
DA:29,0
DA:30,0
DA:31,0
DA:33,0
DA:34,0
DA:35,0
DA:38,0
DA:39,0
DA:40,0
DA:43,0
DA:44,0
DA:47,0
DA:48,0
DA:49,0
DA:50,0
DA:54,0
DA:67,0
LF:19
LH:0
BRDA:26,0,0,0
BRDA:48,1,0,0
BRDA:48,1,1,0
BRDA:55,2,0,0
BRDA:55,2,1,0
BRF:5
BRH:0
end_of_record
TN:
SF:src/features/teams/services/teamsApi.ts
FN:22,(anonymous_0)
FN:24,(anonymous_1)
FN:25,(anonymous_2)
FN:26,(anonymous_3)
FN:29,(anonymous_4)
FN:36,(anonymous_5)
FN:37,(anonymous_6)
FN:44,(anonymous_7)
FN:51,(anonymous_8)
FN:52,(anonymous_9)
FN:56,(anonymous_10)
FN:61,(anonymous_11)
FN:62,(anonymous_12)
FN:69,(anonymous_13)
FN:70,(anonymous_14)
FNF:15
FNH:0
FNDA:0,(anonymous_0)
FNDA:0,(anonymous_1)
FNDA:0,(anonymous_2)
FNDA:0,(anonymous_3)
FNDA:0,(anonymous_4)
FNDA:0,(anonymous_5)
FNDA:0,(anonymous_6)
FNDA:0,(anonymous_7)
FNDA:0,(anonymous_8)
FNDA:0,(anonymous_9)
FNDA:0,(anonymous_10)
FNDA:0,(anonymous_11)
FNDA:0,(anonymous_12)
FNDA:0,(anonymous_13)
FNDA:0,(anonymous_14)
DA:21,0
DA:22,0
DA:24,0
DA:25,0
DA:27,0
DA:29,0
DA:36,0
DA:37,0
DA:44,0
DA:51,0
DA:52,0
DA:56,0
DA:61,0
DA:62,0
DA:69,0
DA:70,0
DA:87,0
LF:17
LH:0
BRDA:27,0,0,0
BRDA:27,0,1,0
BRF:2
BRH:0
end_of_record
TN:
SF:src/features/theme/components/ThemeToggle.tsx
FN:22,ThemeToggle
FN:33,(anonymous_1)
FN:42,(anonymous_2)
FNF:3
FNH:0
FNDA:0,ThemeToggle
FNDA:0,(anonymous_1)
FNDA:0,(anonymous_2)
DA:16,1
DA:23,0
DA:24,0
DA:34,0
DA:35,0
DA:36,0
DA:42,0
LF:7
LH:1
BRDA:46,0,0,0
BRDA:46,0,1,0
BRF:2
BRH:0
end_of_record
TN:
SF:src/features/theme/hooks/useTheme.ts
FN:14,useTheme
FN:20,(anonymous_1)
FN:23,(anonymous_2)
FN:31,useThemeEffect
FN:36,(anonymous_4)
FN:42,(anonymous_5)
FN:50,(anonymous_6)
FN:55,(anonymous_7)
FN:57,(anonymous_8)
FNF:9
FNH:0
FNDA:0,useTheme
FNDA:0,(anonymous_1)
FNDA:0,(anonymous_2)
FNDA:0,useThemeEffect
FNDA:0,(anonymous_4)
FNDA:0,(anonymous_5)
FNDA:0,(anonymous_6)
FNDA:0,(anonymous_7)
FNDA:0,(anonymous_8)
DA:15,0
DA:16,0
DA:17,0
DA:19,0
DA:20,0
DA:23,0
DA:25,0
DA:32,0
DA:33,0
DA:34,0
DA:36,0
DA:37,0
DA:38,0
DA:39,0
DA:42,0
DA:43,0
DA:44,0
DA:50,0
DA:51,0
DA:52,0
DA:54,0
DA:55,0
DA:56,0
DA:57,0
LF:24
LH:0
BRDA:51,0,0,0
BRDA:51,0,1,0
BRDA:51,1,0,0
BRDA:51,1,1,0
BRDA:51,1,2,0
BRF:5
BRH:0
end_of_record
TN:
SF:src/features/theme/store/themeSlice.ts
FN:14,readSystemPreference
FN:19,readStoredMode
FN:30,resolve
FN:44,(anonymous_3)
FN:48,(anonymous_4)
FN:54,(anonymous_5)
FN:65,(anonymous_6)
FN:66,(anonymous_7)
FNF:8
FNH:2
FNDA:0,readSystemPreference
FNDA:1,readStoredMode
FNDA:1,resolve
FNDA:0,(anonymous_3)
FNDA:0,(anonymous_4)
FNDA:0,(anonymous_5)
FNDA:0,(anonymous_6)
FNDA:0,(anonymous_7)
DA:12,1
DA:15,0
DA:16,0
DA:20,1
DA:21,1
DA:22,1
DA:23,1
DA:27,1
DA:31,1
DA:34,1
DA:35,1
DA:40,1
DA:45,0
DA:46,0
DA:49,0
DA:50,0
DA:51,0
DA:55,0
DA:56,0
DA:62,1
DA:63,1
DA:65,1
DA:66,1
LF:23
LH:14
BRDA:15,0,0,0
BRDA:15,0,1,0
BRDA:15,1,0,0
BRDA:15,1,1,0
BRDA:16,2,0,0
BRDA:16,2,1,0
BRDA:20,3,0,0
BRDA:20,3,1,1
BRDA:23,4,0,0
BRDA:23,4,1,1
BRDA:23,5,0,1
BRDA:23,5,1,1
BRDA:23,5,2,1
BRDA:31,6,0,0
BRDA:31,6,1,1
BRDA:49,7,0,0
BRDA:49,7,1,0
BRDA:55,8,0,0
BRDA:55,8,1,0
BRF:19
BRH:6
end_of_record
TN:
SF:src/shared/components/feedback/DataEmptyState.tsx
FN:18,DataEmptyState
FNF:1
FNH:0
FNDA:0,DataEmptyState
DA:26,0
LF:1
LH:0
BRDA:23,0,0,0
BRDA:30,1,0,0
BRDA:30,1,1,0
BRDA:36,2,0,0
BRDA:36,2,1,0
BRDA:38,3,0,0
BRDA:38,3,1,0
BRDA:38,4,0,0
BRDA:38,4,1,0
BRDA:42,5,0,0
BRDA:42,5,1,0
BRDA:46,6,0,0
BRDA:46,6,1,0
BRDA:49,7,0,0
BRDA:49,7,1,0
BRDA:54,8,0,0
BRDA:54,8,1,0
BRF:17
BRH:0
end_of_record
TN:
SF:src/shared/components/feedback/ErrorBoundary.tsx
FN:29,(anonymous_0)
FN:33,(anonymous_1)
FN:45,(anonymous_2)
FN:49,(anonymous_3)
FNF:4
FNH:4
FNDA:9,(anonymous_0)
FNDA:4,(anonymous_1)
FNDA:1,(anonymous_2)
FNDA:18,(anonymous_3)
DA:27,9
DA:30,8
DA:34,4
DA:35,4
DA:36,4
DA:37,4
DA:39,0
DA:45,1
DA:46,1
DA:50,18
DA:51,18
DA:53,8
DA:55,4
LF:13
LH:12
BRDA:35,0,0,4
BRDA:35,0,1,0
BRDA:40,1,0,0
BRDA:40,1,1,0
BRDA:51,2,0,10
BRDA:51,2,1,8
BRDA:53,3,0,4
BRDA:53,3,1,4
BRF:8
BRH:5
end_of_record
TN:
SF:src/shared/components/feedback/ErrorState.tsx
FN:16,ErrorState
FNF:1
FNH:0
FNDA:0,ErrorState
DA:23,0
LF:1
LH:0
BRDA:17,0,0,0
BRDA:20,1,0,0
BRDA:25,2,0,0
BRDA:25,2,1,0
BRDA:26,3,0,0
BRDA:26,3,1,0
BRDA:28,4,0,0
BRDA:28,4,1,0
BRF:8
BRH:0
end_of_record
TN:
SF:src/shared/components/feedback/LoadingState.tsx
FN:11,LoadingState
FNF:1
FNH:0
FNDA:0,LoadingState
DA:15,0
LF:1
LH:0
BRDA:12,0,0,0
BRDA:13,1,0,0
BRF:2
BRH:0
end_of_record
TN:
SF:src/shared/components/feedback/PageHeader.tsx
FN:15,PageHeader
FNF:1
FNH:0
FNDA:0,PageHeader
DA:24,0
LF:1
LH:0
BRDA:17,0,0,0
BRDA:21,1,0,0
BRDA:28,2,0,0
BRDA:28,2,1,0
BRDA:31,3,0,0
BRDA:31,3,1,0
BRDA:36,4,0,0
BRDA:36,4,1,0
BRF:8
BRH:0
end_of_record
TN:
SF:src/shared/components/feedback/StatCard.tsx
FN:20,StatCard
FNF:1
FNH:0
FNDA:0,StatCard
DA:30,0
DA:57,0
DA:58,0
DA:61,0
LF:4
LH:0
BRDA:22,0,0,0
BRDA:26,1,0,0
BRDA:30,2,0,0
BRDA:30,2,1,0
BRDA:36,3,0,0
BRDA:36,3,1,0
BRDA:38,4,0,0
BRDA:38,4,1,0
BRDA:43,5,0,0
BRDA:43,5,1,0
BRDA:44,6,0,0
BRDA:44,6,1,0
BRDA:57,7,0,0
BRDA:57,7,1,0
BRF:14
BRH:0
end_of_record
TN:
SF:src/shared/components/ui/Alert.tsx
FN:35,(anonymous_0)
FNF:1
FNH:1
FNDA:4,(anonymous_0)
DA:6,3
DA:20,3
DA:34,3
DA:36,4
DA:37,4
DA:38,4
DA:54,3
LF:7
LH:7
BRDA:36,0,0,4
BRDA:36,0,1,1
BRDA:37,1,0,2
BRDA:37,1,1,2
BRDA:37,2,0,4
BRDA:37,2,1,3
BRDA:47,3,0,1
BRDA:47,3,1,3
BRF:8
BRH:8
end_of_record
TN:
SF:src/shared/components/ui/Badge.tsx
FN:36,(anonymous_0)
FN:66,(anonymous_1)
FNF:2
FNH:2
FNDA:5,(anonymous_0)
FNDA:2,(anonymous_1)
DA:12,3
DA:35,3
DA:37,5
DA:44,3
DA:58,3
DA:65,3
DA:67,2
DA:68,2
DA:70,2
DA:71,1
DA:78,1
DA:100,3
LF:12
LH:12
BRDA:70,0,0,1
BRDA:70,0,1,1
BRF:2
BRH:2
end_of_record
TN:
SF:src/shared/components/ui/Button.tsx
FN:43,(anonymous_0)
FNF:1
FNH:1
FNDA:21,(anonymous_0)
DA:6,5
DA:42,5
DA:44,21
DA:59,5
LF:4
LH:4
BRDA:43,0,0,21
BRDA:48,1,0,21
BRDA:48,1,1,19
BRDA:49,2,0,21
BRDA:49,2,1,18
BRDA:52,3,0,3
BRDA:52,3,1,18
BRF:7
BRH:7
end_of_record
TN:
SF:src/shared/components/ui/Card.tsx
FN:30,(anonymous_0)
FN:41,(anonymous_1)
FN:48,(anonymous_2)
FN:59,(anonymous_3)
FN:66,(anonymous_4)
FN:71,(anonymous_5)
FNF:6
FNH:6
FNDA:5,(anonymous_0)
FNDA:3,(anonymous_1)
FNDA:3,(anonymous_2)
FNDA:1,(anonymous_3)
FNDA:3,(anonymous_4)
FNDA:1,(anonymous_5)
DA:5,3
DA:29,3
DA:31,5
DA:38,3
DA:40,3
DA:42,3
DA:45,3
DA:47,3
DA:49,3
DA:56,3
DA:58,3
DA:60,1
DA:63,3
DA:65,3
DA:66,3
DA:68,3
DA:70,3
DA:72,1
DA:75,3
LF:19
LH:19
BRF:0
BRH:0
end_of_record
TN:
SF:src/shared/components/ui/DriftReportModal.tsx
FN:51,DriftReportModal
FN:120,(anonymous_1)
FN:187,formatValue
FNF:3
FNH:0
FNDA:0,DriftReportModal
FNDA:0,(anonymous_1)
FNDA:0,formatValue
DA:16,2
DA:44,2
DA:52,0
DA:54,0
DA:55,0
DA:57,0
DA:121,0
DA:122,0
DA:124,0
DA:188,0
DA:189,0
DA:190,0
DA:191,0
LF:13
LH:2
BRDA:52,0,0,0
BRDA:52,0,1,0
BRDA:69,1,0,0
BRDA:69,1,1,0
BRDA:104,2,0,0
BRDA:104,2,1,0
BRDA:104,2,2,0
BRDA:161,3,0,0
BRDA:161,3,1,0
BRDA:161,3,2,0
BRDA:168,4,0,0
BRDA:168,4,1,0
BRDA:188,5,0,0
BRDA:188,5,1,0
BRDA:189,6,0,0
BRDA:189,6,1,0
BRDA:190,7,0,0
BRDA:190,7,1,0
BRF:18
BRH:0
end_of_record
TN:
SF:src/shared/components/ui/EmptyState.tsx
FN:13,(anonymous_0)
FNF:1
FNH:1
FNDA:3,(anonymous_0)
DA:12,3
DA:14,3
DA:30,3
LF:3
LH:3
BRDA:20,0,0,3
BRDA:20,0,1,2
BRDA:23,1,0,1
BRDA:23,1,1,2
BRDA:26,2,0,1
BRDA:26,2,1,2
BRF:6
BRH:6
end_of_record
TN:
SF:src/shared/components/ui/ErrorFallback.tsx
FN:16,(anonymous_0)
FNF:1
FNH:1
FNDA:10,(anonymous_0)
DA:15,3
DA:28,10
DA:34,10
DA:65,3
LF:4
LH:4
BRDA:19,0,0,10
BRDA:22,1,0,10
BRDA:28,2,0,1
BRDA:28,2,1,9
BRDA:30,3,0,5
BRDA:30,3,1,4
BRDA:47,4,0,5
BRDA:47,4,1,5
BRDA:50,5,0,6
BRDA:50,5,1,4
BRDA:55,6,0,5
BRDA:55,6,1,5
BRF:12
BRH:12
end_of_record
TN:
SF:src/shared/components/ui/Input.tsx
FN:37,FieldShell
FN:67,(anonymous_1)
FN:99,(anonymous_2)
FN:135,(anonymous_3)
FN:157,(anonymous_4)
FNF:5
FNH:5
FNDA:13,FieldShell
FNDA:5,(anonymous_1)
FNDA:2,(anonymous_2)
FNDA:6,(anonymous_3)
FNDA:2,(anonymous_4)
DA:10,3
DA:38,13
DA:66,3
DA:68,5
DA:69,5
DA:70,5
DA:89,3
DA:98,3
DA:100,2
DA:101,2
DA:102,2
DA:125,3
DA:134,3
DA:139,6
DA:140,6
DA:141,6
DA:158,2
DA:168,3
LF:18
LH:18
BRDA:40,0,0,13
BRDA:40,0,1,0
BRDA:49,1,0,2
BRDA:49,1,1,11
BRDA:50,2,0,2
BRDA:50,2,1,0
BRDA:69,3,0,5
BRDA:69,3,1,4
BRDA:80,4,0,1
BRDA:80,4,1,4
BRDA:81,5,0,1
BRDA:81,5,1,4
BRDA:101,6,0,2
BRDA:101,6,1,2
BRDA:112,7,0,1
BRDA:112,7,1,1
BRDA:113,8,0,1
BRDA:113,8,1,1
BRDA:140,9,0,6
BRDA:140,9,1,2
BRDA:151,10,0,0
BRDA:151,10,1,6
BRDA:152,11,0,0
BRDA:152,11,1,6
BRDA:156,12,0,1
BRDA:156,12,1,5
BRF:26
BRH:22
end_of_record
TN:
SF:src/shared/components/ui/Modal.tsx
FN:56,(anonymous_0)
FN:74,(anonymous_1)
FN:96,(anonymous_2)
FN:105,(anonymous_3)
FN:117,(anonymous_4)
FN:126,(anonymous_5)
FN:139,(anonymous_6)
FN:195,ConfirmModal
FNF:8
FNH:7
FNDA:7,(anonymous_0)
FNDA:0,(anonymous_1)
FNDA:7,(anonymous_2)
FNDA:1,(anonymous_3)
FNDA:6,(anonymous_4)
FNDA:2,(anonymous_5)
FNDA:12,(anonymous_6)
FNDA:3,ConfirmModal
DA:15,3
DA:35,3
DA:55,3
DA:70,7
DA:71,7
DA:72,7
DA:74,7
DA:75,0
DA:76,0
DA:78,0
DA:79,0
DA:80,0
DA:81,0
DA:83,0
DA:84,0
DA:85,0
DA:87,0
DA:88,0
DA:89,0
DA:90,0
DA:91,0
DA:92,0
DA:96,7
DA:97,7
DA:99,6
DA:101,6
DA:102,6
DA:103,7
DA:105,7
DA:106,1
DA:107,1
DA:108,1
DA:110,0
DA:113,7
DA:114,7
DA:115,7
DA:117,7
DA:118,6
DA:119,6
DA:120,6
DA:124,7
DA:126,6
DA:127,2
DA:128,0
DA:133,6
DA:140,12
DA:141,12
DA:142,0
DA:176,7
DA:181,3
DA:206,3
LF:51
LH:33
BRDA:65,0,0,7
BRDA:76,1,0,0
BRDA:76,1,1,0
BRDA:76,2,0,0
BRDA:76,2,1,0
BRDA:79,3,0,0
BRDA:79,3,1,0
BRDA:87,4,0,0
BRDA:87,4,1,0
BRDA:87,5,0,0
BRDA:87,5,1,0
BRDA:90,6,0,0
BRDA:90,6,1,0
BRDA:90,7,0,0
BRDA:90,7,1,0
BRDA:97,8,0,1
BRDA:97,8,1,6
BRDA:106,9,0,1
BRDA:106,9,1,0
BRDA:124,10,0,1
BRDA:124,10,1,6
BRDA:127,11,0,0
BRDA:127,11,1,2
BRDA:127,12,0,2
BRDA:127,12,1,2
BRDA:141,13,0,0
BRDA:141,13,1,12
BRDA:141,14,0,0
BRDA:141,14,1,12
BRDA:147,15,0,1
BRDA:147,15,1,5
BRDA:156,16,0,1
BRDA:156,16,1,5
BRDA:176,17,0,0
BRDA:176,17,1,6
BRDA:201,18,0,3
BRDA:202,19,0,3
BRDA:203,20,0,3
BRDA:204,21,0,3
BRDA:214,22,0,3
BRDA:214,22,1,0
BRF:41
BRH:21
end_of_record
TN:
SF:src/shared/components/ui/Skeleton.tsx
FN:23,(anonymous_0)
FN:39,(anonymous_1)
FN:47,(anonymous_2)
FNF:3
FNH:3
FNDA:4,(anonymous_0)
FNDA:1,(anonymous_1)
FNDA:3,(anonymous_2)
DA:5,3
DA:22,3
DA:24,4
DA:32,3
DA:38,3
DA:40,1
DA:48,3
DA:56,3
LF:8
LH:8
BRDA:39,0,0,1
BRDA:50,1,0,1
BRDA:50,1,1,2
BRF:3
BRH:3
end_of_record
TN:
SF:src/shared/components/ui/Spinner.tsx
FN:32,(anonymous_0)
FN:49,(anonymous_1)
FNF:2
FNH:2
FNDA:2,(anonymous_0)
FNDA:1,(anonymous_1)
DA:6,3
DA:31,3
DA:33,2
DA:42,3
DA:48,3
DA:50,1
DA:62,3
LF:7
LH:7
BRDA:32,0,0,2
BRDA:49,1,0,1
BRF:2
BRH:2
end_of_record
TN:
SF:src/shared/components/ui/Table.tsx
FN:9,(anonymous_0)
FN:18,(anonymous_1)
FN:29,(anonymous_2)
FN:42,(anonymous_3)
FN:58,(anonymous_4)
FN:73,(anonymous_5)
FNF:6
FNH:6
FNDA:3,(anonymous_0)
FNDA:1,(anonymous_1)
FNDA:3,(anonymous_2)
FNDA:4,(anonymous_3)
FNDA:1,(anonymous_4)
FNDA:3,(anonymous_5)
DA:8,3
DA:10,3
DA:15,3
DA:17,3
DA:19,1
DA:26,3
DA:28,3
DA:30,3
DA:37,3
DA:41,3
DA:43,4
DA:55,3
DA:57,3
DA:59,1
DA:70,3
DA:72,3
DA:74,3
DA:77,3
LF:18
LH:18
BRDA:47,0,0,1
BRDA:47,0,1,3
BRF:2
BRH:2
end_of_record
TN:
SF:src/shared/components/ui/Toast.tsx
FN:25,createToastStore
FN:29,publish
FN:30,(anonymous_2)
FN:34,(anonymous_3)
FN:35,(anonymous_4)
FN:37,(anonymous_5)
FN:39,(anonymous_6)
FN:55,(anonymous_7)
FN:56,(anonymous_8)
FN:59,(anonymous_9)
FN:68,emptySnapshot
FN:73,useToasts
FN:77,useToast
FN:79,(anonymous_13)
FN:80,(anonymous_14)
FN:82,(anonymous_15)
FN:84,(anonymous_16)
FN:86,(anonymous_17)
FN:88,(anonymous_18)
FN:89,(anonymous_19)
FN:126,(anonymous_20)
FN:127,(anonymous_21)
FN:129,(anonymous_22)
FN:130,(anonymous_23)
FN:148,(anonymous_24)
FN:160,Toaster
FN:171,(anonymous_26)
FNF:27
FNH:23
FNDA:24,createToastStore
FNDA:163,publish
FNDA:10,(anonymous_2)
FNDA:48,(anonymous_3)
FNDA:4,(anonymous_4)
FNDA:4,(anonymous_5)
FNDA:19,(anonymous_6)
FNDA:3,(anonymous_7)
FNDA:4,(anonymous_8)
FNDA:141,(anonymous_9)
FNDA:0,emptySnapshot
FNDA:10,useToasts
FNDA:1,useToast
FNDA:1,(anonymous_13)
FNDA:1,(anonymous_14)
FNDA:1,(anonymous_15)
FNDA:1,(anonymous_16)
FNDA:1,(anonymous_17)
FNDA:0,(anonymous_18)
FNDA:0,(anonymous_19)
FNDA:3,(anonymous_20)
FNDA:3,(anonymous_21)
FNDA:0,(anonymous_22)
FNDA:3,(anonymous_23)
FNDA:1,(anonymous_24)
FNDA:7,Toaster
FNDA:3,(anonymous_26)
DA:26,24
DA:27,24
DA:30,163
DA:33,24
DA:34,48
DA:36,4
DA:37,4
DA:41,19
DA:44,19
DA:51,19
DA:52,19
DA:53,19
DA:56,4
DA:57,3
DA:60,141
DA:61,141
DA:66,24
DA:69,0
DA:71,24
DA:74,10
DA:78,1
DA:79,1
DA:81,1
DA:83,1
DA:85,1
DA:87,1
DA:88,0
DA:89,0
DA:95,24
DA:113,24
DA:125,24
DA:127,3
DA:128,3
DA:129,3
DA:130,3
DA:133,3
DA:135,3
DA:148,1
DA:158,24
DA:161,7
DA:163,7
DA:166,7
DA:172,3
DA:177,7
LF:44
LH:41
BRDA:41,0,0,19
BRDA:41,0,1,0
BRDA:41,1,0,19
BRDA:41,1,1,19
BRDA:49,2,0,19
BRDA:49,2,1,18
BRDA:87,3,0,1
BRDA:87,3,1,1
BRDA:128,4,0,0
BRDA:128,4,1,3
BRDA:138,5,0,2
BRDA:138,5,1,1
BRDA:138,6,0,3
BRDA:138,6,1,1
BRDA:143,7,0,1
BRDA:143,7,1,2
BRDA:163,8,0,0
BRDA:163,8,1,7
BRF:18
BRH:15
end_of_record
TN:
SF:src/shared/config/routes.ts
FN:11,(anonymous_0)
FN:17,(anonymous_1)
FN:22,(anonymous_2)
FN:27,(anonymous_3)
FN:32,(anonymous_4)
FN:37,(anonymous_5)
FNF:6
FNH:0
FNDA:0,(anonymous_0)
FNDA:0,(anonymous_1)
FNDA:0,(anonymous_2)
FNDA:0,(anonymous_3)
FNDA:0,(anonymous_4)
FNDA:0,(anonymous_5)
DA:5,0
DA:12,0
DA:17,0
DA:22,0
DA:27,0
DA:32,0
DA:38,0
LF:7
LH:0
BRF:0
BRH:0
end_of_record
TN:
SF:src/shared/constants/status.ts
FNF:0
FNH:0
DA:4,3
DA:13,3
DA:20,3
DA:28,3
DA:36,3
DA:43,3
LF:6
LH:6
BRF:0
BRH:0
end_of_record
TN:
SF:src/shared/errors/AppError.ts
FN:39,(anonymous_0)
FN:48,(anonymous_1)
FN:69,(anonymous_2)
FN:76,(anonymous_3)
FN:83,(anonymous_4)
FN:90,(anonymous_5)
FN:97,(anonymous_6)
FN:104,(anonymous_7)
FN:111,(anonymous_8)
FN:117,isFetchBaseQueryError
FN:121,isSerializedError
FN:130,fromFetchBaseQueryError
FN:166,extractBodyMessage
FN:178,extractCorrelationId
FNF:14
FNH:14
FNDA:37,(anonymous_0)
FNDA:30,(anonymous_1)
FNDA:4,(anonymous_2)
FNDA:2,(anonymous_3)
FNDA:2,(anonymous_4)
FNDA:3,(anonymous_5)
FNDA:3,(anonymous_6)
FNDA:4,(anonymous_7)
FNDA:3,(anonymous_8)
FNDA:27,isFetchBaseQueryError
FNDA:14,isSerializedError
FNDA:13,fromFetchBaseQueryError
FNDA:13,extractBodyMessage
FNDA:13,extractCorrelationId
DA:40,37
DA:41,37
DA:42,37
DA:43,37
DA:44,37
DA:45,37
DA:49,28
DA:50,27
DA:51,14
DA:52,12
DA:58,2
DA:59,0
DA:61,2
DA:62,1
DA:64,1
DA:70,4
DA:71,4
DA:77,2
DA:78,2
DA:84,2
DA:85,2
DA:91,3
DA:92,3
DA:98,3
DA:99,3
DA:105,4
DA:106,4
DA:112,3
DA:113,3
DA:118,27
DA:122,14
DA:131,13
DA:132,13
DA:133,13
DA:135,13
DA:136,10
DA:137,10
DA:138,10
DA:139,8
DA:140,7
DA:141,5
DA:142,4
DA:143,3
DA:144,0
DA:147,3
DA:148,1
DA:153,2
DA:154,1
DA:156,1
DA:157,1
DA:163,0
DA:167,13
DA:168,13
DA:169,8
DA:170,7
DA:171,7
DA:172,7
DA:173,1
DA:175,0
DA:179,13
DA:180,13
DA:181,2
DA:182,2
DA:184,11
LF:64
LH:60
BRDA:40,0,0,26
BRDA:40,0,1,11
BRDA:49,1,0,1
BRDA:49,1,1,27
BRDA:50,2,0,13
BRDA:50,2,1,14
BRDA:51,3,0,12
BRDA:51,3,1,2
BRDA:54,4,0,12
BRDA:54,4,1,0
BRDA:58,5,0,0
BRDA:58,5,1,2
BRDA:61,6,0,1
BRDA:61,6,1,1
BRDA:118,7,0,27
BRDA:118,7,1,26
BRDA:118,7,2,26
BRDA:123,8,0,14
BRDA:123,8,1,13
BRDA:123,8,2,13
BRDA:123,8,3,1
BRDA:123,8,4,1
BRDA:123,8,5,12
BRDA:135,9,0,10
BRDA:135,9,1,3
BRDA:136,10,0,10
BRDA:136,10,1,3
BRDA:138,11,0,2
BRDA:138,11,1,8
BRDA:138,12,0,10
BRDA:138,12,1,9
BRDA:139,13,0,1
BRDA:139,13,1,7
BRDA:140,14,0,2
BRDA:140,14,1,5
BRDA:141,15,0,1
BRDA:141,15,1,4
BRDA:142,16,0,1
BRDA:142,16,1,3
BRDA:143,17,0,3
BRDA:143,17,1,0
BRDA:147,18,0,1
BRDA:147,18,1,2
BRDA:153,19,0,1
BRDA:153,19,1,1
BRDA:156,20,0,1
BRDA:156,20,1,0
BRDA:168,21,0,5
BRDA:168,21,1,8
BRDA:169,22,0,1
BRDA:169,22,1,7
BRDA:170,23,0,7
BRDA:170,23,1,0
BRDA:172,24,0,6
BRDA:172,24,1,1
BRDA:173,25,0,1
BRDA:173,25,1,0
BRDA:180,26,0,2
BRDA:180,26,1,11
BRDA:180,27,0,13
BRDA:180,27,1,8
BRDA:180,27,2,7
BRDA:182,28,0,2
BRDA:182,28,1,0
BRF:64
BRH:57
end_of_record
TN:
SF:src/shared/hooks/redux.ts
FNF:0
FNH:0
DA:6,1
DA:7,1
LF:2
LH:2
BRF:0
BRH:0
end_of_record
TN:
SF:src/shared/lib/api/baseApi.ts
FN:34,(anonymous_0)
FNF:1
FNH:1
FNDA:2,(anonymous_0)
DA:9,2
DA:34,2
LF:2
LH:2
BRF:0
BRH:0
end_of_record
TN:
SF:src/shared/lib/api/baseQuery.ts
FN:16,readBaseUrl
FN:30,readAuthToken
FN:39,newCorrelationId
FN:51,redirectToLogin
FN:64,(anonymous_4)
FN:81,(anonymous_5)
FN:126,extractCorrelationId
FNF:7
FNH:6
FNDA:2,readBaseUrl
FNDA:10,readAuthToken
FNDA:10,newCorrelationId
FNDA:0,redirectToLogin
FNDA:10,(anonymous_4)
FNDA:10,(anonymous_5)
FNDA:3,extractCorrelationId
DA:14,2
DA:17,2
DA:18,2
DA:19,2
DA:20,2
DA:24,0
DA:27,2
DA:28,2
DA:31,10
DA:32,10
DA:33,10
DA:35,0
DA:40,10
DA:41,10
DA:42,10
DA:48,0
DA:52,0
DA:53,0
DA:54,0
DA:56,0
DA:57,0
DA:58,0
DA:59,0
DA:62,2
DA:65,10
DA:66,10
DA:67,10
DA:68,10
DA:69,10
DA:81,2
DA:86,10
DA:87,10
DA:89,3
DA:90,3
DA:92,3
DA:93,0
DA:94,0
DA:95,0
DA:100,0
DA:101,0
DA:104,3
DA:105,0
DA:111,0
DA:114,3
DA:115,0
DA:123,3
DA:129,3
DA:130,3
DA:131,3
DA:132,3
DA:133,3
DA:136,0
DA:141,2
LF:53
LH:34
BRDA:20,0,0,2
BRDA:20,0,1,0
BRDA:20,1,0,2
BRDA:20,1,1,2
BRDA:32,2,0,0
BRDA:32,2,1,10
BRDA:41,3,0,10
BRDA:41,3,1,0
BRDA:41,4,0,10
BRDA:41,4,1,10
BRDA:52,5,0,0
BRDA:52,5,1,0
BRDA:56,6,0,0
BRDA:56,6,1,0
BRDA:68,7,0,0
BRDA:68,7,1,10
BRDA:87,8,0,7
BRDA:87,8,1,3
BRDA:92,9,0,0
BRDA:92,9,1,3
BRDA:94,10,0,0
BRDA:94,10,1,0
BRDA:104,11,0,0
BRDA:104,11,1,3
BRDA:114,12,0,0
BRDA:114,12,1,3
BRDA:114,13,0,3
BRDA:114,13,1,3
BRDA:129,14,0,3
BRDA:129,14,1,0
BRDA:129,15,0,3
BRDA:129,15,1,3
BRDA:129,15,2,3
BRDA:131,16,0,3
BRDA:131,16,1,0
BRDA:131,17,0,3
BRDA:131,17,1,3
BRDA:131,17,2,3
BRDA:133,18,0,3
BRDA:133,18,1,0
BRF:40
BRH:24
end_of_record
TN:
SF:src/shared/lib/api/errorMessage.ts
FN:11,errorMessage
FN:26,readFromBody
FNF:2
FNH:2
FNDA:10,errorMessage
FNDA:3,readFromBody
DA:12,10
DA:13,8
DA:14,7
DA:15,3
DA:17,4
DA:18,3
DA:19,2
DA:20,1
DA:21,0
DA:23,1
DA:27,3
DA:28,2
DA:29,2
DA:30,2
DA:31,2
DA:32,1
DA:34,0
LF:17
LH:15
BRDA:12,0,0,2
BRDA:12,0,1,8
BRDA:13,1,0,7
BRDA:13,1,1,1
BRDA:14,2,0,3
BRDA:14,2,1,4
BRDA:15,3,0,3
BRDA:15,3,1,1
BRDA:17,4,0,1
BRDA:17,4,1,3
BRDA:18,5,0,1
BRDA:18,5,1,2
BRDA:19,6,0,1
BRDA:19,6,1,1
BRDA:20,7,0,1
BRDA:20,7,1,0
BRDA:20,8,0,1
BRDA:20,8,1,0
BRDA:23,9,0,1
BRDA:23,9,1,0
BRDA:27,10,0,1
BRDA:27,10,1,2
BRDA:28,11,0,0
BRDA:28,11,1,2
BRDA:29,12,0,2
BRDA:29,12,1,0
BRDA:31,13,0,1
BRDA:31,13,1,1
BRDA:32,14,0,1
BRDA:32,14,1,0
BRF:30
BRH:24
end_of_record
TN:
SF:src/shared/lib/api/normalizers.ts
FN:42,mapHealth
FN:47,normalizeResource
FN:78,normalizeResources
FN:85,unwrapItems
FNF:4
FNH:4
FNDA:16,mapHealth
FNDA:16,normalizeResource
FNDA:5,normalizeResources
FNDA:9,unwrapItems
DA:31,3
DA:43,16
DA:44,0
DA:48,16
DA:49,16
DA:50,16
DA:51,16
DA:53,16
DA:57,16
DA:59,16
DA:79,5
DA:80,5
DA:86,9
DA:87,8
DA:88,5
DA:89,5
DA:91,3
LF:17
LH:16
BRDA:43,0,0,16
BRDA:43,0,1,0
BRDA:43,1,0,16
BRDA:43,1,1,0
BRDA:48,2,0,16
BRDA:48,2,1,6
BRDA:48,2,2,6
BRDA:49,3,0,16
BRDA:49,3,1,0
BRDA:49,3,2,0
BRDA:50,4,0,16
BRDA:50,4,1,15
BRDA:50,4,2,15
BRDA:51,5,0,16
BRDA:51,5,1,15
BRDA:51,5,2,15
BRDA:53,6,0,11
BRDA:53,6,1,5
BRDA:55,7,0,5
BRDA:55,7,1,5
BRDA:57,8,0,9
BRDA:57,8,1,7
BRDA:57,9,0,7
BRDA:57,9,1,6
BRDA:60,10,0,16
BRDA:60,10,1,8
BRDA:63,11,0,16
BRDA:63,11,1,11
BRDA:66,12,0,16
BRDA:66,12,1,16
BRDA:66,12,2,16
BRDA:67,13,0,16
BRDA:67,13,1,16
BRDA:67,13,2,16
BRDA:71,14,0,16
BRDA:71,14,1,16
BRDA:79,15,0,0
BRDA:79,15,1,5
BRDA:86,16,0,1
BRDA:86,16,1,8
BRDA:87,17,0,5
BRDA:87,17,1,3
BRDA:87,18,0,8
BRDA:87,18,1,6
BRDA:87,18,2,6
BRDA:89,19,0,5
BRDA:89,19,1,0
BRF:47
BRH:41
end_of_record
TN:
SF:src/shared/lib/observability/sentry.ts
FN:19,initSentry
FN:37,isSentryInitialized
FN:41,logErrorToService
FN:58,(anonymous_3)
FN:68,_resetSentryForTests
FN:72,getViteEnv
FNF:6
FNH:6
FNDA:5,initSentry
FNDA:2,isSentryInitialized
FNDA:3,logErrorToService
FNDA:1,(anonymous_3)
FNDA:140,_resetSentryForTests
FNDA:6,getViteEnv
DA:17,30
DA:20,5
DA:21,4
DA:22,5
DA:24,3
DA:34,5
DA:38,2
DA:42,3
DA:47,3
DA:56,3
DA:58,1
DA:59,1
DA:60,1
DA:61,1
DA:62,1
DA:63,1
DA:69,140
DA:76,6
DA:77,6
DA:78,6
DA:80,0
LF:21
LH:20
BRDA:19,0,0,5
BRDA:20,1,0,1
BRDA:20,1,1,4
BRDA:21,2,0,4
BRDA:21,2,1,1
BRDA:22,3,0,1
BRDA:22,3,1,4
BRDA:26,4,0,3
BRDA:26,4,1,2
BRDA:26,4,2,0
BRDA:27,5,0,5
BRDA:27,5,1,3
BRDA:28,6,0,5
BRDA:28,6,1,3
BRDA:56,7,0,2
BRDA:56,7,1,1
BRDA:60,8,0,1
BRDA:60,8,1,0
BRDA:61,9,0,1
BRDA:61,9,1,0
BRDA:62,10,0,1
BRDA:62,10,1,0
BRF:22
BRH:18
end_of_record
TN:
SF:src/shared/lib/observability/webVitals.ts
FN:20,reportWebVitals
FN:31,sendToAnalytics
FN:48,(anonymous_2)
FN:54,serializeMetric
FN:66,defaultReporter
FN:67,(anonymous_5)
FN:71,(anonymous_6)
FN:78,getViteEnv
FNF:8
FNH:7
FNDA:1,reportWebVitals
FNDA:3,sendToAnalytics
FNDA:0,(anonymous_2)
FNDA:5,serializeMetric
FNDA:2,defaultReporter
FNDA:1,(anonymous_5)
FNDA:1,(anonymous_6)
FNDA:2,getViteEnv
DA:21,1
DA:22,1
DA:24,1
DA:25,1
DA:26,1
DA:27,1
DA:28,1
DA:32,3
DA:33,3
DA:34,3
DA:36,3
DA:37,3
DA:38,3
DA:39,3
DA:42,1
DA:43,1
DA:55,5
DA:67,2
DA:68,1
DA:71,24
DA:72,1
DA:73,1
DA:75,1
DA:79,2
DA:80,2
DA:81,2
DA:83,0
LF:27
LH:26
BRDA:20,0,0,1
BRDA:21,1,0,1
BRDA:21,1,1,1
BRDA:22,2,0,1
BRDA:22,2,1,0
BRDA:36,3,0,3
BRDA:36,3,1,0
BRDA:36,4,0,3
BRDA:36,4,1,3
BRDA:39,5,0,2
BRDA:39,5,1,1
BRDA:42,6,0,1
BRDA:42,6,1,0
BRDA:67,7,0,1
BRDA:67,7,1,1
BRDA:73,8,0,0
BRDA:73,8,1,1
BRF:17
BRH:13
end_of_record
TN:
SF:src/shared/lib/state/reduxState.ts
FN:20,initialReduxState
FN:24,beginMutation
FN:28,succeedMutation
FN:37,failMutation
FNF:4
FNH:4
FNDA:2,initialReduxState
FNDA:1,beginMutation
FNDA:2,succeedMutation
FNDA:1,failMutation
DA:21,2
DA:25,1
DA:29,2
DA:38,1
LF:4
LH:4
BRDA:30,0,0,2
BRDA:30,0,1,1
BRDA:39,1,0,1
BRDA:39,1,1,0
BRF:4
BRH:3
end_of_record
TN:
SF:src/shared/lib/toasts/bus.ts
FN:22,publishToast
FN:32,composeMessage
FNF:2
FNH:2
FNDA:3,publishToast
FNDA:3,composeMessage
DA:23,3
DA:24,3
DA:36,3
DA:37,3
DA:38,3
DA:39,3
LF:6
LH:6
BRDA:37,0,0,2
BRDA:37,0,1,1
BRDA:38,1,0,1
BRDA:38,1,1,2
BRDA:39,2,0,3
BRDA:39,2,1,1
BRF:6
BRH:6
end_of_record
TN:
SF:src/shared/types/api.ts
FNF:0
FNH:0
LF:0
LH:0
BRF:0
BRH:0
end_of_record
TN:
SF:src/shared/utils/utils.ts
FN:6,cn
FN:10,formatDate
FN:21,formatDateTime
FN:34,formatRelativeTime
FN:52,truncate
FN:57,capitalize
FN:61,pluralize
FNF:7
FNH:7
FNDA:128,cn
FNDA:5,formatDate
FNDA:2,formatDateTime
FNDA:5,formatRelativeTime
FNDA:2,truncate
FNDA:2,capitalize
FNDA:3,pluralize
DA:7,128
DA:11,5
DA:12,3
DA:13,5
DA:14,2
DA:22,2
DA:23,1
DA:24,2
DA:25,1
DA:35,5
DA:36,4
DA:37,5
DA:38,4
DA:39,4
DA:40,4
DA:41,4
DA:42,4
DA:43,4
DA:45,4
DA:46,3
DA:47,2
DA:48,1
DA:49,0
DA:53,2
DA:54,1
DA:58,2
DA:62,3
DA:63,2
LF:28
LH:27
BRDA:11,0,0,2
BRDA:11,0,1,3
BRDA:12,1,0,2
BRDA:12,1,1,1
BRDA:13,2,0,1
BRDA:13,2,1,4
BRDA:22,3,0,1
BRDA:22,3,1,1
BRDA:23,4,0,1
BRDA:23,4,1,0
BRDA:24,5,0,0
BRDA:24,5,1,2
BRDA:35,6,0,1
BRDA:35,6,1,4
BRDA:36,7,0,4
BRDA:36,7,1,0
BRDA:37,8,0,0
BRDA:37,8,1,5
BRDA:45,9,0,1
BRDA:45,9,1,3
BRDA:46,10,0,1
BRDA:46,10,1,2
BRDA:47,11,0,1
BRDA:47,11,1,1
BRDA:48,12,0,1
BRDA:48,12,1,0
BRDA:53,13,0,1
BRDA:53,13,1,1
BRDA:62,14,0,1
BRDA:62,14,1,2
BRDA:63,15,0,2
BRDA:63,15,1,1
BRF:32
BRH:27
end_of_record
